Log file open, 04/13/18 10:42:57
LogWindows: Failed to load 'aqProf.dll' (GetLastError=126)
LogWindows: File 'aqProf.dll' does not exist
LogWindows: Failed to load 'VtuneApi.dll' (GetLastError=126)
LogWindows: File 'VtuneApi.dll' does not exist
LogWindows: Failed to load 'VtuneApi32e.dll' (GetLastError=126)
LogWindows: File 'VtuneApi32e.dll' does not exist
LogInit: Display: Running engine for game: UnknownLegacy_Ok
LogPlatformFile: Not using cached read wrapper
LogInit: Display: RandInit(-1724097539) SRandInit(-1724097539).
LogInit: Read version file with build ID '3709383'
LogInit: Overriding engine version to CL 3832480, compatible CL 3709383
LogInit: Registered custom module enumerator with build ID '3709383'
LogTaskGraph: Started task graph with 5 named threads and 14 total threads with 3 sets of task threads.
LogStats: Stats thread started at 1.195289
LogD3D11RHI: Aftermath initialized
LogModuleManager: Display: Found up-to-date module file ../../../Engine/Plugins/Marketplace/LowEntryExtStdLib/Binaries/Win64/UE4Editor-LowEntryExtendedStandardLibrary.dll (API version 3709383).
LogModuleManager: Display: Found up-to-date module file ../../../Engine/Plugins/Marketplace/LowEntryExtStdLib/Binaries/Win64/UE4Editor-LowEntryExtendedStandardLibraryEditor.dll (API version 3709383).
LogModuleManager: Display: Found up-to-date module file ../../../Engine/Plugins/2D/Paper2D/Binaries/Win64/UE4Editor-Paper2D.dll (API version 3709383).
LogModuleManager: Display: Found up-to-date module file ../../../Engine/Plugins/2D/Paper2D/Binaries/Win64/UE4Editor-Paper2DEditor.dll (API version 3709383).
LogModuleManager: Display: Found up-to-date module file ../../../Engine/Plugins/2D/Paper2D/Binaries/Win64/UE4Editor-PaperSpriteSheetImporter.dll (API version 3709383).
LogModuleManager: Display: Found up-to-date module file ../../../Engine/Plugins/2D/Paper2D/Binaries/Win64/UE4Editor-PaperTiledImporter.dll (API version 3709383).
LogModuleManager: Display: Found up-to-date module file ../../../Engine/Plugins/2D/Paper2D/Binaries/Win64/UE4Editor-SmartSnapping.dll (API version 3709383).
LogModuleManager: Display: Found up-to-date module file ../../../Engine/Plugins/Blendables/LightPropagationVolume/Binaries/Win64/UE4Editor-LightPropagationVolumeRuntime.dll (API version 3709383).
LogModuleManager: Display: Found up-to-date module file ../../../Engine/Plugins/Blendables/LightPropagationVolume/Binaries/Win64/UE4Editor-LightPropagationVolumeEditor.dll (API version 3709383).
LogModuleManager: Display: Found up-to-date module file ../../../Engine/Plugins/Developer/GitSourceControl/Binaries/Win64/UE4Editor-GitSourceControl.dll (API version 3709383).
LogModuleManager: Display: Found up-to-date module file ../../../Engine/Plugins/Developer/PerforceSourceControl/Binaries/Win64/UE4Editor-PerforceSourceControl.dll (API version 3709383).
LogModuleManager: Display: Found up-to-date module file ../../../Engine/Plugins/Developer/SubversionSourceControl/Binaries/Win64/UE4Editor-SubversionSourceControl.dll (API version 3709383).
LogModuleManager: Display: Found up-to-date module file ../../../Engine/Plugins/Developer/UObjectPlugin/Binaries/Win64/UE4Editor-UObjectPlugin.dll (API version 3709383).
LogModuleManager: Display: Found up-to-date module file ../../../Engine/Plugins/Developer/VisualStudioCodeSourceCodeAccess/Binaries/Win64/UE4Editor-VisualStudioCodeSourceCodeAccess.dll (API version 3709383).
LogModuleManager: Display: Found up-to-date module file ../../../Engine/Plugins/Developer/VisualStudioSourceCodeAccess/Binaries/Win64/UE4Editor-VisualStudioSourceCodeAccess.dll (API version 3709383).
LogModuleManager: Display: Found up-to-date module file ../../../Engine/Plugins/Editor/AssetManagerEditor/Binaries/Win64/UE4Editor-AssetManagerEditor.dll (API version 3709383).
LogModuleManager: Display: Found up-to-date module file ../../../Engine/Plugins/Editor/AudioCapture/Binaries/Win64/UE4Editor-AudioCapture.dll (API version 3709383).
LogModuleManager: Display: Found up-to-date module file ../../../Engine/Plugins/Editor/FacialAnimation/Binaries/Win64/UE4Editor-FacialAnimation.dll (API version 3709383).
LogModuleManager: Display: Found up-to-date module file ../../../Engine/Plugins/Editor/FacialAnimation/Binaries/Win64/UE4Editor-FacialAnimationEditor.dll (API version 3709383).
LogModuleManager: Display: Found up-to-date module file ../../../Engine/Plugins/Editor/GameplayTagsEditor/Binaries/Win64/UE4Editor-GameplayTagsEditor.dll (API version 3709383).
LogModuleManager: Display: Found up-to-date module file ../../../Engine/Plugins/Editor/MobileLauncherProfileWizard/Binaries/Win64/UE4Editor-MobileLauncherProfileWizard.dll (API version 3709383).
LogModuleManager: Display: Found up-to-date module file ../../../Engine/Plugins/Editor/PluginBrowser/Binaries/Win64/UE4Editor-PluginBrowser.dll (API version 3709383).
LogModuleManager: Display: Found up-to-date module file ../../../Engine/Plugins/Editor/SpeedTreeImporter/Binaries/Win64/UE4Editor-SpeedTreeImporter.dll (API version 3709383).
LogModuleManager: Display: Found up-to-date module file ../../../Engine/Plugins/Experimental/AlembicImporter/Binaries/Win64/UE4Editor-AlembicImporter.dll (API version 3709383).
LogModuleManager: Display: Found up-to-date module file ../../../Engine/Plugins/Experimental/AlembicImporter/Binaries/Win64/UE4Editor-AlembicLibrary.dll (API version 3709383).
LogModuleManager: Display: Found up-to-date module file ../../../Engine/Plugins/Experimental/CharacterAI/Binaries/Win64/UE4Editor-CharacterAI.dll (API version 3709383).
LogModuleManager: Display: Found up-to-date module file ../../../Engine/Plugins/Experimental/HTML5Networking/Binaries/Win64/UE4Editor-HTML5Networking.dll (API version 3709383).
LogModuleManager: Display: Found up-to-date module file ../../../Engine/Plugins/Media/AndroidMedia/Binaries/Win64/UE4Editor-AndroidMediaEditor.dll (API version 3709383).
LogModuleManager: Display: Found up-to-date module file ../../../Engine/Plugins/Media/AndroidMedia/Binaries/Win64/UE4Editor-AndroidMediaFactory.dll (API version 3709383).
LogModuleManager: Display: Found up-to-date module file ../../../Engine/Plugins/Media/AvfMedia/Binaries/Win64/UE4Editor-AvfMediaEditor.dll (API version 3709383).
LogModuleManager: Display: Found up-to-date module file ../../../Engine/Plugins/Media/AvfMedia/Binaries/Win64/UE4Editor-AvfMediaFactory.dll (API version 3709383).
LogModuleManager: Display: Found up-to-date module file ../../../Engine/Plugins/Media/AvfMedia/Binaries/Win64/UE4Editor-AvfMediaFactory.dll (API version 3709383).
LogModuleManager: Display: Found up-to-date module file ../../../Engine/Plugins/Media/ImgMedia/Binaries/Win64/UE4Editor-ImgMedia.dll (API version 3709383).
LogModuleManager: Display: Found up-to-date module file ../../../Engine/Plugins/Media/ImgMedia/Binaries/Win64/UE4Editor-ImgMediaEditor.dll (API version 3709383).
LogModuleManager: Display: Found up-to-date module file ../../../Engine/Plugins/Media/ImgMedia/Binaries/Win64/UE4Editor-ImgMediaFactory.dll (API version 3709383).
LogModuleManager: Display: Found up-to-date module file ../../../Engine/Plugins/Media/ImgMedia/Binaries/Win64/UE4Editor-ImgMediaFactory.dll (API version 3709383).
LogModuleManager: Display: Found up-to-date module file ../../../Engine/Plugins/Media/ImgMedia/Binaries/Win64/UE4Editor-OpenExrWrapper.dll (API version 3709383).
LogModuleManager: Display: Found up-to-date module file ../../../Engine/Plugins/Media/MediaCompositing/Binaries/Win64/UE4Editor-MediaCompositing.dll (API version 3709383).
LogModuleManager: Display: Found up-to-date module file ../../../Engine/Plugins/Media/MediaCompositing/Binaries/Win64/UE4Editor-MediaCompositingEditor.dll (API version 3709383).
LogModuleManager: Display: Found up-to-date module file ../../../Engine/Plugins/Media/MediaPlayerEditor/Binaries/Win64/UE4Editor-MediaPlayerEditor.dll (API version 3709383).
LogModuleManager: Display: Found up-to-date module file ../../../Engine/Plugins/Media/WmfMedia/Binaries/Win64/UE4Editor-WmfMedia.dll (API version 3709383).
LogModuleManager: Display: Found up-to-date module file ../../../Engine/Plugins/Media/WmfMedia/Binaries/Win64/UE4Editor-WmfMediaEditor.dll (API version 3709383).
LogModuleManager: Display: Found up-to-date module file ../../../Engine/Plugins/Media/WmfMedia/Binaries/Win64/UE4Editor-WmfMediaFactory.dll (API version 3709383).
LogModuleManager: Display: Found up-to-date module file ../../../Engine/Plugins/Media/WmfMedia/Binaries/Win64/UE4Editor-WmfMediaFactory.dll (API version 3709383).
LogModuleManager: Display: Found up-to-date module file ../../../Engine/Plugins/Messaging/TcpMessaging/Binaries/Win64/UE4Editor-TcpMessaging.dll (API version 3709383).
LogModuleManager: Display: Found up-to-date module file ../../../Engine/Plugins/Messaging/UdpMessaging/Binaries/Win64/UE4Editor-UdpMessaging.dll (API version 3709383).
LogModuleManager: Display: Found up-to-date module file ../../../Engine/Plugins/MovieScene/ActorSequence/Binaries/Win64/UE4Editor-ActorSequence.dll (API version 3709383).
LogModuleManager: Display: Found up-to-date module file ../../../Engine/Plugins/MovieScene/LevelSequenceEditor/Binaries/Win64/UE4Editor-LevelSequenceEditor.dll (API version 3709383).
LogModuleManager: Display: Found up-to-date module file ../../../Engine/Plugins/MovieScene/MatineeToLevelSequence/Binaries/Win64/UE4Editor-MatineeToLevelSequence.dll (API version 3709383).
LogModuleManager: Display: Found up-to-date module file ../../../Engine/Plugins/Online/OnlineSubsystem/Binaries/Win64/UE4Editor-OnlineSubsystem.dll (API version 3709383).
LogModuleManager: Display: Found up-to-date module file ../../../Engine/Plugins/Runtime/AndroidPermission/Binaries/Win64/UE4Editor-AndroidPermission.dll (API version 3709383).
LogModuleManager: Display: Found up-to-date module file ../../../Engine/Plugins/Online/OnlineSubsystemNull/Binaries/Win64/UE4Editor-OnlineSubsystemNull.dll (API version 3709383).
LogModuleManager: Display: Found up-to-date module file ../../../Engine/Plugins/Online/OnlineSubsystemUtils/Binaries/Win64/UE4Editor-OnlineSubsystemUtils.dll (API version 3709383).
LogModuleManager: Display: Found up-to-date module file ../../../Engine/Plugins/Online/OnlineSubsystemUtils/Binaries/Win64/UE4Editor-OnlineBlueprintSupport.dll (API version 3709383).
LogModuleManager: Display: Found up-to-date module file ../../../Engine/Plugins/Runtime/AndroidDeviceProfileSelector/Binaries/Win64/UE4Editor-AndroidDeviceProfileSelector.dll (API version 3709383).
LogModuleManager: Display: Found up-to-date module file ../../../Engine/Plugins/Runtime/AppleARKit/Binaries/Win64/UE4Editor-AppleARKit.dll (API version 3709383).
LogModuleManager: Display: Found up-to-date module file ../../../Engine/Plugins/Runtime/ArchVisCharacter/Binaries/Win64/UE4Editor-ArchVisCharacter.dll (API version 3709383).
LogModuleManager: Display: Found up-to-date module file ../../../Engine/Plugins/Runtime/CableComponent/Binaries/Win64/UE4Editor-CableComponent.dll (API version 3709383).
LogModuleManager: Display: Found up-to-date module file ../../../Engine/Plugins/Runtime/CustomMeshComponent/Binaries/Win64/UE4Editor-CustomMeshComponent.dll (API version 3709383).
LogModuleManager: Display: Found up-to-date module file ../../../Engine/Plugins/Runtime/ExampleDeviceProfileSelector/Binaries/Win64/UE4Editor-ExampleDeviceProfileSelector.dll (API version 3709383).
LogModuleManager: Display: Found up-to-date module file ../../../Engine/Plugins/Runtime/ImmediatePhysics/Binaries/Win64/UE4Editor-ImmediatePhysics.dll (API version 3709383).
LogModuleManager: Display: Found up-to-date module file ../../../Engine/Plugins/Runtime/ImmediatePhysics/Binaries/Win64/UE4Editor-ImmediatePhysicsEditor.dll (API version 3709383).
LogModuleManager: Display: Found up-to-date module file ../../../Engine/Plugins/Runtime/LocationServicesBPLibrary/Binaries/Win64/UE4Editor-LocationServicesBPLibrary.dll (API version 3709383).
LogModuleManager: Display: Found up-to-date module file ../../../Engine/Plugins/Runtime/MobilePatchingUtils/Binaries/Win64/UE4Editor-MobilePatchingUtils.dll (API version 3709383).
LogModuleManager: Display: Found up-to-date module file ../../../Engine/Plugins/Runtime/Oculus/OculusVR/Binaries/Win64/UE4Editor-OculusHMD.dll (API version 3709383).
LogModuleManager: Display: Found up-to-date module file ../../../Engine/Plugins/Runtime/Oculus/OculusVR/Binaries/Win64/UE4Editor-OculusInput.dll (API version 3709383).
LogModuleManager: Display: Found up-to-date module file ../../../Engine/Plugins/Runtime/Oculus/OculusVR/Binaries/Win64/UE4Editor-OculusEditor.dll (API version 3709383).
LogModuleManager: Display: Found up-to-date module file ../../../Engine/Plugins/Runtime/PhysXVehicles/Binaries/Win64/UE4Editor-PhysXVehicles.dll (API version 3709383).
LogModuleManager: Display: Found up-to-date module file ../../../Engine/Plugins/Runtime/PhysXVehicles/Binaries/Win64/UE4Editor-PhysXVehiclesEditor.dll (API version 3709383).
LogModuleManager: Display: Found up-to-date module file ../../../Engine/Plugins/Runtime/ProceduralMeshComponent/Binaries/Win64/UE4Editor-ProceduralMeshComponent.dll (API version 3709383).
LogModuleManager: Display: Found up-to-date module file ../../../Engine/Plugins/Runtime/ProceduralMeshComponent/Binaries/Win64/UE4Editor-ProceduralMeshComponentEditor.dll (API version 3709383).
LogModuleManager: Display: Found up-to-date module file ../../../Engine/Plugins/Runtime/RuntimePhysXCooking/Binaries/Win64/UE4Editor-RuntimePhysXCooking.dll (API version 3709383).
LogModuleManager: Display: Found up-to-date module file ../../../Engine/Plugins/Runtime/Steam/SteamVR/Binaries/Win64/UE4Editor-SteamVR.dll (API version 3709383).
LogModuleManager: Display: Found up-to-date module file ../../../Engine/Plugins/Runtime/Steam/SteamVR/Binaries/Win64/UE4Editor-SteamVRController.dll (API version 3709383).
LogModuleManager: Display: Found up-to-date module file ../../../Engine/Plugins/Runtime/WindowsMoviePlayer/Binaries/Win64/UE4Editor-WindowsMoviePlayer.dll (API version 3709383).
LogPluginManager: Mounting plugin Paper2D
LogPluginManager: Mounting plugin LightPropagationVolume
LogPluginManager: Mounting plugin CodeLiteSourceCodeAccess
LogPluginManager: Mounting plugin GitSourceControl
LogPluginManager: Mounting plugin KDevelopSourceCodeAccess
LogPluginManager: Mounting plugin NullSourceCodeAccess
LogPluginManager: Mounting plugin PerforceSourceControl
LogPluginManager: Mounting plugin SubversionSourceControl
LogPluginManager: Mounting plugin UObjectPlugin
LogPluginManager: Mounting plugin VisualStudioCodeSourceCodeAccess
LogPluginManager: Mounting plugin VisualStudioSourceCodeAccess
LogPluginManager: Mounting plugin XCodeSourceCodeAccess
LogPluginManager: Mounting plugin AssetManagerEditor
LogPluginManager: Mounting plugin AudioCapture
LogPluginManager: Mounting plugin FacialAnimation
LogPluginManager: Mounting plugin GameplayTagsEditor
LogPluginManager: Mounting plugin MobileLauncherProfileWizard
LogPluginManager: Mounting plugin PluginBrowser
LogPluginManager: Mounting plugin SpeedTreeImporter
LogPluginManager: Mounting plugin AlembicImporter
LogPluginManager: Mounting plugin CharacterAI
LogPluginManager: Mounting plugin HTML5Networking
LogPluginManager: Mounting plugin LowEntryExtStdLib
LogPluginManager: Mounting plugin AndroidMedia
LogPluginManager: Mounting plugin AvfMedia
LogPluginManager: Mounting plugin ImgMedia
LogPluginManager: Mounting plugin MediaCompositing
LogPluginManager: Mounting plugin MediaPlayerEditor
LogPluginManager: Mounting plugin WmfMedia
LogPluginManager: Mounting plugin TcpMessaging
LogPluginManager: Mounting plugin UdpMessaging
LogPluginManager: Mounting plugin ActorSequence
LogPluginManager: Mounting plugin LevelSequenceEditor
LogPluginManager: Mounting plugin MatineeToLevelSequence
LogPluginManager: Mounting plugin OnlineSubsystemGooglePlay
LogPluginManager: Mounting plugin OnlineSubsystemIOS
LogPluginManager: Mounting plugin OnlineSubsystem
LogPluginManager: Mounting plugin OnlineSubsystemNull
LogPluginManager: Mounting plugin OnlineSubsystemUtils
LogPluginManager: Mounting plugin AndroidDeviceProfileSelector
LogPluginManager: Mounting plugin AndroidMoviePlayer
LogPluginManager: Mounting plugin AndroidPermission
LogPluginManager: Mounting plugin AppleARKit
LogPluginManager: Mounting plugin AppleMoviePlayer
LogPluginManager: Mounting plugin ArchVisCharacter
LogPluginManager: Mounting plugin CableComponent
LogPluginManager: Mounting plugin CustomMeshComponent
LogPluginManager: Mounting plugin ExampleDeviceProfileSelector
LogPluginManager: Mounting plugin GoogleCloudMessaging
LogPluginManager: Mounting plugin ImmediatePhysics
LogPluginManager: Mounting plugin IOSDeviceProfileSelector
LogPluginManager: Mounting plugin LinuxDeviceProfileSelector
LogPluginManager: Mounting plugin LocationServicesBPLibrary
LogPluginManager: Mounting plugin MobilePatchingUtils
LogPluginManager: Mounting plugin OculusVR
LogPluginManager: Plugin shader directory ../../../Engine/Plugins/Runtime/Oculus/OculusVR/Shaders found
LogPluginManager: Mapping shader source directory ../../../Engine/Plugins/Runtime/Oculus/OculusVR/Shaders to virtual directory /Plugin/OculusVR
LogPluginManager: Mounting plugin PhysXVehicles
LogPluginManager: Mounting plugin ProceduralMeshComponent
LogPluginManager: Mounting plugin RuntimePhysXCooking
LogPluginManager: Mounting plugin SteamVR
LogPluginManager: Mounting plugin WindowsMoviePlayer
LogInit: Using libcurl 7.47.1
LogInit:  - built for x86_64-pc-win32
LogInit:  - supports SSL with OpenSSL/1.0.2g
LogInit:  - supports HTTP deflate (compression) using libz 1.2.8
LogInit:  - other features:
LogInit:      CURL_VERSION_SSL
LogInit:      CURL_VERSION_LIBZ
LogInit:      CURL_VERSION_IPV6
LogInit:      CURL_VERSION_ASYNCHDNS
LogInit:      CURL_VERSION_LARGEFILE
LogInit:      CURL_VERSION_IDN
LogInit:  CurlRequestOptions (configurable via config and command line):
LogInit:  - bVerifyPeer = false  - Libcurl will NOT verify peer certificate
LogInit:  - bUseHttpProxy = false  - Libcurl will NOT use HTTP proxy
LogInit:  - bDontReuseConnections = false  - Libcurl will reuse connections
LogInit:  - CertBundlePath = nullptr  - Libcurl will use whatever was configured at build time.
LogInit: Build: ++UE4+Release-4.18-CL-3832480
LogInit: Engine Version: 4.18.3-3832480+++UE4+Release-4.18
LogInit: Compatible Engine Version: 4.18.0-3709383+++UE4+Release-4.18
LogInit: Net CL: 3709383
LogDevObjectVersion: Number of dev versions registered: 16
LogDevObjectVersion:   Dev-Blueprints (B0D832E4-1F89-4F0D-ACCF-7EB736FD4AA2): 10
LogDevObjectVersion:   Dev-Build (E1C64328-A22C-4D53-A36C-8E866417BD8C): 0
LogDevObjectVersion:   Dev-Core (375EC13C-06E4-48FB-B500-84F0262A717E): 2
LogDevObjectVersion:   Dev-Editor (E4B068ED-F494-42E9-A231-DA0B2E46BB41): 20
LogDevObjectVersion:   Dev-Framework (CFFC743F-43B0-4480-9391-14DF171D2073): 30
LogDevObjectVersion:   Dev-Mobile (B02B49B5-BB20-44E9-A304-32B752E40360): 0
LogDevObjectVersion:   Dev-Networking (A4E4105C-59A1-49B5-A7C5-40C4547EDFEE): 0
LogDevObjectVersion:   Dev-Online (39C831C9-5AE6-47DC-9A44-9C173E1C8E7C): 0
LogDevObjectVersion:   Dev-Physics (78F01B33-EBEA-4F98-B9B4-84EACCB95AA2): 0
LogDevObjectVersion:   Dev-Platform (6631380F-2D4D-43E0-8009-CF276956A95A): 0
LogDevObjectVersion:   Dev-Rendering (12F88B9F-8875-4AFC-A67C-D90C383ABD29): 20
LogDevObjectVersion:   Dev-Sequencer (7B5AE74C-D270-4C10-A958-57980B212A5A): 4
LogDevObjectVersion:   Dev-VR (D7296918-1DD6-4BDD-9DE2-64A83CC13884): 0
LogDevObjectVersion:   Dev-LoadTimes (C2A15278-BFE7-4AFE-6C17-90FF531DF755): 1
LogDevObjectVersion:   Private-Geometry (6EACA3D4-40EC-4CC1-B786-8BED09428FC5): 1
LogDevObjectVersion:   Dev-AnimPhys (29E575DD-E0A3-4627-9D10-D276232CDCEA): 12
LogInit: Compiled (64-bit): Jan 12 2018 02:04:55
LogInit: Compiled with Visual C++: 19.00.24215.01
LogInit: Build Configuration: Development
LogInit: Branch Name: ++UE4+Release-4.18
LogInit: Command line:  
LogInit: Base directory: F:/Program Files/Epic Games/UE_4.18/Engine/Binaries/Win64/
LogInit: Installed Engine Build: 1
LogInit: Presizing for max 8388607 objects, including 0 objects not considered by GC, pre-allocating 0 bytes for permanent pool.
LogInit: Object subsystem initialized
[2018.04.13-08.43.16:600][  0]LogInit: Selected Device Profile: [Windows]
[2018.04.13-08.43.16:600][  0]LogInit: Applying CVar settings loaded from the selected device profile: [Windows]
[2018.04.13-08.43.17:178][  0]LogInit: Computer: KPC_V4
[2018.04.13-08.43.17:178][  0]LogInit: User: kilian3008
[2018.04.13-08.43.17:178][  0]LogInit: CPU Page size=4096, Cores=4
[2018.04.13-08.43.17:178][  0]LogInit: High frequency timer resolution =3.906265 MHz
[2018.04.13-08.43.17:224][  0]LogMemory: Memory total: Physical=23.9GB (24GB approx)
[2018.04.13-08.43.17:224][  0]LogMemory: Platform Memory Stats for Windows
[2018.04.13-08.43.17:224][  0]LogMemory: Process Physical Memory: 274.41 MB used, 274.41 MB peak
[2018.04.13-08.43.17:224][  0]LogMemory: Process Virtual Memory: 269.98 MB used, 269.98 MB peak
[2018.04.13-08.43.17:224][  0]LogMemory: Physical Memory: 12357.35 MB used,  12165.20 MB free, 24522.55 MB total
[2018.04.13-08.43.17:224][  0]LogMemory: Virtual Memory: 677.82 MB used,  12165.20 MB free, 134217728.00 MB total
[2018.04.13-08.43.20:733][  0]LogInit: Using OS detected language (fr-FR).
[2018.04.13-08.43.20:734][  0]LogInit: Using OS detected locale (fr-FR).
[2018.04.13-08.43.22:044][  0]LogTextLocalizationManager: No localization for 'fr-FR' exists, so 'en' will be used for the language.
[2018.04.13-08.43.22:045][  0]LogTextLocalizationManager: No localization for 'fr-FR' exists, so 'en' will be used for the locale.
[2018.04.13-08.43.25:516][  0]LogInit: Setting process to per monitor DPI aware
[2018.04.13-08.43.42:979][  0]LogD3D11RHI: D3D11 adapters:
[2018.04.13-08.43.43:059][  0]LogD3D11RHI:    0. 'NVIDIA GeForce GTX 1080' (Feature Level 11_0)
[2018.04.13-08.43.43:059][  0]LogD3D11RHI:       8079/0/12261 MB DedicatedVideo/DedicatedSystem/SharedSystem, Outputs:3, VendorId:0x10de
[2018.04.13-08.43.43:062][  0]LogD3D11RHI:    1. 'Microsoft Basic Render Driver' (Feature Level 11_0)
[2018.04.13-08.43.43:062][  0]LogD3D11RHI:       0/0/12261 MB DedicatedVideo/DedicatedSystem/SharedSystem, Outputs:0, VendorId:0x1414
[2018.04.13-08.43.43:062][  0]LogD3D11RHI: Chosen D3D11 Adapter: 0
[2018.04.13-08.43.43:074][  0]LogD3D11RHI: Creating new Direct3DDevice
[2018.04.13-08.43.43:074][  0]LogD3D11RHI:     GPU DeviceId: 0x1b80 (for the marketing name, search the web for "GPU Device Id")
[2018.04.13-08.43.43:074][  0]LogWindows: EnumDisplayDevices:
[2018.04.13-08.43.43:074][  0]LogWindows:    0. 'NVIDIA GeForce GTX 1080' (P:1 D:1)
[2018.04.13-08.43.43:098][  0]LogWindows:    1. 'NVIDIA GeForce GTX 1080' (P:0 D:1)
[2018.04.13-08.43.43:098][  0]LogWindows:    2. 'NVIDIA GeForce GTX 1080' (P:0 D:1)
[2018.04.13-08.43.43:098][  0]LogWindows:    3. 'NVIDIA GeForce GTX 1080' (P:0 D:0)
[2018.04.13-08.43.43:098][  0]LogWindows: DebugString: GetVideoDriverDetailsInvalid PrimaryIsNotTheChoosenAdapter GetVideoDriverDetailsInvalid PrimaryIsNotTheChoosenAdapter GetVideoDriverDetailsInvalid PrimaryIsNotTheChoosenAdapter GetVideoDriverDetailsInvalid PrimaryIsNotTheChoosenAdapter FoundDriverCount:0 
[2018.04.13-08.43.43:098][  0]LogD3D11RHI:     Adapter Name: NVIDIA GeForce GTX 1080
[2018.04.13-08.43.43:098][  0]LogD3D11RHI:   Driver Version: Unknown (internal:Unknown, unified:Unknown)
[2018.04.13-08.43.43:098][  0]LogD3D11RHI:      Driver Date: Unknown
[2018.04.13-08.43.43:098][  0]LogRHI: Texture pool is 5655 MB (70% of 8079 MB)
[2018.04.13-08.43.43:137][  0]LogD3D11RHI: Async texture creation enabled
[2018.04.13-08.43.45:007][  0]LogD3D11RHI: GPU Timing Frequency: 1000.000000 (Debug: 2 2)
[2018.04.13-08.43.45:366][  0]LogShaderCompilers: Guid format shader working directory is 13 characters bigger than the processId version (../../../../../../UE/UnknownLegacy_Ok/Intermediate/Shaders/WorkingDirectory/15932/).
[2018.04.13-08.43.45:367][  0]LogShaderCompilers: Cleaned the shader compiler working directory 'C:/Users/kilian3008/AppData/Local/Temp/UnrealShaderWorkingDir/6BD54B544F855F73D49F6E839BB2F016/'.
[2018.04.13-08.43.45:453][  0]LogShaderCompilers: Display: Using Local Shader Compiler.
[2018.04.13-08.44.00:599][  0]LogTemp: Display: Loaded TP AllDesktopTargetPlatform
[2018.04.13-08.44.00:646][  0]LogTemp: Display: Loaded TP MacClientTargetPlatform
[2018.04.13-08.44.00:701][  0]LogTemp: Display: Loaded TP MacNoEditorTargetPlatform
[2018.04.13-08.44.00:751][  0]LogTemp: Display: Loaded TP MacServerTargetPlatform
[2018.04.13-08.44.01:100][  0]LogTemp: Display: Loaded TP MacTargetPlatform
[2018.04.13-08.44.01:200][  0]LogTemp: Display: Loaded TP WindowsClientTargetPlatform
[2018.04.13-08.44.01:283][  0]LogTemp: Display: Loaded TP WindowsNoEditorTargetPlatform
[2018.04.13-08.44.01:346][  0]LogTemp: Display: Loaded TP WindowsServerTargetPlatform
[2018.04.13-08.44.01:535][  0]LogTemp: Display: Loaded TP WindowsTargetPlatform
[2018.04.13-08.44.01:651][  0]LogTemp: Display: Loaded TP Android_ASTCTargetPlatform
[2018.04.13-08.44.01:845][  0]LogTemp: Display: Loaded TP Android_ATCTargetPlatform
[2018.04.13-08.44.02:095][  0]LogTemp: Display: Loaded TP Android_DXTTargetPlatform
[2018.04.13-08.44.02:283][  0]LogTemp: Display: Loaded TP Android_ETC1TargetPlatform
[2018.04.13-08.44.02:441][  0]LogTemp: Display: Loaded TP Android_ETC2TargetPlatform
[2018.04.13-08.44.02:708][  0]LogTemp: Display: Loaded TP Android_MultiTargetPlatform
[2018.04.13-08.44.02:708][  0]LogTemp: Display: Loaded TP Android_PVRTCTargetPlatform
[2018.04.13-08.44.02:934][  0]LogTemp: Display: Loaded TP AndroidTargetPlatform
[2018.04.13-08.44.03:045][  0]LogTemp: Display: Loaded TP HTML5TargetPlatform
[2018.04.13-08.44.03:754][  0]LogTemp: Display: Loaded TP IOSTargetPlatform
[2018.04.13-08.44.03:787][  0]LogTemp: Display: Loaded TP TVOSTargetPlatform
[2018.04.13-08.44.03:873][  0]LogTemp: Display: Loaded TP LinuxClientTargetPlatform
[2018.04.13-08.44.03:971][  0]LogTemp: Display: Loaded TP LinuxNoEditorTargetPlatform
[2018.04.13-08.44.04:079][  0]LogTemp: Display: Loaded TP LinuxServerTargetPlatform
[2018.04.13-08.44.04:252][  0]LogTemp: Display: Loaded TP LinuxTargetPlatform
[2018.04.13-08.44.04:252][  0]LogTargetPlatformManager: Display: Building Assets For Windows
[2018.04.13-08.44.08:137][  0]LogDerivedDataCache: Display: Max Cache Size: 512 MB
[2018.04.13-08.44.08:357][  0]LogDerivedDataCache: Loaded boot cache 0.22s 79MB C:/Users/kilian3008/AppData/Local/UnrealEngine/4.18/DerivedDataCache/Boot.ddc.
[2018.04.13-08.44.08:357][  0]LogDerivedDataCache: Display: Loaded Boot cache: C:/Users/kilian3008/AppData/Local/UnrealEngine/4.18/DerivedDataCache/Boot.ddc
[2018.04.13-08.44.08:357][  0]LogDerivedDataCache: FDerivedDataBackendGraph:  Pak pak cache file ../../../../../../UE/UnknownLegacy_Ok/DerivedDataCache/DDC.ddp not found, will not use a pak cache.
[2018.04.13-08.44.08:357][  0]LogDerivedDataCache: Unable to find inner node Pak for hierarchical cache Hierarchy.
[2018.04.13-08.44.08:357][  0]LogDerivedDataCache: FDerivedDataBackendGraph:  CompressedPak pak cache file ../../../../../../UE/UnknownLegacy_Ok/DerivedDataCache/Compressed.ddp not found, will not use a pak cache.
[2018.04.13-08.44.08:357][  0]LogDerivedDataCache: Unable to find inner node CompressedPak for hierarchical cache Hierarchy.
[2018.04.13-08.44.08:662][  0]LogDerivedDataCache: Display: Pak cache opened for reading ../../../Engine/DerivedDataCache/Compressed.ddp.
[2018.04.13-08.44.08:765][  0]LogDerivedDataCache: Using Local data cache path C:/Users/kilian3008/AppData/Local/UnrealEngine/Common/DerivedDataCache: Writable
[2018.04.13-08.44.09:024][  0]LogMaterial: Verifying Global Shaders for PCD3D_SM5
[2018.04.13-08.44.09:440][  0]LogSlate: Using Freetype 2.6.0
[2018.04.13-08.44.10:025][  0]LogSlate: SlateFontCache - WITH_FREETYPE: 1, WITH_HARFBUZZ: 1
[2018.04.13-08.44.10:034][  0]LogSlate: SlateFontCache - WITH_FREETYPE: 1, WITH_HARFBUZZ: 1
[2018.04.13-08.44.35:840][  0]LogInit: Selected Device Profile: [Windows]
[2018.04.13-08.44.41:658][  0]LogSimplygon: Simplygon DLL not present - disabling.
[2018.04.13-08.44.41:752][  0]LogMeshReduction: Using SimplygonSwarm for distributed automatic mesh merging
[2018.04.13-08.44.41:753][  0]LogMeshReduction: Using QuadricMeshReduction for automatic static mesh reduction
[2018.04.13-08.44.41:753][  0]LogMeshReduction: No automatic skeletal mesh reduction module available
[2018.04.13-08.44.41:753][  0]LogMeshReduction: No automatic mesh merging module available
[2018.04.13-08.44.41:753][  0]LogMeshMerging: No automatic mesh merging module available
[2018.04.13-08.44.42:762][  0]LogNetVersion: UnknownLegacy_Ok , NetCL: 3709383, EngineNetVer: 2, GameNetVer: 0 (Checksum: 1015185601)
[2018.04.13-08.44.48:813][  0]LogAssetRegistry: FAssetRegistry took 0.2906 seconds to start up
[2018.04.13-08.45.10:161][  0]LogPackageLocalizationCache: Processed 8 localized package path(s) for 1 prioritized culture(s) in 0.649764 seconds
[2018.04.13-08.45.10:606][  0]LogUObjectArray: 35870 objects as part of root set at end of initial load.
[2018.04.13-08.45.10:608][  0]LogUObjectAllocator: 7363704 out of 0 bytes used by permanent object pool.
[2018.04.13-08.45.10:608][  0]LogUObjectArray: CloseDisregardForGC: 0/0 objects in disregard for GC pool
[2018.04.13-08.45.10:809][  0]LogInit: WinSock: version 1.1 (2.2), MaxSocks=32767, MaxUdp=65467
[2018.04.13-08.46.20:549][  0]LogTcpMessaging: Initializing TcpMessaging bridge
[2018.04.13-08.46.20:932][  0]LogUdpMessaging: Initializing bridge on interface 0.0.0.0:0 to multicast group 230.0.0.1:6666.
[2018.04.13-08.46.27:101][  0]LogMaterial: Uniform references updated for custom material expression Custom.
[2018.04.13-08.46.30:480][  0]SourceControl: Source control is disabled
[2018.04.13-08.46.30:483][  0]SourceControl: Source control is disabled
[2018.04.13-08.46.31:255][  0]SourceControl: Source control is disabled
[2018.04.13-08.46.31:338][  0]SourceControl: Source control is disabled
[2018.04.13-08.46.36:687][  0]LogAndroidPermission: UAndroidPermissionCallbackProxy::GetInstance
[2018.04.13-08.46.37:416][  0]LogOcInput: OculusInput pre-init called
[2018.04.13-08.46.42:747][  0]LogEngine: Initializing Engine...
[2018.04.13-08.46.43:304][  0]LogHMD: Failed to initialize OpenVR with code 110
[2018.04.13-08.46.46:208][  0]LogStats: UGameplayTagsManager::ConstructGameplayTagTree: Construct from data asset -  0.000 s
[2018.04.13-08.46.46:217][  0]LogStats: UGameplayTagsManager::ConstructGameplayTagTree: GameplayTagTreeChangedEvent.Broadcast -  0.000 s
[2018.04.13-08.46.48:580][  0]LogAIModule: Creating AISystem for world Untitled
[2018.04.13-08.46.49:169][  0]LogInit: XAudio2 using 'Haut-parleurs (Logitech G933 Gaming Headset)' : 6 channels at 48 kHz using 16 bits per sample (channel mask 0x3f)
[2018.04.13-08.46.49:230][  0]LogInit: FAudioDevice initialized.
[2018.04.13-08.46.49:779][  0]LogDerivedDataCache: Saved boot cache 0.49s 79MB C:/Users/kilian3008/AppData/Local/UnrealEngine/4.18/DerivedDataCache/Boot.ddc.
[2018.04.13-08.46.50:096][  0]LogInit: Texture streaming: Enabled
[2018.04.13-08.46.51:292][  0]LogEngineSessionManager: EngineSessionManager initialized
[2018.04.13-08.46.51:986][  0]LogInit: Transaction tracking system initialized
[2018.04.13-08.46.53:838][  0]BlueprintLog: New page: Editor Load
[2018.04.13-08.47.03:236][  0]LocalizationService: Localization service is disabled
[2018.04.13-08.47.07:499][  0]LogConsoleResponse: Display: 
[2018.04.13-08.47.13:271][  0]LogFileCache: Scanning file cache for directory 'F:/UE/UnknownLegacy_Ok/Content/' took 0.08s
[2018.04.13-08.47.13:271][  0]LogCook: Display: Max memory allowance for cook 16384mb min free memory 0mb
[2018.04.13-08.47.13:280][  0]LogCook: Display: Mobile HDR setting 1
[2018.04.13-08.47.13:305][  0]LogGameplayTags: Display: UGameplayTagsManager::DoneAddingNativeTags. DelegateIsBound: 0
[2018.04.13-08.47.22:501][  0]SourceControl: Source control is disabled
[2018.04.13-08.47.22:572][  0]Cmd: MAP LOAD FILE="../../../../../../UE/UnknownLegacy_Ok/Content/FirstPersonBP/Maps/FirstPersonExampleMap.umap" TEMPLATE=0 SHOWPROGRESS=1 FEATURELEVEL=3
[2018.04.13-08.47.22:581][  0]LogEditorServer: Warning: Can't find file '../../../../../../UE/UnknownLegacy_Ok/Content/FirstPersonBP/Maps/FirstPersonExampleMap.umap'
[2018.04.13-08.47.22:600][  0]Cmd: MAP CHECKDEP NOCLEARLOG
[2018.04.13-08.47.22:738][  0]MapCheck: Map check complete: 0 Error(s), 0 Warning(s), took 137.618ms to complete.
[2018.04.13-08.47.22:738][  0]LogFileHelpers: Loading map 'FirstPersonExampleMap' took 0.192
[2018.04.13-08.47.33:254][  0]LogCollectionManager: Loaded 0 collections in 0.001339 seconds
[2018.04.13-08.47.33:715][  0]LogFileCache: Scanning file cache for directory 'F:/UE/UnknownLegacy_Ok/Saved/Collections/' took 0.01s
[2018.04.13-08.47.33:715][  0]LogFileCache: Scanning file cache for directory 'F:/UE/UnknownLegacy_Ok/Content/Developers/kilian3008/Collections/' took 0.01s
[2018.04.13-08.47.33:715][  0]LogFileCache: Scanning file cache for directory 'F:/UE/UnknownLegacy_Ok/Content/Collections/' took 0.01s
[2018.04.13-08.47.33:715][  0]LogCollectionManager: Rebuilt the GUID cache for 0 collections in 0.000000 seconds
[2018.04.13-08.47.33:775][  0]LogContentBrowser: Native class hierarchy populated in 0.0278 seconds. Added 2388 classes and 528 folders.
[2018.04.13-08.47.34:298][  0]LogContentBrowser: Native class hierarchy updated for 'WidgetCarousel' in 0.0002 seconds. Added 0 classes and 0 folders.
[2018.04.13-08.47.40:060][  0]LogContentBrowser: Native class hierarchy updated for 'AddContentDialog' in 0.0002 seconds. Added 0 classes and 0 folders.
[2018.04.13-08.47.40:610][  0]LogContentBrowser: Native class hierarchy updated for 'SceneOutliner' in 0.0002 seconds. Added 1 classes and 2 folders.
[2018.04.13-08.47.47:589][  0]LogSlate: Took 0.009823 seconds to synchronously load lazily loaded font '../../../Engine/Content/Slate/Fonts/Roboto-Regular.ttf' (155K)
[2018.04.13-08.47.47:624][  0]LogSlate: Took 0.010470 seconds to synchronously load lazily loaded font '../../../Engine/Content/Slate/Fonts/Roboto-Bold.ttf' (160K)
[2018.04.13-08.47.48:253][  0]LogSlate: Took 0.071102 seconds to synchronously load lazily loaded font '../../../Engine/Content/Editor/Slate/Fonts/FontAwesome.ttf' (139K)
[2018.04.13-08.47.54:060][  0]LogRenderer: Reallocating scene render targets to support 1192x660 Format 10 NumSamples 1 (Frame:1).
[2018.04.13-08.48.00:753][  0]LogContentBrowser: Native class hierarchy updated for 'HierarchicalLODOutliner' in 0.0004 seconds. Added 1 classes and 2 folders.
[2018.04.13-08.48.00:753][  0]LogLoad: (Engine Initialization) Total time: 347.93 seconds
[2018.04.13-08.48.00:753][  0]LogLoad: (Engine Initialization) Total Blueprint compile time: 0.00 seconds
[2018.04.13-08.48.00:780][  0]LogExternalProfiler: Found external profiler: VSPerf
[2018.04.13-08.48.00:780][  0]LogExternalProfiler: Using external profiler: VSPerf
[2018.04.13-08.48.02:155][  0]LogContentStreaming: Texture pool size now 1000 MB
[2018.04.13-08.48.05:396][  2]LogSlate: Took 0.128051 seconds to synchronously load lazily loaded font '../../../Engine/Content/Slate/Fonts/Roboto-Light.ttf' (159K)
[2018.04.13-08.48.05:765][  3]LogAssetRegistry: Asset discovery search completed in 197.0576 seconds
[2018.04.13-08.48.05:957][  3]LogCollectionManager: Rebuilt the object cache for 0 collections in 0.000001 seconds (found 0 objects)
[2018.04.13-08.48.06:124][  3]LogCollectionManager: Fixed up redirectors for 0 collections in 0.107535 seconds (updated 0 objects)
[2018.04.13-08.48.08:102][  7]LogSlate: Took 0.000222 seconds to synchronously load lazily loaded font '../../../Engine/Content/Slate/Fonts/Roboto-Light.ttf' (159K)
[2018.04.13-09.11.10:604][151]LogSlate: Took 0.017441 seconds to synchronously load lazily loaded font '../../../Engine/Content/Slate/Fonts/Roboto-Light.ttf' (159K)
[2018.04.13-09.11.12:168][151]LogContentBrowser: Native class hierarchy updated for 'MaterialEditor' in 0.0138 seconds. Added 1 classes and 0 folders.
[2018.04.13-09.11.12:220][151]LogMaterial: Missing cached shader map for material M_Projectile, compiling. 
[2018.04.13-09.11.16:838][151]LogMaterial: Missing cached shader map for material M_Projectile, compiling. 
[2018.04.13-09.11.16:960][151]LogMaterial: Missing cached shader map for material M_Projectile, compiling. 
[2018.04.13-09.11.17:016][151]LogMaterial: Missing cached shader map for material FMatExpressionPreview MaterialExpressionConstant3Vector_0, compiling. 
[2018.04.13-09.11.18:181][151]LogBlueprint: Warning: [Compiler Parent] Get : 'GunOffset' variable not found. Base class was probably changed. /Game/UnknownLegacy/Characters/Parent.Parent
[2018.04.13-09.11.18:223][151]LogBlueprint: Warning: [Compiler Parent] Could not find a variable named "GunOffset" in 'Parent_C'.
Make sure 'Parent_C' has been compiled for  Get GunOffset
[2018.04.13-09.11.18:225][151]LogBlueprint: Error: [Compiler Parent] This blueprint (self) is not a ProjectileMovementComponent, therefore ' Target ' must have a connection.
[2018.04.13-09.11.18:238][151]LogBlueprint: Error: [Compiler Parent] The property associated with  Gun Offset  could not be found
[2018.04.13-09.11.18:254][151]LogBlueprint: Warning: [Compiler Parent] [1745.43] Compile of Parent failed. 2 Fatal Issue(s) 2 Warning(s) [in 89 ms] (/Game/UnknownLegacy/Characters/Parent.Parent)
[2018.04.13-09.11.19:111][151]LogLinker: Warning: Asset '../../../Engine/Plugins/Marketplace/LowEntryExtStdLib/Content/Blueprints/LowEntryExtendedStandardLibraryMacros.uasset' has been saved with empty engine version. The asset will be loaded but may be incompatible.
[2018.04.13-09.11.19:176][151]LogSlate: Took 0.013579 seconds to synchronously load lazily loaded font '../../../Engine/Content/Slate/Fonts/Roboto-Regular.ttf' (155K)
[2018.04.13-09.11.19:319][151]LogContentBrowser: Native class hierarchy updated for 'BlueprintGraph' in 0.0006 seconds. Added 116 classes and 0 folders.
[2018.04.13-09.11.22:247][151]LogContentBrowser: Native class hierarchy updated for 'SkeletonEditor' in 0.0002 seconds. Added 1 classes and 2 folders.
[2018.04.13-09.11.22:439][151]LogActorComponent: RegisterComponentWithWorld: (/Engine/Transient.World_4:PersistentLevel.Actor_0.DebugSkelMeshComponent_0) Already registered. Aborting.
[2018.04.13-09.11.22:732][151]LogSkeletalMesh: USkeletalMeshComponent::InitArticulated : Bodies already created (/Engine/Transient.World_4:PersistentLevel.Actor_0.DebugSkelMeshComponent_0) - call TermArticulated first.
[2018.04.13-09.11.24:358][151]MaterialEditorStats: Base pass shader: 48 instructions
[2018.04.13-09.11.24:358][151]MaterialEditorStats: Base pass shader with Volumetric Lightmap: 69 instructions
[2018.04.13-09.11.24:358][151]MaterialEditorStats: Vertex shader: 122 instructions
[2018.04.13-09.11.24:358][151]MaterialEditorStats: Texture samplers: 3/16
[2018.04.13-09.11.24:709][151]LogSlate: Took 0.018105 seconds to synchronously load lazily loaded font '../../../Engine/Content/Editor/Slate/Fonts/Roboto-BoldCondensed.ttf' (158K)
[2018.04.13-09.11.25:287][152]LogScript: Warning: Accessed None trying to read property CallFunc_TryGetPawnOwner_ReturnValue
	Testing_AnimBP_C /Engine/Transient.World_8:PersistentLevel.SkeletalMeshActor_2.SkeletalMeshComponent0.Testing_AnimBP_C_1
	Function /Game/UnknownLegacy/Characters/Testing/Animations/Testing_AnimBP.Testing_AnimBP_C:ExecuteUbergraph_Testing_AnimBP:006B
[2018.04.13-09.11.44:847][335]LogLinker: Warning: Can't find file '/Game/FirstPerson/Textures/FirstPersonCrosshair'
[2018.04.13-09.11.44:858][335]LogLinker: Warning: Can't find file for asset '/Game/FirstPerson/Textures/FirstPersonCrosshair' while loading ../../../../../../UE/UnknownLegacy_Ok/Content/OLD/FirstPersonBP/Blueprints/FirstPersonHUD.uasset.
[2018.04.13-09.11.44:858][335]LoadErrors: Error: /Game/OLD/FirstPersonBP/Blueprints/FirstPersonHUD : Can't find file for asset. /Game/FirstPerson/Textures/FirstPersonCrosshair
[2018.04.13-09.11.44:859][335]LogLinker: Warning: Can't find file '/Game/FirstPerson/Textures/FirstPersonCrosshair'
[2018.04.13-09.11.44:859][335]LogLinker: Warning: Can't find file for asset '/Game/FirstPerson/Textures/FirstPersonCrosshair' while loading ../../../../../../UE/UnknownLegacy_Ok/Content/OLD/FirstPersonBP/Blueprints/FirstPersonHUD.uasset.
[2018.04.13-09.11.44:860][335]LogLinker: Warning: Can't find file '/Game/FirstPerson/Textures/FirstPersonCrosshair'
[2018.04.13-09.11.44:860][335]LogLinker: Warning: Can't find file for asset '/Game/FirstPerson/Textures/FirstPersonCrosshair' while loading ../../../../../../UE/UnknownLegacy_Ok/Content/OLD/FirstPersonBP/Blueprints/FirstPersonGameMode.uasset.
[2018.04.13-09.11.44:860][335]LoadErrors: Error: /Game/OLD/FirstPersonBP/Blueprints/FirstPersonGameMode : Can't find file for asset. /Game/FirstPerson/Textures/FirstPersonCrosshair
[2018.04.13-09.11.44:860][335]LogLinker: Warning: Can't find file '/Game/FirstPerson/Textures/FirstPersonCrosshair'
[2018.04.13-09.11.44:860][335]LogLinker: Warning: Can't find file for asset '/Game/FirstPerson/Textures/FirstPersonCrosshair' while loading ../../../../../../UE/UnknownLegacy_Ok/Content/OLD/FirstPersonBP/Blueprints/FirstPersonGameMode.uasset.
[2018.04.13-09.11.44:861][335]LogLinker: Warning: Can't find file '/Game/FirstPerson/Textures/FirstPersonCrosshair'
[2018.04.13-09.11.44:861][335]LoadErrors: Failed to load /Game/FirstPerson/Textures/FirstPersonCrosshair.FirstPersonCrosshair Referenced by K2Node_CallFunction_12988
[2018.04.13-09.11.44:861][335]LogLinker: Warning: Can't find file for asset '/Game/FirstPerson/Textures/FirstPersonCrosshair' while loading ../../../../../../UE/UnknownLegacy_Ok/Content/OLD/FirstPersonBP/Blueprints/FirstPersonGameMode.uasset.
[2018.04.13-09.11.45:083][335]LogAIModule: Creating AISystem for world BaseLevel
[2018.04.13-09.11.45:746][335]Cmd: MAP LOAD FILE="../../../../../../UE/UnknownLegacy_Ok/Content/UnknownLegacy/Levels/BaseLevel/BaseLevel.umap" TEMPLATE=0 SHOWPROGRESS=1 FEATURELEVEL=3
[2018.04.13-09.11.45:746][335]LightingResults: New page: Lighting Build
[2018.04.13-09.11.45:798][335]LogContentBrowser: Native class hierarchy updated for 'StatsViewer' in 0.0002 seconds. Added 5 classes and 0 folders.
[2018.04.13-09.11.45:799][335]LoadErrors: New page: Loading map: BaseLevel.umap
[2018.04.13-09.11.45:884][335]MapCheck: New page: Map Check
[2018.04.13-09.11.45:884][335]LightingResults: New page: Lighting Build
[2018.04.13-09.11.46:430][335]LogEditorServer: Finished looking for orphan Actors (0.000 secs)
[2018.04.13-09.11.46:591][335]Cmd: MAP CHECKDEP NOCLEARLOG
[2018.04.13-09.11.47:017][335]MapCheck: Map check complete: 0 Error(s), 0 Warning(s), took 425.579ms to complete.
[2018.04.13-09.11.47:029][335]LogFileHelpers: Loading map 'BaseLevel' took 1.358
[2018.04.13-09.11.52:896][763]EditorErrors: New page: Actor attachment
[2018.04.13-09.21.45:189][817]LogSavePackage: Save=95.26ms
[2018.04.13-09.21.45:189][817]LogSavePackage: Moving '../../../../../../UE/UnknownLegacy_Ok/Saved/BaseLevel_Auto140FA854C44EBB13DD18542A0D427761E.tmp' to '../../../../../../UE/UnknownLegacy_Ok/Saved/Autosaves/Game/UnknownLegacy/Levels/BaseLevel/BaseLevel_Auto1.umap'
[2018.04.13-09.21.45:210][817]LogSavePackage: Display: Finished SavePackage ../../../../../../UE/UnknownLegacy_Ok/Saved/Autosaves/Game/UnknownLegacy/Levels/BaseLevel/BaseLevel_Auto1.umap
[2018.04.13-09.21.45:233][817]LogFileHelpers: Editor autosave (incl. sublevels) for '/Game/UnknownLegacy/Levels/BaseLevel/BaseLevel' took 0.416
[2018.04.13-09.21.45:233][817]LogFileHelpers: Editor autosave (incl. sublevels) for all levels took 0.416
[2018.04.13-20.13.07:265][ 58]LogSavePackage: Save=678.24ms
[2018.04.13-20.13.07:305][ 58]LogSavePackage: Moving '../../../../../../UE/UnknownLegacy_Ok/Saved/BaseLevel5592B5234187506B034F5C825D647214.tmp' to '../../../../../../UE/UnknownLegacy_Ok/Content/UnknownLegacy/Levels/BaseLevel/BaseLevel.umap'
[2018.04.13-20.13.07:632][ 58]LogSavePackage: Display: Finished SavePackage ../../../../../../UE/UnknownLegacy_Ok/Content/UnknownLegacy/Levels/BaseLevel/BaseLevel.umap
[2018.04.13-20.13.07:843][ 58]LogFileHelpers: Saving map 'BaseLevel' took 14.722
[2018.04.13-20.13.09:816][ 58]LogActorComponent: UnregisterComponent: (/Engine/Transient.EditorFloorComp) Not registered. Aborting.
[2018.04.13-20.13.09:903][ 58]LogActorComponent: UnregisterComponent: (/Engine/Transient.EditorFloorComp) Not registered. Aborting.
[2018.04.13-20.13.10:713][ 58]LogActorComponent: UnregisterComponent: (/Engine/Transient.EditorFloorComp) Not registered. Aborting.
[2018.04.13-20.13.10:847][ 58]LogWindowsTextInputMethodSystem: Display: IME system now deactivated.
[2018.04.13-20.13.11:432][ 59]Cmd: QUIT_EDITOR
[2018.04.13-20.13.11:879][ 59]LogExit: Preparing to exit.
[2018.04.13-20.13.13:424][ 59]LogDirectoryWatcher: A directory notification for 'F:/UE/UnknownLegacy_Ok/Content/' was aborted.
[2018.04.13-20.13.13:907][ 59]LogExit: Editor shut down
[2018.04.13-20.13.13:931][ 59]LogExit: Transaction tracking system shut down
[2018.04.13-20.13.14:553][ 59]LogDirectoryWatcher: A directory notification for '../../../Engine/Content/' was aborted.
[2018.04.13-20.13.14:553][ 59]LogDirectoryWatcher: A directory notification for '../../../../../../UE/UnknownLegacy_Ok/Content/' was aborted.
[2018.04.13-20.13.14:553][ 59]LogDirectoryWatcher: A directory notification for '../../../Engine/Plugins/2D/Paper2D/Content/' was aborted.
[2018.04.13-20.13.14:553][ 59]LogDirectoryWatcher: A directory notification for '../../../Engine/Plugins/Marketplace/LowEntryExtStdLib/Content/' was aborted.
[2018.04.13-20.13.14:553][ 59]LogDirectoryWatcher: A directory notification for '../../../Engine/Plugins/Media/MediaCompositing/Content/' was aborted.
[2018.04.13-20.13.14:553][ 59]LogDirectoryWatcher: A directory notification for '../../../Engine/Plugins/Runtime/AppleARKit/Content/' was aborted.
[2018.04.13-20.13.14:553][ 59]LogDirectoryWatcher: A directory notification for '../../../Engine/Plugins/Runtime/Oculus/OculusVR/Content/' was aborted.
[2018.04.13-20.13.14:553][ 59]LogDirectoryWatcher: A directory notification for '../../../Engine/Plugins/Runtime/Steam/SteamVR/Content/' was aborted.
[2018.04.13-20.13.16:520][ 59]LogExit: Object subsystem successfully closed.
[2018.04.13-20.13.16:788][ 59]LogD3D11RHI: Shutdown
[2018.04.13-20.13.16:797][ 59]LogD3D11RHI: CleanupD3DDevice
[2018.04.13-20.13.16:858][ 59]LogD3D11RHI: ~FD3D11DynamicRHI
[2018.04.13-20.13.18:572][ 59]LogModuleManager: Shutting down and abandoning module StatsViewer (558)
[2018.04.13-20.13.18:586][ 59]LogModuleManager: Shutting down and abandoning module SkeletonEditor (556)
[2018.04.13-20.13.18:587][ 59]LogModuleManager: Shutting down and abandoning module BlueprintGraph (554)
[2018.04.13-20.13.18:587][ 59]LogModuleManager: Shutting down and abandoning module MaterialEditor (552)
[2018.04.13-20.13.18:587][ 59]LogModuleManager: Shutting down and abandoning module HierarchicalLODOutliner (550)
[2018.04.13-20.13.18:587][ 59]LogModuleManager: Shutting down and abandoning module SceneOutliner (548)
[2018.04.13-20.13.18:587][ 59]LogModuleManager: Shutting down and abandoning module AddContentDialog (546)
[2018.04.13-20.13.18:619][ 59]LogDirectoryWatcher: A directory notification for 'F:/Program Files/Epic Games/UE_4.18/FeaturePacks/' was aborted.
[2018.04.13-20.13.18:654][ 59]LogModuleManager: Shutting down and abandoning module WidgetCarousel (545)
[2018.04.13-20.13.18:654][ 59]LogModuleManager: Shutting down and abandoning module EditorWidgets (542)
[2018.04.13-20.13.18:654][ 59]LogModuleManager: Shutting down and abandoning module CollectionManager (540)
[2018.04.13-20.13.18:688][ 59]LogDirectoryWatcher: A directory notification for 'F:/UE/UnknownLegacy_Ok/Content/Collections/' was aborted.
[2018.04.13-20.13.18:688][ 59]LogDirectoryWatcher: A directory notification for 'F:/UE/UnknownLegacy_Ok/Content/Developers/kilian3008/Collections/' was aborted.
[2018.04.13-20.13.18:699][ 59]LogDirectoryWatcher: A directory notification for 'F:/UE/UnknownLegacy_Ok/Saved/Collections/' was aborted.
[2018.04.13-20.13.18:700][ 59]LogModuleManager: Shutting down and abandoning module FoliageEdit (538)
[2018.04.13-20.13.18:714][ 59]LogModuleManager: Shutting down and abandoning module LandscapeEditor (536)
[2018.04.13-20.13.18:745][ 59]LogModuleManager: Shutting down and abandoning module MeshPaintMode (534)
[2018.04.13-20.13.18:752][ 59]LogModuleManager: Shutting down and abandoning module SceneDepthPickerMode (532)
[2018.04.13-20.13.18:752][ 59]LogModuleManager: Shutting down and abandoning module ActorPickerMode (530)
[2018.04.13-20.13.18:752][ 59]LogModuleManager: Shutting down and abandoning module GeometryMode (528)
[2018.04.13-20.13.18:752][ 59]LogModuleManager: Shutting down and abandoning module TextureAlignMode (526)
[2018.04.13-20.13.18:752][ 59]LogModuleManager: Shutting down and abandoning module BspMode (524)
[2018.04.13-20.13.18:759][ 59]LogModuleManager: Shutting down and abandoning module PIEPreviewDeviceProfileSelector (522)
[2018.04.13-20.13.18:760][ 59]LogModuleManager: Shutting down and abandoning module HardwareSurvey (520)
[2018.04.13-20.13.18:770][ 59]LogModuleManager: Shutting down and abandoning module SequenceRecorderSections (518)
[2018.04.13-20.13.18:775][ 59]LogModuleManager: Shutting down and abandoning module AutomationWorker (516)
[2018.04.13-20.13.18:792][ 59]LogModuleManager: Shutting down and abandoning module MatineeToLevelSequence (514)
[2018.04.13-20.13.18:813][ 59]LogModuleManager: Shutting down and abandoning module LevelSequenceEditor (512)
[2018.04.13-20.13.18:839][ 59]LogModuleManager: Shutting down and abandoning module PlacementMode (511)
[2018.04.13-20.13.18:839][ 59]LogModuleManager: Shutting down and abandoning module WmfMediaFactory (508)
[2018.04.13-20.13.18:839][ 59]LogModuleManager: Shutting down and abandoning module WmfMediaEditor (506)
[2018.04.13-20.13.18:839][ 59]LogModuleManager: Shutting down and abandoning module OpenExrWrapper (504)
[2018.04.13-20.13.18:839][ 59]LogModuleManager: Shutting down and abandoning module ImgMediaFactory (502)
[2018.04.13-20.13.18:839][ 59]LogModuleManager: Shutting down and abandoning module ImgMediaEditor (500)
[2018.04.13-20.13.18:839][ 59]LogModuleManager: Shutting down and abandoning module AvfMediaFactory (498)
[2018.04.13-20.13.18:839][ 59]LogModuleManager: Shutting down and abandoning module AvfMediaEditor (496)
[2018.04.13-20.13.18:839][ 59]LogModuleManager: Shutting down and abandoning module AndroidMediaFactory (494)
[2018.04.13-20.13.18:839][ 59]LogModuleManager: Shutting down and abandoning module AndroidMediaEditor (492)
[2018.04.13-20.13.18:839][ 59]LogModuleManager: Shutting down and abandoning module CharacterAI (490)
[2018.04.13-20.13.18:839][ 59]LogModuleManager: Shutting down and abandoning module AudioCapture (488)
[2018.04.13-20.13.18:860][ 59]LogModuleManager: Shutting down and abandoning module SequenceRecorder (487)
[2018.04.13-20.13.18:893][ 59]LogModuleManager: Shutting down and abandoning module SmartSnapping (484)
[2018.04.13-20.13.18:894][ 59]LogModuleManager: Shutting down and abandoning module SessionServices (482)
[2018.04.13-20.13.18:894][ 59]LogModuleManager: Shutting down and abandoning module ViewportSnapping (480)
[2018.04.13-20.13.18:894][ 59]LogModuleManager: Shutting down and abandoning module ViewportInteraction (478)
[2018.04.13-20.13.18:894][ 59]LogModuleManager: Shutting down and abandoning module ClothPainter (476)
[2018.04.13-20.13.18:901][ 59]LogModuleManager: Shutting down and abandoning module SkeletalMeshEditor (475)
[2018.04.13-20.13.19:004][ 59]LogModuleManager: Shutting down and abandoning module LogVisualizer (472)
[2018.04.13-20.13.19:026][ 59]LogModuleManager: Shutting down and abandoning module IntroTutorials (470)
[2018.04.13-20.13.19:091][ 59]LogModuleManager: Shutting down and abandoning module GameProjectGeneration (469)
[2018.04.13-20.13.19:213][ 59]LogModuleManager: Shutting down and abandoning module IOSPlatformEditor (466)
[2018.04.13-20.13.19:213][ 59]LogModuleManager: Shutting down and abandoning module HTML5PlatformEditor (464)
[2018.04.13-20.13.19:213][ 59]LogModuleManager: Shutting down and abandoning module AndroidPlatformEditor (462)
[2018.04.13-20.13.19:213][ 59]LogModuleManager: Shutting down and abandoning module AndroidDeviceDetection (461)
[2018.04.13-20.13.20:244][ 59]LogModuleManager: Shutting down and abandoning module WindowsPlatformEditor (458)
[2018.04.13-20.13.20:244][ 59]LogModuleManager: Shutting down and abandoning module IOSRuntimeSettings (456)
[2018.04.13-20.13.20:244][ 59]LogModuleManager: Shutting down and abandoning module AndroidRuntimeSettings (454)
[2018.04.13-20.13.20:244][ 59]LogModuleManager: Shutting down and abandoning module InputBindingEditor (452)
[2018.04.13-20.13.20:255][ 59]LogModuleManager: Shutting down and abandoning module MergeActors (450)
[2018.04.13-20.13.20:279][ 59]LogModuleManager: Shutting down and abandoning module SizeMap (448)
[2018.04.13-20.13.20:279][ 59]LogModuleManager: Shutting down and abandoning module TreeMap (446)
[2018.04.13-20.13.20:296][ 59]LogModuleManager: Shutting down and abandoning module ReferenceViewer (444)
[2018.04.13-20.13.20:296][ 59]LogModuleManager: Shutting down and abandoning module LocalizationDashboard (442)
[2018.04.13-20.13.20:301][ 59]LogModuleManager: Shutting down and abandoning module LocalizationService (441)
[2018.04.13-20.13.20:319][ 59]LogModuleManager: Shutting down and abandoning module HardwareTargeting (438)
[2018.04.13-20.13.20:319][ 59]LogModuleManager: Shutting down and abandoning module DeviceProfileEditor (436)
[2018.04.13-20.13.20:319][ 59]LogModuleManager: Shutting down and abandoning module UndoHistory (434)
[2018.04.13-20.13.20:328][ 59]LogModuleManager: Shutting down and abandoning module XmlParser (432)
[2018.04.13-20.13.20:335][ 59]LogModuleManager: Shutting down and abandoning module Blutility (430)
[2018.04.13-20.13.20:335][ 59]LogModuleManager: Shutting down and abandoning module ProjectSettingsViewer (428)
[2018.04.13-20.13.20:336][ 59]LogModuleManager: Shutting down and abandoning module ProjectTargetPlatformEditor (427)
[2018.04.13-20.13.20:336][ 59]LogModuleManager: Shutting down and abandoning module EditorSettingsViewer (424)
[2018.04.13-20.13.20:336][ 59]LogModuleManager: Shutting down and abandoning module SettingsEditor (422)
[2018.04.13-20.13.20:357][ 59]LogModuleManager: Shutting down and abandoning module ProjectLauncher (420)
[2018.04.13-20.13.20:372][ 59]LogModuleManager: Shutting down and abandoning module SessionFrontend (418)
[2018.04.13-20.13.20:390][ 59]LogModuleManager: Shutting down and abandoning module ProfilerClient (416)
[2018.04.13-20.13.20:399][ 59]LogModuleManager: Shutting down and abandoning module DeviceManager (414)
[2018.04.13-20.13.20:415][ 59]LogModuleManager: Shutting down and abandoning module TargetDeviceServices (413)
[2018.04.13-20.13.20:468][ 59]LogModuleManager: Shutting down and abandoning module AutomationController (410)
[2018.04.13-20.13.20:486][ 59]LogModuleManager: Shutting down and abandoning module AutomationWindow (408)
[2018.04.13-20.13.20:513][ 59]LogModuleManager: Shutting down and abandoning module Layers (406)
[2018.04.13-20.13.20:526][ 59]LogModuleManager: Shutting down and abandoning module ComponentVisualizers (404)
[2018.04.13-20.13.20:526][ 59]LogModuleManager: Shutting down and abandoning module DetailCustomizations (402)
[2018.04.13-20.13.20:540][ 59]LogModuleManager: Shutting down and abandoning module PackagesDialog (400)
[2018.04.13-20.13.20:540][ 59]LogModuleManager: Shutting down and abandoning module Persona (398)
[2018.04.13-20.13.20:593][ 59]LogModuleManager: Shutting down and abandoning module AdvancedPreviewScene (397)
[2018.04.13-20.13.20:593][ 59]LogModuleManager: Shutting down and abandoning module AnimGraph (395)
[2018.04.13-20.13.20:593][ 59]LogModuleManager: Shutting down and abandoning module Kismet (392)
[2018.04.13-20.13.20:626][ 59]LogModuleManager: Shutting down and abandoning module ClassViewer (390)
[2018.04.13-20.13.20:626][ 59]LogModuleManager: Shutting down and abandoning module Toolbox (388)
[2018.04.13-20.13.20:626][ 59]LogModuleManager: Shutting down and abandoning module ModuleUI (386)
[2018.04.13-20.13.20:631][ 59]LogModuleManager: Shutting down and abandoning module MovieSceneTools (384)
[2018.04.13-20.13.20:666][ 59]LogModuleManager: Shutting down and abandoning module OutputLog (382)
[2018.04.13-20.13.20:680][ 59]LogModuleManager: Shutting down and abandoning module GammaUI (380)
[2018.04.13-20.13.20:698][ 59]LogModuleManager: Shutting down and abandoning module Documentation (378)
[2018.04.13-20.13.20:713][ 59]LogModuleManager: Shutting down and abandoning module MovieSceneTracks (376)
[2018.04.13-20.13.20:716][ 59]LogModuleManager: Shutting down and abandoning module MovieScene (374)
[2018.04.13-20.13.20:716][ 59]LogModuleManager: Shutting down and abandoning module StreamingPauseRendering (372)
[2018.04.13-20.13.20:716][ 59]LogModuleManager: Shutting down and abandoning module LauncherPlatform (370)
[2018.04.13-20.13.20:717][ 59]LogModuleManager: Shutting down and abandoning module AnalyticsET (368)
[2018.04.13-20.13.20:717][ 59]LogModuleManager: Shutting down and abandoning module PortalServices (366)
[2018.04.13-20.13.20:717][ 59]LogModuleManager: Shutting down and abandoning module PortalRpc (364)
[2018.04.13-20.13.20:717][ 59]LogModuleManager: Shutting down and abandoning module MessagingRpc (362)
[2018.04.13-20.13.20:717][ 59]LogModuleManager: Shutting down and abandoning module AIModule (360)
[2018.04.13-20.13.20:740][ 59]LogModuleManager: Shutting down and abandoning module GameplayDebugger (359)
[2018.04.13-20.13.20:741][ 59]LogModuleManager: Shutting down and abandoning module AITestSuite (357)
[2018.04.13-20.13.20:748][ 59]LogModuleManager: Shutting down and abandoning module DesktopPlatform (354)
[2018.04.13-20.13.20:759][ 59]LogModuleManager: Shutting down and abandoning module ProfilerService (352)
[2018.04.13-20.13.20:921][ 59]LogModuleManager: Shutting down and abandoning module TaskGraph (350)
[2018.04.13-20.13.20:961][ 59]LogModuleManager: Shutting down and abandoning module SteamVRController (348)
[2018.04.13-20.13.20:961][ 59]LogModuleManager: Shutting down and abandoning module ProceduralMeshComponentEditor (346)
[2018.04.13-20.13.20:961][ 59]LogModuleManager: Shutting down and abandoning module ProceduralMeshComponent (344)
[2018.04.13-20.13.20:961][ 59]LogModuleManager: Shutting down and abandoning module OculusInput (342)
[2018.04.13-20.13.20:961][ 59]LogModuleManager: Shutting down and abandoning module MobilePatchingUtils (340)
[2018.04.13-20.13.20:961][ 59]LogModuleManager: Shutting down and abandoning module CustomMeshComponent (338)
[2018.04.13-20.13.20:961][ 59]LogModuleManager: Shutting down and abandoning module CableComponent (336)
[2018.04.13-20.13.20:973][ 59]LogModuleManager: Shutting down and abandoning module ArchVisCharacter (334)
[2018.04.13-20.13.20:973][ 59]LogModuleManager: Shutting down and abandoning module AndroidPermission (332)
[2018.04.13-20.13.20:973][ 59]LogModuleManager: Shutting down and abandoning module ActorSequence (328)
[2018.04.13-20.13.20:973][ 59]LogModuleManager: Shutting down and abandoning module MediaPlayerEditor (326)
[2018.04.13-20.13.20:991][ 59]LogModuleManager: Shutting down and abandoning module MediaCompositingEditor (324)
[2018.04.13-20.13.21:000][ 59]LogModuleManager: Shutting down and abandoning module MediaCompositing (322)
[2018.04.13-20.13.21:000][ 59]LogModuleManager: Shutting down and abandoning module LowEntryExtendedStandardLibraryEditor (320)
[2018.04.13-20.13.21:000][ 59]LogModuleManager: Shutting down and abandoning module HTML5Networking (318)
[2018.04.13-20.13.21:000][ 59]LogModuleManager: Shutting down and abandoning module AlembicImporter (316)
[2018.04.13-20.13.21:006][ 59]LogModuleManager: Shutting down and abandoning module AlembicLibrary (315)
[2018.04.13-20.13.21:006][ 59]LogModuleManager: Shutting down and abandoning module GeometryCache (314)
[2018.04.13-20.13.21:012][ 59]LogModuleManager: Shutting down and abandoning module GeometryCacheEd (313)
[2018.04.13-20.13.21:012][ 59]LogModuleManager: Shutting down and abandoning module SpeedTreeImporter (308)
[2018.04.13-20.13.21:012][ 59]LogModuleManager: Shutting down and abandoning module PluginBrowser (306)
[2018.04.13-20.13.21:036][ 59]LogModuleManager: Shutting down and abandoning module MobileLauncherProfileWizard (304)
[2018.04.13-20.13.21:050][ 59]LogModuleManager: Shutting down and abandoning module VisualStudioSourceCodeAccess (302)
[2018.04.13-20.13.21:050][ 59]LogModuleManager: Shutting down and abandoning module VisualStudioCodeSourceCodeAccess (300)
[2018.04.13-20.13.21:050][ 59]LogModuleManager: Shutting down and abandoning module UObjectPlugin (298)
[2018.04.13-20.13.21:050][ 59]LogModuleManager: Shutting down and abandoning module SubversionSourceControl (296)
[2018.04.13-20.13.21:079][ 59]LogModuleManager: Shutting down and abandoning module PerforceSourceControl (294)
[2018.04.13-20.13.21:096][ 59]LogModuleManager: Shutting down and abandoning module GitSourceControl (292)
[2018.04.13-20.13.21:123][ 59]LogModuleManager: Shutting down and abandoning module SourceControl (291)
[2018.04.13-20.13.21:156][ 59]LogModuleManager: Shutting down and abandoning module LightPropagationVolumeEditor (288)
[2018.04.13-20.13.21:156][ 59]LogModuleManager: Shutting down and abandoning module PaperTiledImporter (286)
[2018.04.13-20.13.21:156][ 59]LogModuleManager: Shutting down and abandoning module PaperSpriteSheetImporter (284)
[2018.04.13-20.13.21:156][ 59]LogModuleManager: Shutting down and abandoning module Paper2DEditor (282)
[2018.04.13-20.13.21:179][ 59]LogModuleManager: Shutting down and abandoning module MeshPaint (281)
[2018.04.13-20.13.21:188][ 59]LogModuleManager: Shutting down and abandoning module LevelEditor (279)
[2018.04.13-20.13.21:268][ 59]LogModuleManager: Shutting down and abandoning module PixelInspectorModule (278)
[2018.04.13-20.13.21:302][ 59]LogModuleManager: Shutting down and abandoning module MainFrame (276)
[2018.04.13-20.13.21:302][ 59]LogModuleManager: Shutting down and abandoning module HotReload (275)
[2018.04.13-20.13.21:373][ 59]LogModuleManager: Shutting down and abandoning module RuntimePhysXCooking (270)
[2018.04.13-20.13.21:373][ 59]LogModuleManager: Shutting down and abandoning module PhysXVehiclesEditor (268)
[2018.04.13-20.13.21:387][ 59]LogModuleManager: Shutting down and abandoning module PhysXVehicles (266)
[2018.04.13-20.13.21:387][ 59]LogModuleManager: Shutting down and abandoning module OculusEditor (264)
[2018.04.13-20.13.21:387][ 59]LogModuleManager: Shutting down and abandoning module LocationServicesBPLibrary (262)
[2018.04.13-20.13.21:387][ 59]LogModuleManager: Shutting down and abandoning module ImmediatePhysicsEditor (260)
[2018.04.13-20.13.21:387][ 59]LogModuleManager: Shutting down and abandoning module ImmediatePhysics (258)
[2018.04.13-20.13.21:412][ 59]LogModuleManager: Shutting down and abandoning module UdpMessaging (256)
[2018.04.13-20.13.21:512][ 59]LogModuleManager: Shutting down and abandoning module TcpMessaging (254)
[2018.04.13-20.13.21:613][ 59]LogModuleManager: Shutting down and abandoning module LowEntryExtendedStandardLibrary (252)
[2018.04.13-20.13.21:613][ 59]LogModuleManager: Shutting down and abandoning module GameplayTagsEditor (250)
[2018.04.13-20.13.21:631][ 59]LogModuleManager: Shutting down and abandoning module FacialAnimationEditor (248)
[2018.04.13-20.13.21:631][ 59]LogModuleManager: Shutting down and abandoning module FacialAnimation (246)
[2018.04.13-20.13.21:631][ 59]LogModuleManager: Shutting down and abandoning module AssetManagerEditor (244)
[2018.04.13-20.13.21:680][ 59]LogModuleManager: Shutting down and abandoning module GraphEditor (243)
[2018.04.13-20.13.21:692][ 59]LogModuleManager: Shutting down and abandoning module ContentBrowser (241)
[2018.04.13-20.13.21:694][ 59]LogModuleManager: Shutting down and abandoning module LightPropagationVolumeRuntime (238)
[2018.04.13-20.13.21:694][ 59]LogModuleManager: Shutting down and abandoning module Paper2D (236)
[2018.04.13-20.13.21:694][ 59]LogModuleManager: Shutting down and abandoning module WindowsMoviePlayer (234)
[2018.04.13-20.13.21:697][ 59]LogModuleManager: Shutting down and abandoning module WmfMedia (232)
[2018.04.13-20.13.21:716][ 59]LogModuleManager: Shutting down and abandoning module ImgMedia (230)
[2018.04.13-20.13.21:716][ 59]LogModuleManager: Shutting down and abandoning module PacketHandler (228)
[2018.04.13-20.13.21:716][ 59]LogModuleManager: Shutting down and abandoning module ClothingSystemEditor (226)
[2018.04.13-20.13.21:716][ 59]LogModuleManager: Shutting down and abandoning module ClothingSystemRuntime (224)
[2018.04.13-20.13.21:734][ 59]LogModuleManager: Shutting down and abandoning module MediaAssets (222)
[2018.04.13-20.13.21:734][ 59]LogModuleManager: Shutting down and abandoning module Media (221)
[2018.04.13-20.13.21:740][ 59]LogModuleManager: Shutting down and abandoning module Overlay (218)
[2018.04.13-20.13.21:740][ 59]LogModuleManager: Shutting down and abandoning module OverlayEditor (217)
[2018.04.13-20.13.21:740][ 59]LogModuleManager: Shutting down and abandoning module VREditor (214)
[2018.04.13-20.13.21:769][ 59]LogModuleManager: Shutting down and abandoning module StringTableEditor (212)
[2018.04.13-20.13.21:781][ 59]LogModuleManager: Shutting down and abandoning module GameplayTasksEditor (210)
[2018.04.13-20.13.21:781][ 59]LogModuleManager: Shutting down and abandoning module BehaviorTreeEditor (208)
[2018.04.13-20.13.21:796][ 59]LogModuleManager: Shutting down and abandoning module FunctionalTesting (206)
[2018.04.13-20.13.21:796][ 59]LogModuleManager: Shutting down and abandoning module CollisionAnalyzer (204)
[2018.04.13-20.13.21:807][ 59]LogModuleManager: Shutting down and abandoning module WorkspaceMenuStructure (203)
[2018.04.13-20.13.21:818][ 59]LogModuleManager: Shutting down and abandoning module UMG (200)
[2018.04.13-20.13.21:828][ 59]LogModuleManager: Shutting down and abandoning module UMGEditor (199)
[2018.04.13-20.13.21:865][ 59]LogModuleManager: Shutting down and abandoning module Sequencer (198)
[2018.04.13-20.13.21:882][ 59]LogModuleManager: Shutting down and abandoning module MessageLog (195)
[2018.04.13-20.13.21:882][ 59]LogModuleManager: Shutting down and abandoning module SlateReflector (190)
[2018.04.13-20.13.21:923][ 59]LogModuleManager: Shutting down and abandoning module Slate (188)
[2018.04.13-20.13.21:923][ 59]LogModuleManager: Shutting down and abandoning module EditorStyle (186)
[2018.04.13-20.13.21:945][ 59]LogModuleManager: Shutting down and abandoning module MRMesh (184)
[2018.04.13-20.13.21:945][ 59]LogModuleManager: Shutting down and abandoning module SourceCodeAccess (182)
[2018.04.13-20.13.21:945][ 59]LogModuleManager: Shutting down and abandoning module HeadMountedDisplay (180)
[2018.04.13-20.13.21:945][ 59]LogModuleManager: Shutting down and abandoning module XAudio2 (178)
[2018.04.13-20.13.21:945][ 59]LogModuleManager: Shutting down and abandoning module Networking (176)
[2018.04.13-20.13.21:945][ 59]LogModuleManager: Shutting down and abandoning module Core (172)
[2018.04.13-20.13.21:945][ 59]LogModuleManager: Shutting down and abandoning module LevelSequence (168)
[2018.04.13-20.13.21:945][ 59]LogModuleManager: Shutting down and abandoning module DirectoryWatcher (166)
[2018.04.13-20.13.21:953][ 59]LogModuleManager: Shutting down and abandoning module KismetCompiler (164)
[2018.04.13-20.13.21:953][ 59]LogModuleManager: Shutting down and abandoning module MeshUtilities (162)
[2018.04.13-20.13.21:971][ 59]LogModuleManager: Shutting down and abandoning module MeshMergeUtilities (161)
[2018.04.13-20.13.21:983][ 59]LogModuleManager: Shutting down and abandoning module MeshReductionInterface (160)
[2018.04.13-20.13.21:983][ 59]LogModuleManager: Shutting down and abandoning module SimplygonSwarm (159)
[2018.04.13-20.13.21:991][ 59]LogModuleManager: Shutting down and abandoning module SimplygonMeshReduction (157)
[2018.04.13-20.13.21:991][ 59]LogModuleManager: Shutting down and abandoning module QuadricMeshReduction (155)
[2018.04.13-20.13.21:999][ 59]LogModuleManager: Shutting down and abandoning module MaterialBaking (151)
[2018.04.13-20.13.22:040][ 59]LogModuleManager: Shutting down and abandoning module DerivedDataCache (148)
[2018.04.13-20.13.22:096][ 59]LogDerivedDataCache: Shutdown
[2018.04.13-20.13.22:096][ 59]LogModuleManager: Shutting down and abandoning module TargetPlatform (146)
[2018.04.13-20.13.22:105][ 59]LogModuleManager: Shutting down and abandoning module VulkanShaderFormat (145)
[2018.04.13-20.13.22:114][ 59]LogModuleManager: Shutting down and abandoning module ShaderFormatVectorVM (143)
[2018.04.13-20.13.22:125][ 59]LogModuleManager: Shutting down and abandoning module ShaderFormatOpenGL (141)
[2018.04.13-20.13.22:134][ 59]LogModuleManager: Shutting down and abandoning module ShaderFormatD3D (139)
[2018.04.13-20.13.22:144][ 59]LogModuleManager: Shutting down and abandoning module MetalShaderFormat (137)
[2018.04.13-20.13.22:159][ 59]LogModuleManager: Shutting down and abandoning module TextureFormatUncompressed (135)
[2018.04.13-20.13.22:172][ 59]LogModuleManager: Shutting down and abandoning module TextureFormatPVR (133)
[2018.04.13-20.13.22:172][ 59]LogModuleManager: Shutting down and abandoning module TextureFormatDXT (131)
[2018.04.13-20.13.22:172][ 59]LogModuleManager: Shutting down and abandoning module TextureFormatIntelISPCTexComp (129)
[2018.04.13-20.13.22:212][ 59]LogModuleManager: Shutting down and abandoning module TextureFormatASTC (127)
[2018.04.13-20.13.22:212][ 59]LogModuleManager: Shutting down and abandoning module ImageWrapper (126)
[2018.04.13-20.13.22:212][ 59]LogModuleManager: Shutting down and abandoning module TextureFormatAndroid (123)
[2018.04.13-20.13.22:212][ 59]LogModuleManager: Shutting down and abandoning module AudioFormatOpus (121)
[2018.04.13-20.13.22:212][ 59]LogModuleManager: Shutting down and abandoning module AudioFormatOgg (119)
[2018.04.13-20.13.22:212][ 59]LogModuleManager: Shutting down and abandoning module AudioFormatADPCM (117)
[2018.04.13-20.13.22:212][ 59]LogModuleManager: Shutting down and abandoning module LinuxTargetPlatform (115)
[2018.04.13-20.13.22:212][ 59]LogModuleManager: Shutting down and abandoning module LinuxServerTargetPlatform (113)
[2018.04.13-20.13.22:212][ 59]LogModuleManager: Shutting down and abandoning module LinuxNoEditorTargetPlatform (111)
[2018.04.13-20.13.22:212][ 59]LogModuleManager: Shutting down and abandoning module LinuxClientTargetPlatform (109)
[2018.04.13-20.13.22:212][ 59]LogModuleManager: Shutting down and abandoning module TVOSTargetPlatform (107)
[2018.04.13-20.13.22:213][ 59]LogModuleManager: Shutting down and abandoning module Messaging (105)
[2018.04.13-20.13.22:213][ 59]LogModuleManager: Shutting down and abandoning module IOSTargetPlatform (103)
[2018.04.13-20.13.22:213][ 59]LogModuleManager: Shutting down and abandoning module HTML5TargetPlatform (101)
[2018.04.13-20.13.22:213][ 59]LogModuleManager: Shutting down and abandoning module AndroidTargetPlatform (99)
[2018.04.13-20.13.22:213][ 59]LogModuleManager: Shutting down and abandoning module Android_PVRTCTargetPlatform (97)
[2018.04.13-20.13.22:213][ 59]LogModuleManager: Shutting down and abandoning module Android_MultiTargetPlatform (95)
[2018.04.13-20.13.22:213][ 59]LogModuleManager: Shutting down and abandoning module Android_ETC2TargetPlatform (93)
[2018.04.13-20.13.22:213][ 59]LogModuleManager: Shutting down and abandoning module Android_ETC1TargetPlatform (91)
[2018.04.13-20.13.22:213][ 59]LogModuleManager: Shutting down and abandoning module Android_DXTTargetPlatform (89)
[2018.04.13-20.13.22:213][ 59]LogModuleManager: Shutting down and abandoning module Android_ATCTargetPlatform (87)
[2018.04.13-20.13.22:213][ 59]LogModuleManager: Shutting down and abandoning module Android_ASTCTargetPlatform (85)
[2018.04.13-20.13.22:213][ 59]LogModuleManager: Shutting down and abandoning module WindowsTargetPlatform (83)
[2018.04.13-20.13.22:213][ 59]LogModuleManager: Shutting down and abandoning module WindowsServerTargetPlatform (81)
[2018.04.13-20.13.22:213][ 59]LogModuleManager: Shutting down and abandoning module WindowsNoEditorTargetPlatform (79)
[2018.04.13-20.13.22:213][ 59]LogModuleManager: Shutting down and abandoning module WindowsClientTargetPlatform (77)
[2018.04.13-20.13.22:213][ 59]LogModuleManager: Shutting down and abandoning module MacTargetPlatform (75)
[2018.04.13-20.13.22:213][ 59]LogModuleManager: Shutting down and abandoning module MacServerTargetPlatform (73)
[2018.04.13-20.13.22:213][ 59]LogModuleManager: Shutting down and abandoning module MacNoEditorTargetPlatform (71)
[2018.04.13-20.13.22:213][ 59]LogModuleManager: Shutting down and abandoning module MacClientTargetPlatform (69)
[2018.04.13-20.13.22:213][ 59]LogModuleManager: Shutting down and abandoning module AllDesktopTargetPlatform (67)
[2018.04.13-20.13.22:213][ 59]LogModuleManager: Shutting down and abandoning module InputCore (64)
[2018.04.13-20.13.22:213][ 59]LogModuleManager: Shutting down and abandoning module Settings (62)
[2018.04.13-20.13.22:213][ 59]LogModuleManager: Shutting down and abandoning module PhysXCooking (60)
[2018.04.13-20.13.22:213][ 59]LogModuleManager: Shutting down and abandoning module SteamVR (58)
[2018.04.13-20.13.22:213][ 59]LogModuleManager: Shutting down and abandoning module OculusHMD (56)
[2018.04.13-20.13.22:225][ 59]LogModuleManager: Shutting down and abandoning module ExampleDeviceProfileSelector (54)
[2018.04.13-20.13.22:225][ 59]LogModuleManager: Shutting down and abandoning module AppleARKit (52)
[2018.04.13-20.13.22:225][ 59]LogModuleManager: Shutting down and abandoning module AugmentedReality (51)
[2018.04.13-20.13.22:225][ 59]LogModuleManager: Shutting down and abandoning module OnlineBlueprintSupport (48)
[2018.04.13-20.13.22:225][ 59]LogModuleManager: Shutting down and abandoning module OnlineSubsystem (44)
[2018.04.13-20.13.22:269][ 59]LogModuleManager: Shutting down and abandoning module XMPP (43)
[2018.04.13-20.13.22:301][ 59]LogModuleManager: Shutting down and abandoning module HTTP (41)
[2018.04.13-20.13.22:301][ 59]LogHttp: Display: Http module shutting down, but needs to wait on 1 outstanding Http requests:
[2018.04.13-20.13.22:311][ 59]LogHttp: Display: 	verb=[POST] url=[https://datarouter.ol.epicgames.com/datarouter/api/v1/public/data?SessionID=%7B146392AF-431B-7352-6D36-4DBC20E9EE2B%7D&AppID=UEEditor.Rocket.Release&AppVersion=4.18.3-3832480%2B%2B%2BUE4%2BRelease-4.18&UserID=bd36651f42c14e4598f4ddb3d63ff4ef%7Cbe8d9785e7da4dcb859366a78a5d8db4%7C4bbd006e-7bf7-4d85-9802-4baa4a067808&AppEnvironment=datacollector-binary&UploadType=eteventstream] status=Processing
[2018.04.13-20.13.22:323][ 59]LogModuleManager: Shutting down and abandoning module SSL (40)
[2018.04.13-20.13.22:349][ 59]LogModuleManager: Shutting down and abandoning module AnimationModifiers (36)
[2018.04.13-20.13.22:364][ 59]LogModuleManager: Shutting down and abandoning module PropertyEditor (35)
[2018.04.13-20.13.22:374][ 59]LogModuleManager: Shutting down and abandoning module AudioEditor (32)
[2018.04.13-20.13.22:384][ 59]LogModuleManager: Shutting down and abandoning module TextureCompressor (30)
[2018.04.13-20.13.22:409][ 59]LogModuleManager: Shutting down and abandoning module ShaderCore (28)
[2018.04.13-20.13.22:409][ 59]LogModuleManager: Shutting down and abandoning module Landscape (26)
[2018.04.13-20.13.22:409][ 59]LogModuleManager: Shutting down and abandoning module SlateRHIRenderer (24)
[2018.04.13-20.13.22:413][ 59]LogModuleManager: Shutting down and abandoning module OpenGLDrv (22)
[2018.04.13-20.13.22:427][ 59]LogModuleManager: Shutting down and abandoning module D3D11RHI (20)
[2018.04.13-20.13.22:427][ 59]LogModuleManager: Shutting down and abandoning module AnimGraphRuntime (18)
[2018.04.13-20.13.22:446][ 59]LogModuleManager: Shutting down and abandoning module Renderer (16)
[2018.04.13-20.13.22:455][ 59]LogModuleManager: Shutting down and abandoning module Engine (14)
[2018.04.13-20.13.22:455][ 59]LogModuleManager: Shutting down and abandoning module CoreUObject (12)
[2018.04.13-20.13.22:455][ 59]LogModuleManager: Shutting down and abandoning module NetworkFile (10)
[2018.04.13-20.13.22:468][ 59]LogModuleManager: Shutting down and abandoning module CookedIterativeFile (8)
[2018.04.13-20.13.22:468][ 59]LogModuleManager: Shutting down and abandoning module StreamingFile (6)
[2018.04.13-20.13.22:476][ 59]LogModuleManager: Shutting down and abandoning module SandboxFile (4)
[2018.04.13-20.13.22:476][ 59]LogModuleManager: Shutting down and abandoning module PakFile (2)
[2018.04.13-20.13.22:520][ 59]LogExit: Exiting.
[2018.04.13-20.13.22:537][ 59]Log file closed, 04/13/18 22:13:22
