Log file open, 04/19/18 21:47:57
LogWindows: Failed to load 'aqProf.dll' (GetLastError=126)
LogWindows: File 'aqProf.dll' does not exist
LogWindows: Failed to load 'VSPerf140.dll' (GetLastError=126)
LogWindows: File 'VSPerf140.dll' does not exist
LogWindows: Failed to load 'VtuneApi.dll' (GetLastError=126)
LogWindows: File 'VtuneApi.dll' does not exist
LogWindows: Failed to load 'VtuneApi32e.dll' (GetLastError=126)
LogWindows: File 'VtuneApi32e.dll' does not exist
LogInit: Display: Running engine for game: UnknownLegacy_Ok
LogPlatformFile: Not using cached read wrapper
LogInit: Display: RandInit(-394939570) SRandInit(-394939570).
LogInit: Read version file with build ID '3709383'
LogInit: Overriding engine version to CL 3832480, compatible CL 3709383
LogInit: Registered custom module enumerator with build ID '3709383'
LogTaskGraph: Started task graph with 5 named threads and 14 total threads with 3 sets of task threads.
LogStats: Stats thread started at 0.161422
LogD3D11RHI: Aftermath initialized
LogModuleManager: Display: Found up-to-date module file ../../../Engine/Plugins/Marketplace/LowEntryExtStdLib/Binaries/Win64/UE4Editor-LowEntryExtendedStandardLibrary.dll (API version 3709383).
LogModuleManager: Display: Found up-to-date module file ../../../Engine/Plugins/Marketplace/LowEntryExtStdLib/Binaries/Win64/UE4Editor-LowEntryExtendedStandardLibraryEditor.dll (API version 3709383).
LogModuleManager: Display: Found up-to-date module file ../../../Engine/Plugins/2D/Paper2D/Binaries/Win64/UE4Editor-Paper2D.dll (API version 3709383).
LogModuleManager: Display: Found up-to-date module file ../../../Engine/Plugins/2D/Paper2D/Binaries/Win64/UE4Editor-Paper2DEditor.dll (API version 3709383).
LogModuleManager: Display: Found up-to-date module file ../../../Engine/Plugins/2D/Paper2D/Binaries/Win64/UE4Editor-PaperSpriteSheetImporter.dll (API version 3709383).
LogModuleManager: Display: Found up-to-date module file ../../../Engine/Plugins/2D/Paper2D/Binaries/Win64/UE4Editor-PaperTiledImporter.dll (API version 3709383).
LogModuleManager: Display: Found up-to-date module file ../../../Engine/Plugins/2D/Paper2D/Binaries/Win64/UE4Editor-SmartSnapping.dll (API version 3709383).
LogModuleManager: Display: Found up-to-date module file ../../../Engine/Plugins/Blendables/LightPropagationVolume/Binaries/Win64/UE4Editor-LightPropagationVolumeRuntime.dll (API version 3709383).
LogModuleManager: Display: Found up-to-date module file ../../../Engine/Plugins/Blendables/LightPropagationVolume/Binaries/Win64/UE4Editor-LightPropagationVolumeEditor.dll (API version 3709383).
LogModuleManager: Display: Found up-to-date module file ../../../Engine/Plugins/Developer/GitSourceControl/Binaries/Win64/UE4Editor-GitSourceControl.dll (API version 3709383).
LogModuleManager: Display: Found up-to-date module file ../../../Engine/Plugins/Developer/PerforceSourceControl/Binaries/Win64/UE4Editor-PerforceSourceControl.dll (API version 3709383).
LogModuleManager: Display: Found up-to-date module file ../../../Engine/Plugins/Developer/SubversionSourceControl/Binaries/Win64/UE4Editor-SubversionSourceControl.dll (API version 3709383).
LogModuleManager: Display: Found up-to-date module file ../../../Engine/Plugins/Developer/UObjectPlugin/Binaries/Win64/UE4Editor-UObjectPlugin.dll (API version 3709383).
LogModuleManager: Display: Found up-to-date module file ../../../Engine/Plugins/Developer/VisualStudioCodeSourceCodeAccess/Binaries/Win64/UE4Editor-VisualStudioCodeSourceCodeAccess.dll (API version 3709383).
LogModuleManager: Display: Found up-to-date module file ../../../Engine/Plugins/Developer/VisualStudioSourceCodeAccess/Binaries/Win64/UE4Editor-VisualStudioSourceCodeAccess.dll (API version 3709383).
LogModuleManager: Display: Found up-to-date module file ../../../Engine/Plugins/Editor/AssetManagerEditor/Binaries/Win64/UE4Editor-AssetManagerEditor.dll (API version 3709383).
LogModuleManager: Display: Found up-to-date module file ../../../Engine/Plugins/Editor/AudioCapture/Binaries/Win64/UE4Editor-AudioCapture.dll (API version 3709383).
LogModuleManager: Display: Found up-to-date module file ../../../Engine/Plugins/Editor/FacialAnimation/Binaries/Win64/UE4Editor-FacialAnimation.dll (API version 3709383).
LogModuleManager: Display: Found up-to-date module file ../../../Engine/Plugins/Editor/FacialAnimation/Binaries/Win64/UE4Editor-FacialAnimationEditor.dll (API version 3709383).
LogModuleManager: Display: Found up-to-date module file ../../../Engine/Plugins/Editor/GameplayTagsEditor/Binaries/Win64/UE4Editor-GameplayTagsEditor.dll (API version 3709383).
LogModuleManager: Display: Found up-to-date module file ../../../Engine/Plugins/Editor/MobileLauncherProfileWizard/Binaries/Win64/UE4Editor-MobileLauncherProfileWizard.dll (API version 3709383).
LogModuleManager: Display: Found up-to-date module file ../../../Engine/Plugins/Editor/PluginBrowser/Binaries/Win64/UE4Editor-PluginBrowser.dll (API version 3709383).
LogModuleManager: Display: Found up-to-date module file ../../../Engine/Plugins/Editor/SpeedTreeImporter/Binaries/Win64/UE4Editor-SpeedTreeImporter.dll (API version 3709383).
LogModuleManager: Display: Found up-to-date module file ../../../Engine/Plugins/Experimental/AlembicImporter/Binaries/Win64/UE4Editor-AlembicImporter.dll (API version 3709383).
LogModuleManager: Display: Found up-to-date module file ../../../Engine/Plugins/Experimental/AlembicImporter/Binaries/Win64/UE4Editor-AlembicLibrary.dll (API version 3709383).
LogModuleManager: Display: Found up-to-date module file ../../../Engine/Plugins/Experimental/CharacterAI/Binaries/Win64/UE4Editor-CharacterAI.dll (API version 3709383).
LogModuleManager: Display: Found up-to-date module file ../../../Engine/Plugins/Experimental/HTML5Networking/Binaries/Win64/UE4Editor-HTML5Networking.dll (API version 3709383).
LogModuleManager: Display: Found up-to-date module file ../../../Engine/Plugins/Media/AndroidMedia/Binaries/Win64/UE4Editor-AndroidMediaEditor.dll (API version 3709383).
LogModuleManager: Display: Found up-to-date module file ../../../Engine/Plugins/Media/AndroidMedia/Binaries/Win64/UE4Editor-AndroidMediaFactory.dll (API version 3709383).
LogModuleManager: Display: Found up-to-date module file ../../../Engine/Plugins/Media/AvfMedia/Binaries/Win64/UE4Editor-AvfMediaEditor.dll (API version 3709383).
LogModuleManager: Display: Found up-to-date module file ../../../Engine/Plugins/Media/AvfMedia/Binaries/Win64/UE4Editor-AvfMediaFactory.dll (API version 3709383).
LogModuleManager: Display: Found up-to-date module file ../../../Engine/Plugins/Media/AvfMedia/Binaries/Win64/UE4Editor-AvfMediaFactory.dll (API version 3709383).
LogModuleManager: Display: Found up-to-date module file ../../../Engine/Plugins/Media/ImgMedia/Binaries/Win64/UE4Editor-ImgMedia.dll (API version 3709383).
LogModuleManager: Display: Found up-to-date module file ../../../Engine/Plugins/Media/ImgMedia/Binaries/Win64/UE4Editor-ImgMediaEditor.dll (API version 3709383).
LogModuleManager: Display: Found up-to-date module file ../../../Engine/Plugins/Media/ImgMedia/Binaries/Win64/UE4Editor-ImgMediaFactory.dll (API version 3709383).
LogModuleManager: Display: Found up-to-date module file ../../../Engine/Plugins/Media/ImgMedia/Binaries/Win64/UE4Editor-ImgMediaFactory.dll (API version 3709383).
LogModuleManager: Display: Found up-to-date module file ../../../Engine/Plugins/Media/ImgMedia/Binaries/Win64/UE4Editor-OpenExrWrapper.dll (API version 3709383).
LogModuleManager: Display: Found up-to-date module file ../../../Engine/Plugins/Media/MediaCompositing/Binaries/Win64/UE4Editor-MediaCompositing.dll (API version 3709383).
LogModuleManager: Display: Found up-to-date module file ../../../Engine/Plugins/Media/MediaCompositing/Binaries/Win64/UE4Editor-MediaCompositingEditor.dll (API version 3709383).
LogModuleManager: Display: Found up-to-date module file ../../../Engine/Plugins/Media/MediaPlayerEditor/Binaries/Win64/UE4Editor-MediaPlayerEditor.dll (API version 3709383).
LogModuleManager: Display: Found up-to-date module file ../../../Engine/Plugins/Media/WmfMedia/Binaries/Win64/UE4Editor-WmfMedia.dll (API version 3709383).
LogModuleManager: Display: Found up-to-date module file ../../../Engine/Plugins/Media/WmfMedia/Binaries/Win64/UE4Editor-WmfMediaEditor.dll (API version 3709383).
LogModuleManager: Display: Found up-to-date module file ../../../Engine/Plugins/Media/WmfMedia/Binaries/Win64/UE4Editor-WmfMediaFactory.dll (API version 3709383).
LogModuleManager: Display: Found up-to-date module file ../../../Engine/Plugins/Media/WmfMedia/Binaries/Win64/UE4Editor-WmfMediaFactory.dll (API version 3709383).
LogModuleManager: Display: Found up-to-date module file ../../../Engine/Plugins/Messaging/TcpMessaging/Binaries/Win64/UE4Editor-TcpMessaging.dll (API version 3709383).
LogModuleManager: Display: Found up-to-date module file ../../../Engine/Plugins/Messaging/UdpMessaging/Binaries/Win64/UE4Editor-UdpMessaging.dll (API version 3709383).
LogModuleManager: Display: Found up-to-date module file ../../../Engine/Plugins/MovieScene/ActorSequence/Binaries/Win64/UE4Editor-ActorSequence.dll (API version 3709383).
LogModuleManager: Display: Found up-to-date module file ../../../Engine/Plugins/MovieScene/LevelSequenceEditor/Binaries/Win64/UE4Editor-LevelSequenceEditor.dll (API version 3709383).
LogModuleManager: Display: Found up-to-date module file ../../../Engine/Plugins/MovieScene/MatineeToLevelSequence/Binaries/Win64/UE4Editor-MatineeToLevelSequence.dll (API version 3709383).
LogModuleManager: Display: Found up-to-date module file ../../../Engine/Plugins/Online/OnlineSubsystem/Binaries/Win64/UE4Editor-OnlineSubsystem.dll (API version 3709383).
LogModuleManager: Display: Found up-to-date module file ../../../Engine/Plugins/Runtime/AndroidPermission/Binaries/Win64/UE4Editor-AndroidPermission.dll (API version 3709383).
LogModuleManager: Display: Found up-to-date module file ../../../Engine/Plugins/Online/OnlineSubsystemNull/Binaries/Win64/UE4Editor-OnlineSubsystemNull.dll (API version 3709383).
LogModuleManager: Display: Found up-to-date module file ../../../Engine/Plugins/Online/OnlineSubsystemUtils/Binaries/Win64/UE4Editor-OnlineSubsystemUtils.dll (API version 3709383).
LogModuleManager: Display: Found up-to-date module file ../../../Engine/Plugins/Online/OnlineSubsystemUtils/Binaries/Win64/UE4Editor-OnlineBlueprintSupport.dll (API version 3709383).
LogModuleManager: Display: Found up-to-date module file ../../../Engine/Plugins/Runtime/AndroidDeviceProfileSelector/Binaries/Win64/UE4Editor-AndroidDeviceProfileSelector.dll (API version 3709383).
LogModuleManager: Display: Found up-to-date module file ../../../Engine/Plugins/Runtime/AppleARKit/Binaries/Win64/UE4Editor-AppleARKit.dll (API version 3709383).
LogModuleManager: Display: Found up-to-date module file ../../../Engine/Plugins/Runtime/ArchVisCharacter/Binaries/Win64/UE4Editor-ArchVisCharacter.dll (API version 3709383).
LogModuleManager: Display: Found up-to-date module file ../../../Engine/Plugins/Runtime/CableComponent/Binaries/Win64/UE4Editor-CableComponent.dll (API version 3709383).
LogModuleManager: Display: Found up-to-date module file ../../../Engine/Plugins/Runtime/CustomMeshComponent/Binaries/Win64/UE4Editor-CustomMeshComponent.dll (API version 3709383).
LogModuleManager: Display: Found up-to-date module file ../../../Engine/Plugins/Runtime/ExampleDeviceProfileSelector/Binaries/Win64/UE4Editor-ExampleDeviceProfileSelector.dll (API version 3709383).
LogModuleManager: Display: Found up-to-date module file ../../../Engine/Plugins/Runtime/ImmediatePhysics/Binaries/Win64/UE4Editor-ImmediatePhysics.dll (API version 3709383).
LogModuleManager: Display: Found up-to-date module file ../../../Engine/Plugins/Runtime/ImmediatePhysics/Binaries/Win64/UE4Editor-ImmediatePhysicsEditor.dll (API version 3709383).
LogModuleManager: Display: Found up-to-date module file ../../../Engine/Plugins/Runtime/LocationServicesBPLibrary/Binaries/Win64/UE4Editor-LocationServicesBPLibrary.dll (API version 3709383).
LogModuleManager: Display: Found up-to-date module file ../../../Engine/Plugins/Runtime/MobilePatchingUtils/Binaries/Win64/UE4Editor-MobilePatchingUtils.dll (API version 3709383).
LogModuleManager: Display: Found up-to-date module file ../../../Engine/Plugins/Runtime/Oculus/OculusVR/Binaries/Win64/UE4Editor-OculusHMD.dll (API version 3709383).
LogModuleManager: Display: Found up-to-date module file ../../../Engine/Plugins/Runtime/Oculus/OculusVR/Binaries/Win64/UE4Editor-OculusInput.dll (API version 3709383).
LogModuleManager: Display: Found up-to-date module file ../../../Engine/Plugins/Runtime/Oculus/OculusVR/Binaries/Win64/UE4Editor-OculusEditor.dll (API version 3709383).
LogModuleManager: Display: Found up-to-date module file ../../../Engine/Plugins/Runtime/PhysXVehicles/Binaries/Win64/UE4Editor-PhysXVehicles.dll (API version 3709383).
LogModuleManager: Display: Found up-to-date module file ../../../Engine/Plugins/Runtime/PhysXVehicles/Binaries/Win64/UE4Editor-PhysXVehiclesEditor.dll (API version 3709383).
LogModuleManager: Display: Found up-to-date module file ../../../Engine/Plugins/Runtime/ProceduralMeshComponent/Binaries/Win64/UE4Editor-ProceduralMeshComponent.dll (API version 3709383).
LogModuleManager: Display: Found up-to-date module file ../../../Engine/Plugins/Runtime/ProceduralMeshComponent/Binaries/Win64/UE4Editor-ProceduralMeshComponentEditor.dll (API version 3709383).
LogModuleManager: Display: Found up-to-date module file ../../../Engine/Plugins/Runtime/RuntimePhysXCooking/Binaries/Win64/UE4Editor-RuntimePhysXCooking.dll (API version 3709383).
LogModuleManager: Display: Found up-to-date module file ../../../Engine/Plugins/Runtime/Steam/SteamVR/Binaries/Win64/UE4Editor-SteamVR.dll (API version 3709383).
LogModuleManager: Display: Found up-to-date module file ../../../Engine/Plugins/Runtime/Steam/SteamVR/Binaries/Win64/UE4Editor-SteamVRController.dll (API version 3709383).
LogModuleManager: Display: Found up-to-date module file ../../../Engine/Plugins/Runtime/WindowsMoviePlayer/Binaries/Win64/UE4Editor-WindowsMoviePlayer.dll (API version 3709383).
LogPluginManager: Mounting plugin Paper2D
LogPluginManager: Mounting plugin LightPropagationVolume
LogPluginManager: Mounting plugin CodeLiteSourceCodeAccess
LogPluginManager: Mounting plugin GitSourceControl
LogPluginManager: Mounting plugin KDevelopSourceCodeAccess
LogPluginManager: Mounting plugin NullSourceCodeAccess
LogPluginManager: Mounting plugin PerforceSourceControl
LogPluginManager: Mounting plugin SubversionSourceControl
LogPluginManager: Mounting plugin UObjectPlugin
LogPluginManager: Mounting plugin VisualStudioCodeSourceCodeAccess
LogPluginManager: Mounting plugin VisualStudioSourceCodeAccess
LogPluginManager: Mounting plugin XCodeSourceCodeAccess
LogPluginManager: Mounting plugin AssetManagerEditor
LogPluginManager: Mounting plugin AudioCapture
LogPluginManager: Mounting plugin FacialAnimation
LogPluginManager: Mounting plugin GameplayTagsEditor
LogPluginManager: Mounting plugin MobileLauncherProfileWizard
LogPluginManager: Mounting plugin PluginBrowser
LogPluginManager: Mounting plugin SpeedTreeImporter
LogPluginManager: Mounting plugin AlembicImporter
LogPluginManager: Mounting plugin CharacterAI
LogPluginManager: Mounting plugin HTML5Networking
LogPluginManager: Mounting plugin LowEntryExtStdLib
LogPluginManager: Mounting plugin AndroidMedia
LogPluginManager: Mounting plugin AvfMedia
LogPluginManager: Mounting plugin ImgMedia
LogPluginManager: Mounting plugin MediaCompositing
LogPluginManager: Mounting plugin MediaPlayerEditor
LogPluginManager: Mounting plugin WmfMedia
LogPluginManager: Mounting plugin TcpMessaging
LogPluginManager: Mounting plugin UdpMessaging
LogPluginManager: Mounting plugin ActorSequence
LogPluginManager: Mounting plugin LevelSequenceEditor
LogPluginManager: Mounting plugin MatineeToLevelSequence
LogPluginManager: Mounting plugin OnlineSubsystemGooglePlay
LogPluginManager: Mounting plugin OnlineSubsystemIOS
LogPluginManager: Mounting plugin OnlineSubsystem
LogPluginManager: Mounting plugin OnlineSubsystemNull
LogPluginManager: Mounting plugin OnlineSubsystemUtils
LogPluginManager: Mounting plugin AndroidDeviceProfileSelector
LogPluginManager: Mounting plugin AndroidMoviePlayer
LogPluginManager: Mounting plugin AndroidPermission
LogPluginManager: Mounting plugin AppleARKit
LogPluginManager: Mounting plugin AppleMoviePlayer
LogPluginManager: Mounting plugin ArchVisCharacter
LogPluginManager: Mounting plugin CableComponent
LogPluginManager: Mounting plugin CustomMeshComponent
LogPluginManager: Mounting plugin ExampleDeviceProfileSelector
LogPluginManager: Mounting plugin GoogleCloudMessaging
LogPluginManager: Mounting plugin ImmediatePhysics
LogPluginManager: Mounting plugin IOSDeviceProfileSelector
LogPluginManager: Mounting plugin LinuxDeviceProfileSelector
LogPluginManager: Mounting plugin LocationServicesBPLibrary
LogPluginManager: Mounting plugin MobilePatchingUtils
LogPluginManager: Mounting plugin OculusVR
LogPluginManager: Plugin shader directory ../../../Engine/Plugins/Runtime/Oculus/OculusVR/Shaders found
LogPluginManager: Mapping shader source directory ../../../Engine/Plugins/Runtime/Oculus/OculusVR/Shaders to virtual directory /Plugin/OculusVR
LogPluginManager: Mounting plugin PhysXVehicles
LogPluginManager: Mounting plugin ProceduralMeshComponent
LogPluginManager: Mounting plugin RuntimePhysXCooking
LogPluginManager: Mounting plugin SteamVR
LogPluginManager: Mounting plugin WindowsMoviePlayer
LogInit: Using libcurl 7.47.1
LogInit:  - built for x86_64-pc-win32
LogInit:  - supports SSL with OpenSSL/1.0.2g
LogInit:  - supports HTTP deflate (compression) using libz 1.2.8
LogInit:  - other features:
LogInit:      CURL_VERSION_SSL
LogInit:      CURL_VERSION_LIBZ
LogInit:      CURL_VERSION_IPV6
LogInit:      CURL_VERSION_ASYNCHDNS
LogInit:      CURL_VERSION_LARGEFILE
LogInit:      CURL_VERSION_IDN
LogInit:  CurlRequestOptions (configurable via config and command line):
LogInit:  - bVerifyPeer = false  - Libcurl will NOT verify peer certificate
LogInit:  - bUseHttpProxy = true  - Libcurl will use HTTP proxy
LogInit:  - HttpProxyAddress = '127.0.0.1:8080'
LogInit:  - bDontReuseConnections = false  - Libcurl will reuse connections
LogInit:  - CertBundlePath = nullptr  - Libcurl will use whatever was configured at build time.
LogInit: Build: ++UE4+Release-4.18-CL-3832480
LogInit: Engine Version: 4.18.3-3832480+++UE4+Release-4.18
LogInit: Compatible Engine Version: 4.18.0-3709383+++UE4+Release-4.18
LogInit: Net CL: 3709383
LogDevObjectVersion: Number of dev versions registered: 16
LogDevObjectVersion:   Dev-Blueprints (B0D832E4-1F89-4F0D-ACCF-7EB736FD4AA2): 10
LogDevObjectVersion:   Dev-Build (E1C64328-A22C-4D53-A36C-8E866417BD8C): 0
LogDevObjectVersion:   Dev-Core (375EC13C-06E4-48FB-B500-84F0262A717E): 2
LogDevObjectVersion:   Dev-Editor (E4B068ED-F494-42E9-A231-DA0B2E46BB41): 20
LogDevObjectVersion:   Dev-Framework (CFFC743F-43B0-4480-9391-14DF171D2073): 30
LogDevObjectVersion:   Dev-Mobile (B02B49B5-BB20-44E9-A304-32B752E40360): 0
LogDevObjectVersion:   Dev-Networking (A4E4105C-59A1-49B5-A7C5-40C4547EDFEE): 0
LogDevObjectVersion:   Dev-Online (39C831C9-5AE6-47DC-9A44-9C173E1C8E7C): 0
LogDevObjectVersion:   Dev-Physics (78F01B33-EBEA-4F98-B9B4-84EACCB95AA2): 0
LogDevObjectVersion:   Dev-Platform (6631380F-2D4D-43E0-8009-CF276956A95A): 0
LogDevObjectVersion:   Dev-Rendering (12F88B9F-8875-4AFC-A67C-D90C383ABD29): 20
LogDevObjectVersion:   Dev-Sequencer (7B5AE74C-D270-4C10-A958-57980B212A5A): 4
LogDevObjectVersion:   Dev-VR (D7296918-1DD6-4BDD-9DE2-64A83CC13884): 0
LogDevObjectVersion:   Dev-LoadTimes (C2A15278-BFE7-4AFE-6C17-90FF531DF755): 1
LogDevObjectVersion:   Private-Geometry (6EACA3D4-40EC-4CC1-B786-8BED09428FC5): 1
LogDevObjectVersion:   Dev-AnimPhys (29E575DD-E0A3-4627-9D10-D276232CDCEA): 12
LogInit: Compiled (64-bit): Jan 12 2018 02:04:55
LogInit: Compiled with Visual C++: 19.00.24215.01
LogInit: Build Configuration: Development
LogInit: Branch Name: ++UE4+Release-4.18
LogInit: Command line: -EpicPortal 
LogInit: Base directory: E:/Program Files/Epic Games/UE_4.18/Engine/Binaries/Win64/
LogInit: Installed Engine Build: 1
LogInit: Presizing for max 8388607 objects, including 0 objects not considered by GC, pre-allocating 0 bytes for permanent pool.
LogInit: Object subsystem initialized
[2018.04.19-19.47.59:107][  0]LogInit: Selected Device Profile: [Windows]
[2018.04.19-19.47.59:107][  0]LogInit: Applying CVar settings loaded from the selected device profile: [Windows]
[2018.04.19-19.47.59:139][  0]LogInit: Computer: MAXENCE-PC
[2018.04.19-19.47.59:139][  0]LogInit: User: Maxence
[2018.04.19-19.47.59:140][  0]LogInit: CPU Page size=4096, Cores=4
[2018.04.19-19.47.59:140][  0]LogInit: High frequency timer resolution =3.906245 MHz
[2018.04.19-19.47.59:140][  0]LogMemory: Memory total: Physical=23.9GB (24GB approx)
[2018.04.19-19.47.59:140][  0]LogMemory: Platform Memory Stats for Windows
[2018.04.19-19.47.59:140][  0]LogMemory: Process Physical Memory: 274.24 MB used, 274.24 MB peak
[2018.04.19-19.47.59:140][  0]LogMemory: Process Virtual Memory: 269.93 MB used, 269.93 MB peak
[2018.04.19-19.47.59:140][  0]LogMemory: Physical Memory: 5851.46 MB used,  18673.23 MB free, 24524.68 MB total
[2018.04.19-19.47.59:140][  0]LogMemory: Virtual Memory: 682.93 MB used,  18673.23 MB free, 134217728.00 MB total
[2018.04.19-19.47.59:314][  0]LogInit: Using OS detected language (fr-FR).
[2018.04.19-19.47.59:314][  0]LogInit: Using OS detected locale (fr-FR).
[2018.04.19-19.47.59:317][  0]LogTextLocalizationManager: No localization for 'fr-FR' exists, so 'en' will be used for the language.
[2018.04.19-19.47.59:318][  0]LogTextLocalizationManager: No localization for 'fr-FR' exists, so 'en' will be used for the locale.
[2018.04.19-19.47.59:695][  0]LogInit: Setting process to per monitor DPI aware
[2018.04.19-19.47.59:976][  0]LogD3D11RHI: D3D11 adapters:
[2018.04.19-19.48.00:014][  0]LogD3D11RHI:    0. 'NVIDIA GeForce GTX 970' (Feature Level 11_0)
[2018.04.19-19.48.00:014][  0]LogD3D11RHI:       4043/0/12262 MB DedicatedVideo/DedicatedSystem/SharedSystem, Outputs:2, VendorId:0x10de
[2018.04.19-19.48.00:016][  0]LogD3D11RHI:    1. 'Microsoft Basic Render Driver' (Feature Level 11_0)
[2018.04.19-19.48.00:016][  0]LogD3D11RHI:       0/0/12262 MB DedicatedVideo/DedicatedSystem/SharedSystem, Outputs:0, VendorId:0x1414
[2018.04.19-19.48.00:016][  0]LogD3D11RHI: Chosen D3D11 Adapter: 0
[2018.04.19-19.48.00:021][  0]LogD3D11RHI: Creating new Direct3DDevice
[2018.04.19-19.48.00:021][  0]LogD3D11RHI:     GPU DeviceId: 0x13c2 (for the marketing name, search the web for "GPU Device Id")
[2018.04.19-19.48.00:021][  0]LogWindows: EnumDisplayDevices:
[2018.04.19-19.48.00:021][  0]LogWindows:    0. 'NVIDIA GeForce GTX 970' (P:1 D:1)
[2018.04.19-19.48.00:021][  0]LogWindows:    1. 'NVIDIA GeForce GTX 970' (P:0 D:1)
[2018.04.19-19.48.00:021][  0]LogWindows:    2. 'NVIDIA GeForce GTX 970' (P:0 D:0)
[2018.04.19-19.48.00:021][  0]LogWindows:    3. 'NVIDIA GeForce GTX 970' (P:0 D:0)
[2018.04.19-19.48.00:021][  0]LogWindows: DebugString: GetVideoDriverDetailsInvalid PrimaryIsNotTheChoosenAdapter GetVideoDriverDetailsInvalid PrimaryIsNotTheChoosenAdapter GetVideoDriverDetailsInvalid PrimaryIsNotTheChoosenAdapter GetVideoDriverDetailsInvalid PrimaryIsNotTheChoosenAdapter FoundDriverCount:0 
[2018.04.19-19.48.00:021][  0]LogD3D11RHI:     Adapter Name: NVIDIA GeForce GTX 970
[2018.04.19-19.48.00:021][  0]LogD3D11RHI:   Driver Version: Unknown (internal:Unknown, unified:Unknown)
[2018.04.19-19.48.00:021][  0]LogD3D11RHI:      Driver Date: Unknown
[2018.04.19-19.48.00:021][  0]LogRHI: Texture pool is 2830 MB (70% of 4043 MB)
[2018.04.19-19.48.00:049][  0]LogD3D11RHI: Async texture creation enabled
[2018.04.19-19.48.00:099][  0]LogD3D11RHI: GPU Timing Frequency: 1000.000000 (Debug: 2 2)
[2018.04.19-19.48.00:150][  0]LogShaderCompilers: Guid format shader working directory is -21 characters bigger than the processId version (../../../../../../Program Files (x86)/UnknownLegacy/UnknownLegacy_Ok/Intermediate/Shaders/WorkingDirectory/19328/).
[2018.04.19-19.48.00:150][  0]LogShaderCompilers: Cleaned the shader compiler working directory 'C:/Users/Maxence/AppData/Local/Temp/UnrealShaderWorkingDir/9B6C63054B80487D2C3AAA9E4A35F68E/'.
[2018.04.19-19.48.00:150][  0]LogShaderCompilers: Display: Using Local Shader Compiler.
[2018.04.19-19.48.00:972][  0]LogTemp: Display: Loaded TP AllDesktopTargetPlatform
[2018.04.19-19.48.01:014][  0]LogTemp: Display: Loaded TP MacClientTargetPlatform
[2018.04.19-19.48.01:054][  0]LogTemp: Display: Loaded TP MacNoEditorTargetPlatform
[2018.04.19-19.48.01:095][  0]LogTemp: Display: Loaded TP MacServerTargetPlatform
[2018.04.19-19.48.01:151][  0]LogTemp: Display: Loaded TP MacTargetPlatform
[2018.04.19-19.48.01:192][  0]LogTemp: Display: Loaded TP WindowsClientTargetPlatform
[2018.04.19-19.48.01:232][  0]LogTemp: Display: Loaded TP WindowsNoEditorTargetPlatform
[2018.04.19-19.48.01:272][  0]LogTemp: Display: Loaded TP WindowsServerTargetPlatform
[2018.04.19-19.48.01:306][  0]LogTemp: Display: Loaded TP WindowsTargetPlatform
[2018.04.19-19.48.01:345][  0]LogTemp: Display: Loaded TP Android_ASTCTargetPlatform
[2018.04.19-19.48.01:385][  0]LogTemp: Display: Loaded TP Android_ATCTargetPlatform
[2018.04.19-19.48.01:424][  0]LogTemp: Display: Loaded TP Android_DXTTargetPlatform
[2018.04.19-19.48.01:464][  0]LogTemp: Display: Loaded TP Android_ETC1TargetPlatform
[2018.04.19-19.48.01:504][  0]LogTemp: Display: Loaded TP Android_ETC2TargetPlatform
[2018.04.19-19.48.01:584][  0]LogTemp: Display: Loaded TP Android_MultiTargetPlatform
[2018.04.19-19.48.01:584][  0]LogTemp: Display: Loaded TP Android_PVRTCTargetPlatform
[2018.04.19-19.48.01:624][  0]LogTemp: Display: Loaded TP AndroidTargetPlatform
[2018.04.19-19.48.01:653][  0]LogTemp: Display: Loaded TP HTML5TargetPlatform
[2018.04.19-19.48.01:725][  0]LogTemp: Display: Loaded TP IOSTargetPlatform
[2018.04.19-19.48.01:757][  0]LogTemp: Display: Loaded TP TVOSTargetPlatform
[2018.04.19-19.48.01:798][  0]LogTemp: Display: Loaded TP LinuxClientTargetPlatform
[2018.04.19-19.48.01:838][  0]LogTemp: Display: Loaded TP LinuxNoEditorTargetPlatform
[2018.04.19-19.48.01:877][  0]LogTemp: Display: Loaded TP LinuxServerTargetPlatform
[2018.04.19-19.48.01:918][  0]LogTemp: Display: Loaded TP LinuxTargetPlatform
[2018.04.19-19.48.01:918][  0]LogTargetPlatformManager: Display: Building Assets For Windows
[2018.04.19-19.48.02:265][  0]LogDerivedDataCache: Display: Max Cache Size: 512 MB
[2018.04.19-19.48.02:325][  0]LogDerivedDataCache: Loaded boot cache 0.06s 78MB C:/Users/Maxence/AppData/Local/UnrealEngine/4.18/DerivedDataCache/Boot.ddc.
[2018.04.19-19.48.02:325][  0]LogDerivedDataCache: Display: Loaded Boot cache: C:/Users/Maxence/AppData/Local/UnrealEngine/4.18/DerivedDataCache/Boot.ddc
[2018.04.19-19.48.02:326][  0]LogDerivedDataCache: FDerivedDataBackendGraph:  Pak pak cache file ../../../../../../Program Files (x86)/UnknownLegacy/UnknownLegacy_Ok/DerivedDataCache/DDC.ddp not found, will not use a pak cache.
[2018.04.19-19.48.02:326][  0]LogDerivedDataCache: Unable to find inner node Pak for hierarchical cache Hierarchy.
[2018.04.19-19.48.02:326][  0]LogDerivedDataCache: FDerivedDataBackendGraph:  CompressedPak pak cache file ../../../../../../Program Files (x86)/UnknownLegacy/UnknownLegacy_Ok/DerivedDataCache/Compressed.ddp not found, will not use a pak cache.
[2018.04.19-19.48.02:326][  0]LogDerivedDataCache: Unable to find inner node CompressedPak for hierarchical cache Hierarchy.
[2018.04.19-19.48.02:339][  0]LogDerivedDataCache: Display: Pak cache opened for reading ../../../Engine/DerivedDataCache/Compressed.ddp.
[2018.04.19-19.48.02:350][  0]LogDerivedDataCache: Using Local data cache path C:/Users/Maxence/AppData/Local/UnrealEngine/Common/DerivedDataCache: Writable
[2018.04.19-19.48.02:367][  0]LogMaterial: Verifying Global Shaders for PCD3D_SM5
[2018.04.19-19.48.02:368][  0]LogSlate: Using Freetype 2.6.0
[2018.04.19-19.48.02:369][  0]LogSlate: SlateFontCache - WITH_FREETYPE: 1, WITH_HARFBUZZ: 1
[2018.04.19-19.48.02:369][  0]LogSlate: SlateFontCache - WITH_FREETYPE: 1, WITH_HARFBUZZ: 1
[2018.04.19-19.48.02:726][  0]LogInit: Selected Device Profile: [Windows]
[2018.04.19-19.48.03:008][  0]LogSimplygon: Simplygon DLL not present - disabling.
[2018.04.19-19.48.03:041][  0]LogMeshReduction: Using SimplygonSwarm for distributed automatic mesh merging
[2018.04.19-19.48.03:041][  0]LogMeshReduction: Using QuadricMeshReduction for automatic static mesh reduction
[2018.04.19-19.48.03:042][  0]LogMeshReduction: No automatic skeletal mesh reduction module available
[2018.04.19-19.48.03:042][  0]LogMeshReduction: No automatic mesh merging module available
[2018.04.19-19.48.03:042][  0]LogMeshMerging: No automatic mesh merging module available
[2018.04.19-19.48.03:102][  0]LogNetVersion: UnknownLegacy_Ok , NetCL: 3709383, EngineNetVer: 2, GameNetVer: 0 (Checksum: 1015185601)
[2018.04.19-19.48.03:245][  0]LogAssetRegistry: FAssetRegistry took 0.0250 seconds to start up
[2018.04.19-19.48.03:649][  0]LogPackageLocalizationCache: Processed 8 localized package path(s) for 1 prioritized culture(s) in 0.031231 seconds
[2018.04.19-19.48.03:654][  0]LogUObjectArray: 35870 objects as part of root set at end of initial load.
[2018.04.19-19.48.03:654][  0]LogUObjectAllocator: 7363704 out of 0 bytes used by permanent object pool.
[2018.04.19-19.48.03:654][  0]LogUObjectArray: CloseDisregardForGC: 0/0 objects in disregard for GC pool
[2018.04.19-19.48.03:688][  0]LogInit: WinSock: version 1.1 (2.2), MaxSocks=32767, MaxUdp=65467
[2018.04.19-19.48.06:414][  0]LogTcpMessaging: Initializing TcpMessaging bridge
[2018.04.19-19.48.06:453][  0]LogUdpMessaging: Initializing bridge on interface 0.0.0.0:0 to multicast group 230.0.0.1:6666.
[2018.04.19-19.48.07:139][  0]LogMaterial: Uniform references updated for custom material expression Custom.
[2018.04.19-19.48.07:487][  0]SourceControl: Source control is disabled
[2018.04.19-19.48.07:487][  0]SourceControl: Source control is disabled
[2018.04.19-19.48.07:533][  0]SourceControl: Source control is disabled
[2018.04.19-19.48.07:578][  0]SourceControl: Source control is disabled
[2018.04.19-19.48.08:335][  0]LogAndroidPermission: UAndroidPermissionCallbackProxy::GetInstance
[2018.04.19-19.48.08:577][  0]LogOcInput: OculusInput pre-init called
[2018.04.19-19.48.08:840][  0]LogEngine: Initializing Engine...
[2018.04.19-19.48.08:842][  0]LogHMD: Failed to initialize OpenVR with code 110
[2018.04.19-19.48.09:028][  0]LogStats: UGameplayTagsManager::ConstructGameplayTagTree: Construct from data asset -  0.000 s
[2018.04.19-19.48.09:029][  0]LogStats: UGameplayTagsManager::ConstructGameplayTagTree: GameplayTagTreeChangedEvent.Broadcast -  0.000 s
[2018.04.19-19.48.09:124][  0]LogAIModule: Creating AISystem for world Untitled
[2018.04.19-19.48.09:133][  0]LogInit: XAudio2 using 'Casque (SteelSeries Arctis 5 Game)' : 2 channels at 48 kHz using 16 bits per sample (channel mask 0x3)
[2018.04.19-19.48.09:148][  0]LogInit: FAudioDevice initialized.
[2018.04.19-19.48.09:222][  0]LogDerivedDataCache: Saved boot cache 0.07s 78MB C:/Users/Maxence/AppData/Local/UnrealEngine/4.18/DerivedDataCache/Boot.ddc.
[2018.04.19-19.48.09:232][  0]LogInit: Texture streaming: Enabled
[2018.04.19-19.48.09:295][  0]LogEngineSessionManager: EngineSessionManager initialized
[2018.04.19-19.48.09:417][  0]LogInit: Transaction tracking system initialized
[2018.04.19-19.48.09:652][  0]BlueprintLog: New page: Editor Load
[2018.04.19-19.48.10:360][  0]LocalizationService: Localization service is disabled
[2018.04.19-19.48.11:034][  0]LogConsoleResponse: Display: 
[2018.04.19-19.48.11:180][  0]LogCook: Display: Max memory allowance for cook 16384mb min free memory 0mb
[2018.04.19-19.48.11:180][  0]LogCook: Display: Mobile HDR setting 1
[2018.04.19-19.48.11:180][  0]LogGameplayTags: Display: UGameplayTagsManager::DoneAddingNativeTags. DelegateIsBound: 0
[2018.04.19-19.48.12:247][  0]LogFileCache: Scanning file cache for directory 'E:/Program Files (x86)/UnknownLegacy/UnknownLegacy_Ok/Content/' took 0.02s
[2018.04.19-19.48.12:286][  0]SourceControl: Source control is disabled
[2018.04.19-19.48.12:286][  0]Cmd: MAP LOAD FILE="../../../../../../Program Files (x86)/UnknownLegacy/UnknownLegacy_Ok/Content/FirstPersonBP/Maps/FirstPersonExampleMap.umap" TEMPLATE=0 SHOWPROGRESS=1 FEATURELEVEL=3
[2018.04.19-19.48.12:286][  0]LogEditorServer: Warning: Can't find file '../../../../../../Program Files (x86)/UnknownLegacy/UnknownLegacy_Ok/Content/FirstPersonBP/Maps/FirstPersonExampleMap.umap'
[2018.04.19-19.48.12:287][  0]Cmd: MAP CHECKDEP NOCLEARLOG
[2018.04.19-19.48.12:358][  0]MapCheck: Map check complete: 0 Error(s), 0 Warning(s), took 71.42ms to complete.
[2018.04.19-19.48.12:358][  0]LogFileHelpers: Loading map 'FirstPersonExampleMap' took 0.072
[2018.04.19-19.48.12:475][  0]LogWindowsTextInputMethodSystem: Display: IME system now deactivated.
[2018.04.19-19.48.12:598][  0]LogCollectionManager: Loaded 0 collections in 0.001272 seconds
[2018.04.19-19.48.12:685][  0]LogFileCache: Scanning file cache for directory 'E:/Program Files (x86)/UnknownLegacy/UnknownLegacy_Ok/Saved/Collections/' took 0.01s
[2018.04.19-19.48.12:685][  0]LogFileCache: Scanning file cache for directory 'E:/Program Files (x86)/UnknownLegacy/UnknownLegacy_Ok/Content/Developers/Maxence/Collections/' took 0.01s
[2018.04.19-19.48.12:685][  0]LogFileCache: Scanning file cache for directory 'E:/Program Files (x86)/UnknownLegacy/UnknownLegacy_Ok/Content/Collections/' took 0.01s
[2018.04.19-19.48.12:685][  0]LogCollectionManager: Rebuilt the GUID cache for 0 collections in 0.000000 seconds
[2018.04.19-19.48.12:693][  0]LogContentBrowser: Native class hierarchy populated in 0.0073 seconds. Added 2388 classes and 528 folders.
[2018.04.19-19.48.12:738][  0]LogContentBrowser: Native class hierarchy updated for 'WidgetCarousel' in 0.0002 seconds. Added 0 classes and 0 folders.
[2018.04.19-19.48.12:786][  0]LogContentBrowser: Native class hierarchy updated for 'AddContentDialog' in 0.0002 seconds. Added 0 classes and 0 folders.
[2018.04.19-19.48.12:819][  0]LogContentBrowser: Native class hierarchy updated for 'SceneOutliner' in 0.0003 seconds. Added 1 classes and 2 folders.
[2018.04.19-19.48.12:833][  0]LogSlate: Took 0.000213 seconds to synchronously load lazily loaded font '../../../Engine/Content/Slate/Fonts/Roboto-Regular.ttf' (155K)
[2018.04.19-19.48.12:836][  0]LogSlate: Took 0.000278 seconds to synchronously load lazily loaded font '../../../Engine/Content/Slate/Fonts/Roboto-Bold.ttf' (160K)
[2018.04.19-19.48.12:840][  0]LogSlate: Took 0.000239 seconds to synchronously load lazily loaded font '../../../Engine/Content/Editor/Slate/Fonts/FontAwesome.ttf' (139K)
[2018.04.19-19.48.12:923][  0]LogRenderer: Reallocating scene render targets to support 1208x576 Format 10 NumSamples 1 (Frame:1).
[2018.04.19-19.48.13:065][  0]LogContentBrowser: Native class hierarchy updated for 'HierarchicalLODOutliner' in 0.0003 seconds. Added 1 classes and 2 folders.
[2018.04.19-19.48.13:065][  0]LogLoad: (Engine Initialization) Total time: 16.36 seconds
[2018.04.19-19.48.13:065][  0]LogLoad: (Engine Initialization) Total Blueprint compile time: 0.00 seconds
[2018.04.19-19.48.13:065][  0]LogExternalProfiler: No external profilers were discovered.  External profiling features will not be available.
[2018.04.19-19.48.13:093][  0]LogContentStreaming: Texture pool size now 1000 MB
[2018.04.19-19.48.13:192][  0]LogSlate: Took 0.000252 seconds to synchronously load lazily loaded font '../../../Engine/Content/Slate/Fonts/Roboto-Light.ttf' (159K)
[2018.04.19-19.48.13:208][  1]LogAssetRegistry: Asset discovery search completed in 9.9843 seconds
[2018.04.19-19.48.13:210][  1]LogCollectionManager: Rebuilt the object cache for 0 collections in 0.000000 seconds (found 0 objects)
[2018.04.19-19.48.13:210][  1]LogCollectionManager: Fixed up redirectors for 0 collections in 0.000041 seconds (updated 0 objects)
[2018.04.19-19.48.20:097][823]LogSlate: Took 0.000187 seconds to synchronously load lazily loaded font '../../../Engine/Content/Slate/Fonts/Roboto-Light.ttf' (159K)
[2018.04.19-19.48.20:177][823]LogLinker: Warning: Can't find file '/Game/FirstPerson/Textures/FirstPersonCrosshair'
[2018.04.19-19.48.20:177][823]LogLinker: Warning: Can't find file for asset '/Game/FirstPerson/Textures/FirstPersonCrosshair' while loading ../../../../../../Program Files (x86)/UnknownLegacy/UnknownLegacy_Ok/Content/OLD/FirstPersonBP/Blueprints/FirstPersonHUD.uasset.
[2018.04.19-19.48.20:177][823]LoadErrors: Error: /Game/OLD/FirstPersonBP/Blueprints/FirstPersonHUD : Can't find file for asset. /Game/FirstPerson/Textures/FirstPersonCrosshair
[2018.04.19-19.48.20:177][823]LogLinker: Warning: Can't find file '/Game/FirstPerson/Textures/FirstPersonCrosshair'
[2018.04.19-19.48.20:177][823]LogLinker: Warning: Can't find file for asset '/Game/FirstPerson/Textures/FirstPersonCrosshair' while loading ../../../../../../Program Files (x86)/UnknownLegacy/UnknownLegacy_Ok/Content/OLD/FirstPersonBP/Blueprints/FirstPersonHUD.uasset.
[2018.04.19-19.48.20:178][823]LogLinker: Warning: Can't find file '/Game/FirstPerson/Textures/FirstPersonCrosshair'
[2018.04.19-19.48.20:178][823]LogLinker: Warning: Can't find file for asset '/Game/FirstPerson/Textures/FirstPersonCrosshair' while loading ../../../../../../Program Files (x86)/UnknownLegacy/UnknownLegacy_Ok/Content/OLD/FirstPersonBP/Blueprints/FirstPersonGameMode.uasset.
[2018.04.19-19.48.20:178][823]LoadErrors: Error: /Game/OLD/FirstPersonBP/Blueprints/FirstPersonGameMode : Can't find file for asset. /Game/FirstPerson/Textures/FirstPersonCrosshair
[2018.04.19-19.48.20:178][823]LogLinker: Warning: Can't find file '/Game/FirstPerson/Textures/FirstPersonCrosshair'
[2018.04.19-19.48.20:178][823]LogLinker: Warning: Can't find file for asset '/Game/FirstPerson/Textures/FirstPersonCrosshair' while loading ../../../../../../Program Files (x86)/UnknownLegacy/UnknownLegacy_Ok/Content/OLD/FirstPersonBP/Blueprints/FirstPersonGameMode.uasset.
[2018.04.19-19.48.20:179][823]LogLinker: Warning: Can't find file '/Game/FirstPerson/Textures/FirstPersonCrosshair'
[2018.04.19-19.48.20:179][823]LoadErrors: Failed to load /Game/FirstPerson/Textures/FirstPersonCrosshair.FirstPersonCrosshair Referenced by K2Node_CallFunction_12988
[2018.04.19-19.48.20:179][823]LogLinker: Warning: Can't find file for asset '/Game/FirstPerson/Textures/FirstPersonCrosshair' while loading ../../../../../../Program Files (x86)/UnknownLegacy/UnknownLegacy_Ok/Content/OLD/FirstPersonBP/Blueprints/FirstPersonGameMode.uasset.
[2018.04.19-19.48.20:343][823]LogAIModule: Creating AISystem for world BaseLevel
[2018.04.19-19.48.20:362][823]Cmd: MAP LOAD FILE="../../../../../../Program Files (x86)/UnknownLegacy/UnknownLegacy_Ok/Content/UnknownLegacy/Levels/BaseLevel/BaseLevel.umap" TEMPLATE=0 SHOWPROGRESS=1 FEATURELEVEL=3
[2018.04.19-19.48.20:362][823]LightingResults: New page: Lighting Build
[2018.04.19-19.48.20:393][823]LogContentBrowser: Native class hierarchy updated for 'StatsViewer' in 0.0003 seconds. Added 5 classes and 0 folders.
[2018.04.19-19.48.20:393][823]LoadErrors: New page: Loading map: BaseLevel.umap
[2018.04.19-19.48.20:394][823]MapCheck: New page: Map Check
[2018.04.19-19.48.20:394][823]LightingResults: New page: Lighting Build
[2018.04.19-19.48.20:405][823]LogEditorServer: Finished looking for orphan Actors (0.000 secs)
[2018.04.19-19.48.20:441][823]Cmd: MAP CHECKDEP NOCLEARLOG
[2018.04.19-19.48.20:493][823]MapCheck: Map check complete: 0 Error(s), 0 Warning(s), took 52.046ms to complete.
[2018.04.19-19.48.20:493][823]LogFileHelpers: Loading map 'BaseLevel' took 0.132
[2018.04.19-19.48.29:692][918]LogEditorViewport: Clicking on Actor (LMB): StaticMeshActor (test_textures)
[2018.04.19-19.51.53:580][622]LogSavePackage: Save=22.05ms
[2018.04.19-19.51.53:580][622]LogSavePackage: Moving '../../../../../../Program Files (x86)/UnknownLegacy/UnknownLegacy_Ok/Saved/BaseLevel2B3481C045BEBCE905E458ACDE0556AB.tmp' to '../../../../../../Program Files (x86)/UnknownLegacy/UnknownLegacy_Ok/Content/UnknownLegacy/Levels/BaseLevel/BaseLevel.umap'
[2018.04.19-19.51.53:581][622]LogSavePackage: Display: Finished SavePackage ../../../../../../Program Files (x86)/UnknownLegacy/UnknownLegacy_Ok/Content/UnknownLegacy/Levels/BaseLevel/BaseLevel.umap
[2018.04.19-19.51.53:638][622]LogSavePackage: Save=17.52ms
[2018.04.19-19.51.53:638][622]LogSavePackage: Moving '../../../../../../Program Files (x86)/UnknownLegacy/UnknownLegacy_Ok/Saved/BaseLevel_BuiltData42DFB3E444EC1B5B999606B665EDDC66.tmp' to '../../../../../../Program Files (x86)/UnknownLegacy/UnknownLegacy_Ok/Content/UnknownLegacy/Levels/BaseLevel/BaseLevel_BuiltData.uasset'
[2018.04.19-19.51.53:640][622]LogSavePackage: Display: Finished SavePackage ../../../../../../Program Files (x86)/UnknownLegacy/UnknownLegacy_Ok/Content/UnknownLegacy/Levels/BaseLevel/BaseLevel_BuiltData.uasset
[2018.04.19-19.52.28:675][380]LogContentBrowser: Native class hierarchy updated for 'MaterialEditor' in 0.0004 seconds. Added 1 classes and 0 folders.
[2018.04.19-19.52.28:677][380]LogMaterial: Missing cached shader map for material WhiteWallTile, compiling. 
[2018.04.19-19.52.28:967][380]LogMaterial: Missing cached shader map for material WhiteWallTile, compiling. 
[2018.04.19-19.52.28:985][380]LogMaterial: Missing cached shader map for material WhiteWallTile, compiling. 
[2018.04.19-19.52.29:030][380]LogMaterial: Missing cached shader map for material FMatExpressionPreview MaterialExpressionTextureSample_0, compiling. 
[2018.04.19-19.52.29:034][380]LogMaterial: Missing cached shader map for material FMatExpressionPreview MaterialExpressionTextureSample_1, compiling. 
[2018.04.19-19.52.29:047][380]LogSlate: Took 0.000568 seconds to synchronously load lazily loaded font '../../../Engine/Content/Editor/Slate/Fonts/Roboto-BoldCondensed.ttf' (158K)
[2018.04.19-19.52.31:695][513]MaterialEditorStats: Base pass shader: 108 instructions
[2018.04.19-19.52.31:695][513]MaterialEditorStats: Base pass shader with Surface Lightmap: 125 instructions
[2018.04.19-19.52.31:695][513]MaterialEditorStats: Base pass shader with Volumetric Lightmap: 181 instructions
[2018.04.19-19.52.31:695][513]MaterialEditorStats: Vertex shader: 31 instructions
[2018.04.19-19.52.31:695][513]MaterialEditorStats: Texture samplers: 5/16
[2018.04.19-19.52.31:695][513]MaterialEditorStats: User interpolators: 2/4 Scalars (1/4 Vectors) (TexCoords: 2, Custom: 0)
[2018.04.19-19.52.59:107][366]LogEditorViewport: Clicking on Actor (LMB): StaticMeshActor (test_textures)
[2018.04.19-19.52.59:925][459]LogEditorViewport: Clicking on Actor (LMB): StaticMeshActor (test_textures)
[2018.04.19-19.53.05:655][121]LogEditorViewport: Clicking on Actor (LMB): BP_Sky_Sphere_C (Sky)
[2018.04.19-19.53.06:531][219]LogEditorViewport: Clicking on Actor (LMB): StaticMeshActor (test_textures)
[2018.04.19-19.53.09:498][545]LogSlate: Took 0.000248 seconds to synchronously load lazily loaded font '../../../Engine/Content/Slate/Fonts/Roboto-Light.ttf' (159K)
[2018.04.19-19.53.11:871][729]LogEditorViewport: Clicking on Actor (LMB): BP_Sky_Sphere_C (Sky)
[2018.04.19-19.53.12:796][833]LogEditorViewport: Clicking on Actor (LMB): StaticMeshActor (test_textures)
[2018.04.19-19.53.16:820][274]LogEditorViewport: Clicking on Actor (LMB): BP_Sky_Sphere_C (Sky)
[2018.04.19-19.53.17:438][342]LogEditorViewport: Clicking on Actor (LMB): BP_Sky_Sphere_C (Sky)
[2018.04.19-19.53.17:831][386]LogEditorViewport: Clicking on Actor (LMB): StaticMeshActor (test_textures)
[2018.04.19-19.53.21:978][872]LogEditorViewport: Clicking on Actor (LMB): BP_Sky_Sphere_C (Sky)
[2018.04.19-19.53.22:732][955]LogEditorViewport: Clicking on Actor (LMB): StaticMeshActor (test_textures)
[2018.04.19-19.53.31:141][931]LogEditorViewport: Clicking on Actor (LMB): BP_Sky_Sphere_C (Sky)
[2018.04.19-19.53.31:761][999]LogEditorViewport: Clicking on Actor (LMB): StaticMeshActor (test_textures)
[2018.04.19-19.53.39:274][840]LogEditorViewport: Clicking on Actor (LMB): BP_Sky_Sphere_C (Sky)
[2018.04.19-19.53.42:557][216]LogEditorViewport: Clicking on Actor (LMB): StaticMeshActor (test_textures)
[2018.04.19-19.53.43:032][265]LogEditorViewport: Clicking on Actor (LMB): BP_Sky_Sphere_C (Sky)
[2018.04.19-19.54.02:949][ 51]LogRenderer: Reallocating scene render targets to support 1432x924 Format 10 NumSamples 1 (Frame:1).
[2018.04.19-19.54.08:806][561]LogEditorViewport: Clicking on Actor (context menu): StaticMeshActor (arbre01)
[2018.04.19-19.54.09:539][633]LogEditorViewport: Clicking on Actor (LMB): StaticMeshActor (arbre01)
[2018.04.19-19.56.36:695][663]LogFactory: FactoryCreateFile: StaticMesh with FbxFactory (0 0 ../../../../../../utilisateur/Maxence/blender files/Projets Unknown Legacy/test carreau/test textures-2.fbx)
[2018.04.19-19.56.36:705][663]LogFbx: ItemName: GlobalSettings, ItemCount : 1
[2018.04.19-19.56.36:705][663]LogFbx: ItemName: Geometry, ItemCount : 5
[2018.04.19-19.56.36:705][663]LogFbx: ItemName: Model, ItemCount : 5
[2018.04.19-19.56.36:705][663]LogFbx: ItemName: Material, ItemCount : 4
[2018.04.19-19.56.36:710][663]LogFbx: Loading FBX Scene from ../../../../../../utilisateur/Maxence/blender files/Projets Unknown Legacy/test carreau/test textures-2.fbx
[2018.04.19-19.56.36:716][663]LogFbx: FBX Scene Loaded Succesfully
[2018.04.19-19.56.41:620][663]LogFbx: Loading FBX Scene from ../../../../../../utilisateur/Maxence/blender files/Projets Unknown Legacy/test carreau/test textures-2.fbx
[2018.04.19-19.56.41:625][663]LogFbx: FBX Scene Loaded Succesfully
[2018.04.19-19.56.41:626][663]LogFbx: Warning: Triangulating static mesh Plane.002
[2018.04.19-19.56.41:626][663]LogFbx: Warning: Triangulating mesh UCX_Plane_002 for collision model
[2018.04.19-19.56.41:630][663]LogFbx: Warning: Triangulating static mesh Plane.003
[2018.04.19-19.56.41:630][663]LogFbx: Warning: Triangulating static mesh Plane.001
[2018.04.19-19.56.41:631][663]LogFbx: Warning: Triangulating static mesh Plane
[2018.04.19-19.56.41:632][663]LogStaticMesh: Building static mesh test_textures-2...
[2018.04.19-19.56.41:632][663]LogStaticMesh: Built static mesh [0.00s] /Game/UnknownLegacy/Levels/BaseLevel/Décors/test_textures-2.test_textures-2
[2018.04.19-19.56.41:636][663]FBXImport: Warning: No smoothing group information was found in this FBX scene.  Please make sure to enable the 'Export Smoothing Groups' option in the FBX Exporter plug-in before exporting the file.  Even for tools that don't support smoothing groups, the FBX Exporter will generate appropriate smoothing data at export-time so that correct vertex normals can be inferred while importing. 
[2018.04.19-19.56.46:354][166]LogActorFactory: Actor Factory created test_textures-2
[2018.04.19-19.56.49:710][515]LogActorFactory: Actor Factory created test_textures-2
[2018.04.19-19.56.58:932][506]LogEditorViewport: Clicking on Actor (LMB): StaticMeshActor (test_textures)
[2018.04.19-19.56.59:379][551]Cmd: DELETE
[2018.04.19-19.56.59:379][551]Cmd: ACTOR DELETE
[2018.04.19-19.56.59:381][551]LogEditorActor: Deleted Actor: StaticMeshActor
[2018.04.19-19.56.59:392][551]LogEditorActor: Deleted 1 Actors (0.012 secs)
[2018.04.19-19.57.00:204][648]LogEditorViewport: Clicking on Actor (context menu): StaticMeshActor (Plane)
[2018.04.19-19.57.00:803][708]LogEditorViewport: Clicking on Actor (context menu): StaticMeshActor (test_textures-2)
[2018.04.19-19.57.01:935][827]LogEditorViewport: Clicking on Actor (LMB): BP_Sky_Sphere_C (Sky)
[2018.04.19-19.57.02:675][908]LogEditorViewport: Clicking on Actor (context menu): StaticMeshActor (test_textures-2)
[2018.04.19-19.57.03:244][964]LogEditorViewport: Clicking on Actor (context menu): StaticMeshActor (test_textures-2)
[2018.04.19-19.57.03:913][ 37]LogEditorViewport: Clicking on Actor (LMB): BP_Sky_Sphere_C (Sky)
[2018.04.19-19.57.04:800][135]LogEditorViewport: Clicking on Actor (context menu): StaticMeshActor (test_textures-2)
[2018.04.19-19.57.40:005][ 55]LogEditorViewport: Clicking on Actor (LMB): StaticMeshActor (Plane)
[2018.04.19-19.57.44:325][544]LogEditorViewport: Clicking on Actor (context menu): StaticMeshActor (test_textures-2)
[2018.04.19-19.57.45:308][643]LogEditorViewport: Clicking on Actor (LMB): StaticMeshActor (test_textures-2)
[2018.04.19-19.58.03:066][562]LogTemp: Repeating last play command: Selected Viewport
[2018.04.19-19.58.03:115][562]LogPlayLevel: PlayLevel: No blueprints needed recompiling
[2018.04.19-19.58.03:116][562]PIE: New page: PIE session: BaseLevel (Apr 19, 2018, 11:58:03 PM)
[2018.04.19-19.58.03:116][562]LogPlayLevel: Creating play world package: /Game/UnknownLegacy/Levels/BaseLevel/UEDPIE_0_BaseLevel
[2018.04.19-19.58.03:117][562]LogPlayLevel: PIE: StaticDuplicateObject took: (0.001288s)
[2018.04.19-19.58.03:117][562]LogAIModule: Creating AISystem for world BaseLevel
[2018.04.19-19.58.03:118][562]LogPlayLevel: PIE: World Init took: (0.000563s)
[2018.04.19-19.58.03:118][562]LogPlayLevel: PIE: Created PIE world by copying editor world from /Game/UnknownLegacy/Levels/BaseLevel/BaseLevel.BaseLevel to /Game/UnknownLegacy/Levels/BaseLevel/UEDPIE_0_BaseLevel.BaseLevel (0.002073s)
[2018.04.19-19.58.03:130][562]LogInit: XAudio2 using 'Casque (SteelSeries Arctis 5 Game)' : 2 channels at 48 kHz using 16 bits per sample (channel mask 0x3)
[2018.04.19-19.58.03:141][562]LogInit: FAudioDevice initialized.
[2018.04.19-19.58.03:187][562]LogLoad: Game class is 'FirstPersonGameMode_C'
[2018.04.19-19.58.03:191][562]LogWorld: Bringing World /Game/UnknownLegacy/Levels/BaseLevel/UEDPIE_0_BaseLevel.BaseLevel up for play (max tick rate 0) at 2018.04.19-21.58.03
[2018.04.19-19.58.03:192][562]LogWorld: Bringing up level for play took: 0.001675
[2018.04.19-19.58.03:243][562]LogContentBrowser: Native class hierarchy updated for 'MovieSceneCapture' in 0.0003 seconds. Added 11 classes and 0 folders.
[2018.04.19-19.58.03:245][562]PIE: Play in editor start time for /Game/UnknownLegacy/Levels/BaseLevel/UEDPIE_0_BaseLevel 0.392
[2018.04.19-19.58.09:069][255]LogCharacterMovement: CH2_Testing_C_0 is stuck and failed to move! Velocity: X=-75.13 Y=384.55 Z=0.00 Location: X=1051.86 Y=2738.66 Z=313.05 Normal: X=-0.00 Y=-0.45 Z=0.89 PenetrationDepth:0.000 Actor:test_textures-2_2 Component:StaticMeshComponent0 BoneName:None (0 other events since notify)
[2018.04.19-19.58.15:449][ 20]LogCharacterMovement: CH2_Testing_C_0 is stuck and failed to move! Velocity: X=12.81 Y=456.37 Z=0.00 Location: X=1379.21 Y=2805.76 Z=347.16 Normal: X=-0.00 Y=-0.45 Z=0.89 PenetrationDepth:0.000 Actor:test_textures-2_2 Component:StaticMeshComponent0 BoneName:None (0 other events since notify)
[2018.04.19-19.58.21:933][798]LogCharacterMovement: CH2_Testing_C_0 is stuck and failed to move! Velocity: X=-0.46 Y=547.32 Z=0.00 Location: X=1435.99 Y=2740.11 Z=313.78 Normal: X=-0.00 Y=-0.45 Z=0.89 PenetrationDepth:0.000 Actor:test_textures-2_2 Component:StaticMeshComponent0 BoneName:None (4 other events since notify)
[2018.04.19-19.58.26:135][302]LogCharacterMovement: CH2_Testing_C_0 is stuck and failed to move! Velocity: X=7.48 Y=530.16 Z=0.00 Location: X=1365.93 Y=2772.20 Z=329.83 Normal: X=0.00 Y=-0.45 Z=0.89 PenetrationDepth:0.000 Actor:test_textures-2_2 Component:StaticMeshComponent0 BoneName:None (0 other events since notify)
[2018.04.19-19.58.41:947][199]LogCharacterMovement: CH2_Testing_C_0 is stuck and failed to move! Velocity: X=451.39 Y=379.60 Z=0.00 Location: X=-1780.86 Y=2718.19 Z=302.63 Normal: X=-0.00 Y=-0.45 Z=0.89 PenetrationDepth:0.000 Actor:test_textures-2_2 Component:StaticMeshComponent0 BoneName:None (0 other events since notify)
[2018.04.19-19.58.43:881][431]LogCharacterMovement: CH2_Testing_C_0 is stuck and failed to move! Velocity: X=460.59 Y=-369.57 Z=0.00 Location: X=-1174.61 Y=2879.43 Z=383.43 Normal: X=0.00 Y=-0.26 Z=0.97 PenetrationDepth:0.000 Actor:test_textures-2_2 Component:StaticMeshComponent0 BoneName:None (1 other events since notify)
[2018.04.19-19.59.25:074][368]LogCharacterMovement: CH2_Testing_C_0 is stuck and failed to move! Velocity: X=-25.83 Y=556.30 Z=0.00 Location: X=1307.41 Y=2833.66 Z=360.56 Normal: X=-0.00 Y=-0.45 Z=0.89 PenetrationDepth:0.000 Actor:test_textures-2_2 Component:StaticMeshComponent0 BoneName:None (1 other events since notify)
[2018.04.19-19.59.28:242][747]LogCharacterMovement: CH2_Testing_C_0 is stuck and failed to move! Velocity: X=421.44 Y=-173.51 Z=0.00 Location: X=1033.60 Y=2728.59 Z=308.00 Normal: X=-0.00 Y=-0.45 Z=0.89 PenetrationDepth:0.000 Actor:test_textures-2_2 Component:StaticMeshComponent0 BoneName:None (1 other events since notify)
[2018.04.19-19.59.29:268][870]LogCharacterMovement: CH2_Testing_C_0 is stuck and failed to move! Velocity: X=11.36 Y=-0.48 Z=0.00 Location: X=1230.50 Y=2707.83 Z=297.56 Normal: X=0.00 Y=0.06 Z=1.00 PenetrationDepth:0.000 Actor:test_textures-2_2 Component:StaticMeshComponent0 BoneName:None (0 other events since notify)
[2018.04.19-19.59.40:964][263]Cmd: SELECT NONE
[2018.04.19-19.59.47:293][363]Cmd: QUIT_EDITOR
[2018.04.19-19.59.47:348][363]LogWindowsTextInputMethodSystem: Display: IME system now deactivated.
[2018.04.19-19.59.47:365][363]LogExit: Preparing to exit.
[2018.04.19-19.59.47:721][363]LogActorComponent: UnregisterComponent: (None.None) Not registered. Aborting.
[2018.04.19-19.59.47:722][363]LogActorComponent: UnregisterComponent: (None.None) Not registered. Aborting.
[2018.04.19-19.59.47:722][363]LogActorComponent: UnregisterComponent: (None.None) Not registered. Aborting.
[2018.04.19-19.59.47:726][363]LogDirectoryWatcher: A directory notification for 'E:/Program Files (x86)/UnknownLegacy/UnknownLegacy_Ok/Content/' was aborted.
[2018.04.19-19.59.47:740][363]LogExit: Editor shut down
[2018.04.19-19.59.47:743][363]LogExit: Transaction tracking system shut down
[2018.04.19-19.59.47:828][363]LogDirectoryWatcher: A directory notification for '../../../Engine/Content/' was aborted.
[2018.04.19-19.59.47:828][363]LogDirectoryWatcher: A directory notification for '../../../../../../Program Files (x86)/UnknownLegacy/UnknownLegacy_Ok/Content/' was aborted.
[2018.04.19-19.59.47:828][363]LogDirectoryWatcher: A directory notification for '../../../Engine/Plugins/2D/Paper2D/Content/' was aborted.
[2018.04.19-19.59.47:828][363]LogDirectoryWatcher: A directory notification for '../../../Engine/Plugins/Marketplace/LowEntryExtStdLib/Content/' was aborted.
[2018.04.19-19.59.47:828][363]LogDirectoryWatcher: A directory notification for '../../../Engine/Plugins/Media/MediaCompositing/Content/' was aborted.
[2018.04.19-19.59.47:828][363]LogDirectoryWatcher: A directory notification for '../../../Engine/Plugins/Runtime/AppleARKit/Content/' was aborted.
[2018.04.19-19.59.47:828][363]LogDirectoryWatcher: A directory notification for '../../../Engine/Plugins/Runtime/Oculus/OculusVR/Content/' was aborted.
[2018.04.19-19.59.47:828][363]LogDirectoryWatcher: A directory notification for '../../../Engine/Plugins/Runtime/Steam/SteamVR/Content/' was aborted.
[2018.04.19-19.59.47:863][363]LogExit: Object subsystem successfully closed.
[2018.04.19-19.59.47:878][363]LogD3D11RHI: Shutdown
[2018.04.19-19.59.47:878][363]LogD3D11RHI: CleanupD3DDevice
[2018.04.19-19.59.47:880][363]LogD3D11RHI: ~FD3D11DynamicRHI
[2018.04.19-19.59.47:886][363]LogModuleManager: Shutting down and abandoning module MovieSceneCapture (560)
[2018.04.19-19.59.47:886][363]LogModuleManager: Shutting down and abandoning module HierarchicalLODUtilities (558)
[2018.04.19-19.59.47:886][363]LogModuleManager: Shutting down and abandoning module StaticMeshEditor (556)
[2018.04.19-19.59.47:886][363]LogModuleManager: Shutting down and abandoning module MaterialEditor (554)
[2018.04.19-19.59.47:886][363]LogModuleManager: Shutting down and abandoning module StatsViewer (552)
[2018.04.19-19.59.47:886][363]LogModuleManager: Shutting down and abandoning module HierarchicalLODOutliner (550)
[2018.04.19-19.59.47:886][363]LogModuleManager: Shutting down and abandoning module SceneOutliner (548)
[2018.04.19-19.59.47:886][363]LogModuleManager: Shutting down and abandoning module AddContentDialog (546)
[2018.04.19-19.59.47:886][363]LogDirectoryWatcher: A directory notification for 'E:/Program Files/Epic Games/UE_4.18/FeaturePacks/' was aborted.
[2018.04.19-19.59.47:887][363]LogModuleManager: Shutting down and abandoning module WidgetCarousel (545)
[2018.04.19-19.59.47:887][363]LogModuleManager: Shutting down and abandoning module EditorWidgets (542)
[2018.04.19-19.59.47:887][363]LogModuleManager: Shutting down and abandoning module CollectionManager (540)
[2018.04.19-19.59.47:887][363]LogDirectoryWatcher: A directory notification for 'E:/Program Files (x86)/UnknownLegacy/UnknownLegacy_Ok/Content/Collections/' was aborted.
[2018.04.19-19.59.47:887][363]LogDirectoryWatcher: A directory notification for 'E:/Program Files (x86)/UnknownLegacy/UnknownLegacy_Ok/Content/Developers/Maxence/Collections/' was aborted.
[2018.04.19-19.59.47:887][363]LogDirectoryWatcher: A directory notification for 'E:/Program Files (x86)/UnknownLegacy/UnknownLegacy_Ok/Saved/Collections/' was aborted.
[2018.04.19-19.59.47:887][363]LogModuleManager: Shutting down and abandoning module FoliageEdit (538)
[2018.04.19-19.59.47:887][363]LogModuleManager: Shutting down and abandoning module LandscapeEditor (536)
[2018.04.19-19.59.47:887][363]LogModuleManager: Shutting down and abandoning module MeshPaintMode (534)
[2018.04.19-19.59.47:887][363]LogModuleManager: Shutting down and abandoning module SceneDepthPickerMode (532)
[2018.04.19-19.59.47:887][363]LogModuleManager: Shutting down and abandoning module ActorPickerMode (530)
[2018.04.19-19.59.47:887][363]LogModuleManager: Shutting down and abandoning module GeometryMode (528)
[2018.04.19-19.59.47:887][363]LogModuleManager: Shutting down and abandoning module TextureAlignMode (526)
[2018.04.19-19.59.47:887][363]LogModuleManager: Shutting down and abandoning module BspMode (524)
[2018.04.19-19.59.47:887][363]LogModuleManager: Shutting down and abandoning module PIEPreviewDeviceProfileSelector (522)
[2018.04.19-19.59.47:887][363]LogModuleManager: Shutting down and abandoning module HardwareSurvey (520)
[2018.04.19-19.59.47:887][363]LogModuleManager: Shutting down and abandoning module SequenceRecorderSections (518)
[2018.04.19-19.59.47:887][363]LogModuleManager: Shutting down and abandoning module AutomationWorker (516)
[2018.04.19-19.59.47:887][363]LogModuleManager: Shutting down and abandoning module MatineeToLevelSequence (514)
[2018.04.19-19.59.47:887][363]LogModuleManager: Shutting down and abandoning module LevelSequenceEditor (512)
[2018.04.19-19.59.47:887][363]LogModuleManager: Shutting down and abandoning module PlacementMode (511)
[2018.04.19-19.59.47:888][363]LogModuleManager: Shutting down and abandoning module WmfMediaFactory (508)
[2018.04.19-19.59.47:888][363]LogModuleManager: Shutting down and abandoning module WmfMediaEditor (506)
[2018.04.19-19.59.47:888][363]LogModuleManager: Shutting down and abandoning module OpenExrWrapper (504)
[2018.04.19-19.59.47:888][363]LogModuleManager: Shutting down and abandoning module ImgMediaFactory (502)
[2018.04.19-19.59.47:888][363]LogModuleManager: Shutting down and abandoning module ImgMediaEditor (500)
[2018.04.19-19.59.47:888][363]LogModuleManager: Shutting down and abandoning module AvfMediaFactory (498)
[2018.04.19-19.59.47:888][363]LogModuleManager: Shutting down and abandoning module AvfMediaEditor (496)
[2018.04.19-19.59.47:888][363]LogModuleManager: Shutting down and abandoning module AndroidMediaFactory (494)
[2018.04.19-19.59.47:888][363]LogModuleManager: Shutting down and abandoning module AndroidMediaEditor (492)
[2018.04.19-19.59.47:888][363]LogModuleManager: Shutting down and abandoning module CharacterAI (490)
[2018.04.19-19.59.47:888][363]LogModuleManager: Shutting down and abandoning module AudioCapture (488)
[2018.04.19-19.59.47:888][363]LogModuleManager: Shutting down and abandoning module SequenceRecorder (487)
[2018.04.19-19.59.47:888][363]LogModuleManager: Shutting down and abandoning module SmartSnapping (484)
[2018.04.19-19.59.47:888][363]LogModuleManager: Shutting down and abandoning module SessionServices (482)
[2018.04.19-19.59.47:888][363]LogModuleManager: Shutting down and abandoning module ViewportSnapping (480)
[2018.04.19-19.59.47:888][363]LogModuleManager: Shutting down and abandoning module ViewportInteraction (478)
[2018.04.19-19.59.47:888][363]LogModuleManager: Shutting down and abandoning module ClothPainter (476)
[2018.04.19-19.59.47:888][363]LogModuleManager: Shutting down and abandoning module SkeletalMeshEditor (475)
[2018.04.19-19.59.47:888][363]LogModuleManager: Shutting down and abandoning module LogVisualizer (472)
[2018.04.19-19.59.47:888][363]LogModuleManager: Shutting down and abandoning module IntroTutorials (470)
[2018.04.19-19.59.47:888][363]LogModuleManager: Shutting down and abandoning module GameProjectGeneration (469)
[2018.04.19-19.59.47:888][363]LogModuleManager: Shutting down and abandoning module IOSPlatformEditor (466)
[2018.04.19-19.59.47:888][363]LogModuleManager: Shutting down and abandoning module HTML5PlatformEditor (464)
[2018.04.19-19.59.47:888][363]LogModuleManager: Shutting down and abandoning module AndroidPlatformEditor (462)
[2018.04.19-19.59.47:888][363]LogModuleManager: Shutting down and abandoning module AndroidDeviceDetection (461)
[2018.04.19-19.59.48:038][363]LogModuleManager: Shutting down and abandoning module WindowsPlatformEditor (458)
[2018.04.19-19.59.48:038][363]LogModuleManager: Shutting down and abandoning module IOSRuntimeSettings (456)
[2018.04.19-19.59.48:038][363]LogModuleManager: Shutting down and abandoning module AndroidRuntimeSettings (454)
[2018.04.19-19.59.48:038][363]LogModuleManager: Shutting down and abandoning module InputBindingEditor (452)
[2018.04.19-19.59.48:038][363]LogModuleManager: Shutting down and abandoning module MergeActors (450)
[2018.04.19-19.59.48:038][363]LogModuleManager: Shutting down and abandoning module SizeMap (448)
[2018.04.19-19.59.48:038][363]LogModuleManager: Shutting down and abandoning module TreeMap (446)
[2018.04.19-19.59.48:038][363]LogModuleManager: Shutting down and abandoning module ReferenceViewer (444)
[2018.04.19-19.59.48:038][363]LogModuleManager: Shutting down and abandoning module LocalizationDashboard (442)
[2018.04.19-19.59.48:038][363]LogModuleManager: Shutting down and abandoning module LocalizationService (441)
[2018.04.19-19.59.48:038][363]LogModuleManager: Shutting down and abandoning module HardwareTargeting (438)
[2018.04.19-19.59.48:038][363]LogModuleManager: Shutting down and abandoning module DeviceProfileEditor (436)
[2018.04.19-19.59.48:038][363]LogModuleManager: Shutting down and abandoning module UndoHistory (434)
[2018.04.19-19.59.48:038][363]LogModuleManager: Shutting down and abandoning module XmlParser (432)
[2018.04.19-19.59.48:038][363]LogModuleManager: Shutting down and abandoning module Blutility (430)
[2018.04.19-19.59.48:038][363]LogModuleManager: Shutting down and abandoning module ProjectSettingsViewer (428)
[2018.04.19-19.59.48:038][363]LogModuleManager: Shutting down and abandoning module ProjectTargetPlatformEditor (427)
[2018.04.19-19.59.48:038][363]LogModuleManager: Shutting down and abandoning module EditorSettingsViewer (424)
[2018.04.19-19.59.48:038][363]LogModuleManager: Shutting down and abandoning module SettingsEditor (422)
[2018.04.19-19.59.48:038][363]LogModuleManager: Shutting down and abandoning module ProjectLauncher (420)
[2018.04.19-19.59.48:038][363]LogModuleManager: Shutting down and abandoning module SessionFrontend (418)
[2018.04.19-19.59.48:038][363]LogModuleManager: Shutting down and abandoning module ProfilerClient (416)
[2018.04.19-19.59.48:038][363]LogModuleManager: Shutting down and abandoning module DeviceManager (414)
[2018.04.19-19.59.48:038][363]LogModuleManager: Shutting down and abandoning module TargetDeviceServices (413)
[2018.04.19-19.59.48:102][363]LogModuleManager: Shutting down and abandoning module AutomationController (410)
[2018.04.19-19.59.48:102][363]LogModuleManager: Shutting down and abandoning module AutomationWindow (408)
[2018.04.19-19.59.48:102][363]LogModuleManager: Shutting down and abandoning module Layers (406)
[2018.04.19-19.59.48:102][363]LogModuleManager: Shutting down and abandoning module ComponentVisualizers (404)
[2018.04.19-19.59.48:102][363]LogModuleManager: Shutting down and abandoning module DetailCustomizations (402)
[2018.04.19-19.59.48:102][363]LogModuleManager: Shutting down and abandoning module PackagesDialog (400)
[2018.04.19-19.59.48:103][363]LogModuleManager: Shutting down and abandoning module Persona (398)
[2018.04.19-19.59.48:103][363]LogModuleManager: Shutting down and abandoning module AdvancedPreviewScene (397)
[2018.04.19-19.59.48:103][363]LogModuleManager: Shutting down and abandoning module AnimGraph (395)
[2018.04.19-19.59.48:103][363]LogModuleManager: Shutting down and abandoning module Kismet (392)
[2018.04.19-19.59.48:104][363]LogModuleManager: Shutting down and abandoning module ClassViewer (390)
[2018.04.19-19.59.48:104][363]LogModuleManager: Shutting down and abandoning module Toolbox (388)
[2018.04.19-19.59.48:104][363]LogModuleManager: Shutting down and abandoning module ModuleUI (386)
[2018.04.19-19.59.48:105][363]LogModuleManager: Shutting down and abandoning module MovieSceneTools (384)
[2018.04.19-19.59.48:105][363]LogModuleManager: Shutting down and abandoning module OutputLog (382)
[2018.04.19-19.59.48:105][363]LogModuleManager: Shutting down and abandoning module GammaUI (380)
[2018.04.19-19.59.48:105][363]LogModuleManager: Shutting down and abandoning module Documentation (378)
[2018.04.19-19.59.48:105][363]LogModuleManager: Shutting down and abandoning module MovieSceneTracks (376)
[2018.04.19-19.59.48:105][363]LogModuleManager: Shutting down and abandoning module MovieScene (374)
[2018.04.19-19.59.48:105][363]LogModuleManager: Shutting down and abandoning module StreamingPauseRendering (372)
[2018.04.19-19.59.48:105][363]LogModuleManager: Shutting down and abandoning module LauncherPlatform (370)
[2018.04.19-19.59.48:105][363]LogModuleManager: Shutting down and abandoning module AnalyticsET (368)
[2018.04.19-19.59.48:105][363]LogModuleManager: Shutting down and abandoning module PortalServices (366)
[2018.04.19-19.59.48:105][363]LogModuleManager: Shutting down and abandoning module PortalRpc (364)
[2018.04.19-19.59.48:105][363]LogModuleManager: Shutting down and abandoning module MessagingRpc (362)
[2018.04.19-19.59.48:105][363]LogModuleManager: Shutting down and abandoning module AIModule (360)
[2018.04.19-19.59.48:105][363]LogModuleManager: Shutting down and abandoning module GameplayDebugger (359)
[2018.04.19-19.59.48:106][363]LogModuleManager: Shutting down and abandoning module AITestSuite (357)
[2018.04.19-19.59.48:106][363]LogModuleManager: Shutting down and abandoning module DesktopPlatform (354)
[2018.04.19-19.59.48:106][363]LogModuleManager: Shutting down and abandoning module ProfilerService (352)
[2018.04.19-19.59.48:279][363]LogModuleManager: Shutting down and abandoning module TaskGraph (350)
[2018.04.19-19.59.48:279][363]LogModuleManager: Shutting down and abandoning module SteamVRController (348)
[2018.04.19-19.59.48:279][363]LogModuleManager: Shutting down and abandoning module ProceduralMeshComponentEditor (346)
[2018.04.19-19.59.48:279][363]LogModuleManager: Shutting down and abandoning module ProceduralMeshComponent (344)
[2018.04.19-19.59.48:279][363]LogModuleManager: Shutting down and abandoning module OculusInput (342)
[2018.04.19-19.59.48:279][363]LogModuleManager: Shutting down and abandoning module MobilePatchingUtils (340)
[2018.04.19-19.59.48:279][363]LogModuleManager: Shutting down and abandoning module CustomMeshComponent (338)
[2018.04.19-19.59.48:279][363]LogModuleManager: Shutting down and abandoning module CableComponent (336)
[2018.04.19-19.59.48:279][363]LogModuleManager: Shutting down and abandoning module ArchVisCharacter (334)
[2018.04.19-19.59.48:279][363]LogModuleManager: Shutting down and abandoning module AndroidPermission (332)
[2018.04.19-19.59.48:279][363]LogModuleManager: Shutting down and abandoning module ActorSequence (328)
[2018.04.19-19.59.48:279][363]LogModuleManager: Shutting down and abandoning module MediaPlayerEditor (326)
[2018.04.19-19.59.48:280][363]LogModuleManager: Shutting down and abandoning module MediaCompositingEditor (324)
[2018.04.19-19.59.48:280][363]LogModuleManager: Shutting down and abandoning module MediaCompositing (322)
[2018.04.19-19.59.48:280][363]LogModuleManager: Shutting down and abandoning module LowEntryExtendedStandardLibraryEditor (320)
[2018.04.19-19.59.48:280][363]LogModuleManager: Shutting down and abandoning module HTML5Networking (318)
[2018.04.19-19.59.48:280][363]LogModuleManager: Shutting down and abandoning module AlembicImporter (316)
[2018.04.19-19.59.48:280][363]LogModuleManager: Shutting down and abandoning module AlembicLibrary (315)
[2018.04.19-19.59.48:280][363]LogModuleManager: Shutting down and abandoning module GeometryCache (314)
[2018.04.19-19.59.48:280][363]LogModuleManager: Shutting down and abandoning module GeometryCacheEd (313)
[2018.04.19-19.59.48:280][363]LogModuleManager: Shutting down and abandoning module SpeedTreeImporter (308)
[2018.04.19-19.59.48:280][363]LogModuleManager: Shutting down and abandoning module PluginBrowser (306)
[2018.04.19-19.59.48:281][363]LogModuleManager: Shutting down and abandoning module MobileLauncherProfileWizard (304)
[2018.04.19-19.59.48:281][363]LogModuleManager: Shutting down and abandoning module VisualStudioSourceCodeAccess (302)
[2018.04.19-19.59.48:281][363]LogModuleManager: Shutting down and abandoning module VisualStudioCodeSourceCodeAccess (300)
[2018.04.19-19.59.48:281][363]LogModuleManager: Shutting down and abandoning module UObjectPlugin (298)
[2018.04.19-19.59.48:281][363]LogModuleManager: Shutting down and abandoning module SubversionSourceControl (296)
[2018.04.19-19.59.48:281][363]LogModuleManager: Shutting down and abandoning module PerforceSourceControl (294)
[2018.04.19-19.59.48:281][363]LogModuleManager: Shutting down and abandoning module GitSourceControl (292)
[2018.04.19-19.59.48:281][363]LogModuleManager: Shutting down and abandoning module SourceControl (291)
[2018.04.19-19.59.48:281][363]LogModuleManager: Shutting down and abandoning module LightPropagationVolumeEditor (288)
[2018.04.19-19.59.48:281][363]LogModuleManager: Shutting down and abandoning module PaperTiledImporter (286)
[2018.04.19-19.59.48:281][363]LogModuleManager: Shutting down and abandoning module PaperSpriteSheetImporter (284)
[2018.04.19-19.59.48:282][363]LogModuleManager: Shutting down and abandoning module Paper2DEditor (282)
[2018.04.19-19.59.48:282][363]LogModuleManager: Shutting down and abandoning module MeshPaint (281)
[2018.04.19-19.59.48:282][363]LogModuleManager: Shutting down and abandoning module LevelEditor (279)
[2018.04.19-19.59.48:284][363]LogModuleManager: Shutting down and abandoning module PixelInspectorModule (278)
[2018.04.19-19.59.48:284][363]LogModuleManager: Shutting down and abandoning module MainFrame (276)
[2018.04.19-19.59.48:285][363]LogModuleManager: Shutting down and abandoning module HotReload (275)
[2018.04.19-19.59.48:286][363]LogModuleManager: Shutting down and abandoning module RuntimePhysXCooking (270)
[2018.04.19-19.59.48:286][363]LogModuleManager: Shutting down and abandoning module PhysXVehiclesEditor (268)
[2018.04.19-19.59.48:286][363]LogModuleManager: Shutting down and abandoning module PhysXVehicles (266)
[2018.04.19-19.59.48:286][363]LogModuleManager: Shutting down and abandoning module OculusEditor (264)
[2018.04.19-19.59.48:286][363]LogModuleManager: Shutting down and abandoning module LocationServicesBPLibrary (262)
[2018.04.19-19.59.48:286][363]LogModuleManager: Shutting down and abandoning module ImmediatePhysicsEditor (260)
[2018.04.19-19.59.48:286][363]LogModuleManager: Shutting down and abandoning module ImmediatePhysics (258)
[2018.04.19-19.59.48:286][363]LogModuleManager: Shutting down and abandoning module UdpMessaging (256)
[2018.04.19-19.59.48:387][363]LogModuleManager: Shutting down and abandoning module TcpMessaging (254)
[2018.04.19-19.59.48:488][363]LogModuleManager: Shutting down and abandoning module LowEntryExtendedStandardLibrary (252)
[2018.04.19-19.59.48:488][363]LogModuleManager: Shutting down and abandoning module GameplayTagsEditor (250)
[2018.04.19-19.59.48:488][363]LogModuleManager: Shutting down and abandoning module FacialAnimationEditor (248)
[2018.04.19-19.59.48:488][363]LogModuleManager: Shutting down and abandoning module FacialAnimation (246)
[2018.04.19-19.59.48:488][363]LogModuleManager: Shutting down and abandoning module AssetManagerEditor (244)
[2018.04.19-19.59.48:488][363]LogModuleManager: Shutting down and abandoning module GraphEditor (243)
[2018.04.19-19.59.48:488][363]LogModuleManager: Shutting down and abandoning module ContentBrowser (241)
[2018.04.19-19.59.48:491][363]LogModuleManager: Shutting down and abandoning module LightPropagationVolumeRuntime (238)
[2018.04.19-19.59.48:491][363]LogModuleManager: Shutting down and abandoning module Paper2D (236)
[2018.04.19-19.59.48:491][363]LogModuleManager: Shutting down and abandoning module WindowsMoviePlayer (234)
[2018.04.19-19.59.48:491][363]LogModuleManager: Shutting down and abandoning module WmfMedia (232)
[2018.04.19-19.59.48:510][363]LogModuleManager: Shutting down and abandoning module ImgMedia (230)
[2018.04.19-19.59.48:510][363]LogModuleManager: Shutting down and abandoning module PacketHandler (228)
[2018.04.19-19.59.48:510][363]LogModuleManager: Shutting down and abandoning module ClothingSystemEditor (226)
[2018.04.19-19.59.48:510][363]LogModuleManager: Shutting down and abandoning module ClothingSystemRuntime (224)
[2018.04.19-19.59.48:510][363]LogModuleManager: Shutting down and abandoning module MediaAssets (222)
[2018.04.19-19.59.48:510][363]LogModuleManager: Shutting down and abandoning module Media (221)
[2018.04.19-19.59.48:517][363]LogModuleManager: Shutting down and abandoning module Overlay (218)
[2018.04.19-19.59.48:518][363]LogModuleManager: Shutting down and abandoning module OverlayEditor (217)
[2018.04.19-19.59.48:518][363]LogModuleManager: Shutting down and abandoning module VREditor (214)
[2018.04.19-19.59.48:518][363]LogModuleManager: Shutting down and abandoning module StringTableEditor (212)
[2018.04.19-19.59.48:518][363]LogModuleManager: Shutting down and abandoning module GameplayTasksEditor (210)
[2018.04.19-19.59.48:518][363]LogModuleManager: Shutting down and abandoning module BehaviorTreeEditor (208)
[2018.04.19-19.59.48:518][363]LogModuleManager: Shutting down and abandoning module FunctionalTesting (206)
[2018.04.19-19.59.48:518][363]LogModuleManager: Shutting down and abandoning module CollisionAnalyzer (204)
[2018.04.19-19.59.48:518][363]LogModuleManager: Shutting down and abandoning module WorkspaceMenuStructure (203)
[2018.04.19-19.59.48:518][363]LogModuleManager: Shutting down and abandoning module UMG (200)
[2018.04.19-19.59.48:518][363]LogModuleManager: Shutting down and abandoning module UMGEditor (199)
[2018.04.19-19.59.48:518][363]LogModuleManager: Shutting down and abandoning module Sequencer (198)
[2018.04.19-19.59.48:519][363]LogModuleManager: Shutting down and abandoning module MessageLog (195)
[2018.04.19-19.59.48:519][363]LogModuleManager: Shutting down and abandoning module SlateReflector (190)
[2018.04.19-19.59.48:519][363]LogModuleManager: Shutting down and abandoning module Slate (188)
[2018.04.19-19.59.48:519][363]LogModuleManager: Shutting down and abandoning module EditorStyle (186)
[2018.04.19-19.59.48:525][363]LogModuleManager: Shutting down and abandoning module MRMesh (184)
[2018.04.19-19.59.48:525][363]LogModuleManager: Shutting down and abandoning module SourceCodeAccess (182)
[2018.04.19-19.59.48:525][363]LogModuleManager: Shutting down and abandoning module HeadMountedDisplay (180)
[2018.04.19-19.59.48:525][363]LogModuleManager: Shutting down and abandoning module XAudio2 (178)
[2018.04.19-19.59.48:525][363]LogModuleManager: Shutting down and abandoning module Networking (176)
[2018.04.19-19.59.48:525][363]LogModuleManager: Shutting down and abandoning module Core (172)
[2018.04.19-19.59.48:525][363]LogModuleManager: Shutting down and abandoning module LevelSequence (168)
[2018.04.19-19.59.48:525][363]LogModuleManager: Shutting down and abandoning module DirectoryWatcher (166)
[2018.04.19-19.59.48:528][363]LogModuleManager: Shutting down and abandoning module KismetCompiler (164)
[2018.04.19-19.59.48:528][363]LogModuleManager: Shutting down and abandoning module MeshUtilities (162)
[2018.04.19-19.59.48:528][363]LogModuleManager: Shutting down and abandoning module MeshMergeUtilities (161)
[2018.04.19-19.59.48:528][363]LogModuleManager: Shutting down and abandoning module MeshReductionInterface (160)
[2018.04.19-19.59.48:528][363]LogModuleManager: Shutting down and abandoning module SimplygonSwarm (159)
[2018.04.19-19.59.48:528][363]LogModuleManager: Shutting down and abandoning module SimplygonMeshReduction (157)
[2018.04.19-19.59.48:528][363]LogModuleManager: Shutting down and abandoning module QuadricMeshReduction (155)
[2018.04.19-19.59.48:528][363]LogModuleManager: Shutting down and abandoning module MaterialBaking (151)
[2018.04.19-19.59.48:528][363]LogModuleManager: Shutting down and abandoning module DerivedDataCache (148)
[2018.04.19-19.59.48:593][363]LogDerivedDataCache: Shutdown
[2018.04.19-19.59.48:593][363]LogModuleManager: Shutting down and abandoning module TargetPlatform (146)
[2018.04.19-19.59.48:593][363]LogModuleManager: Shutting down and abandoning module VulkanShaderFormat (145)
[2018.04.19-19.59.48:593][363]LogModuleManager: Shutting down and abandoning module ShaderFormatVectorVM (143)
[2018.04.19-19.59.48:593][363]LogModuleManager: Shutting down and abandoning module ShaderFormatOpenGL (141)
[2018.04.19-19.59.48:593][363]LogModuleManager: Shutting down and abandoning module ShaderFormatD3D (139)
[2018.04.19-19.59.48:593][363]LogModuleManager: Shutting down and abandoning module MetalShaderFormat (137)
[2018.04.19-19.59.48:593][363]LogModuleManager: Shutting down and abandoning module TextureFormatUncompressed (135)
[2018.04.19-19.59.48:593][363]LogModuleManager: Shutting down and abandoning module TextureFormatPVR (133)
[2018.04.19-19.59.48:593][363]LogModuleManager: Shutting down and abandoning module TextureFormatDXT (131)
[2018.04.19-19.59.48:593][363]LogModuleManager: Shutting down and abandoning module TextureFormatIntelISPCTexComp (129)
[2018.04.19-19.59.48:593][363]LogModuleManager: Shutting down and abandoning module TextureFormatASTC (127)
[2018.04.19-19.59.48:594][363]LogModuleManager: Shutting down and abandoning module ImageWrapper (126)
[2018.04.19-19.59.48:594][363]LogModuleManager: Shutting down and abandoning module TextureFormatAndroid (123)
[2018.04.19-19.59.48:594][363]LogModuleManager: Shutting down and abandoning module AudioFormatOpus (121)
[2018.04.19-19.59.48:594][363]LogModuleManager: Shutting down and abandoning module AudioFormatOgg (119)
[2018.04.19-19.59.48:594][363]LogModuleManager: Shutting down and abandoning module AudioFormatADPCM (117)
[2018.04.19-19.59.48:594][363]LogModuleManager: Shutting down and abandoning module LinuxTargetPlatform (115)
[2018.04.19-19.59.48:594][363]LogModuleManager: Shutting down and abandoning module LinuxServerTargetPlatform (113)
[2018.04.19-19.59.48:594][363]LogModuleManager: Shutting down and abandoning module LinuxNoEditorTargetPlatform (111)
[2018.04.19-19.59.48:594][363]LogModuleManager: Shutting down and abandoning module LinuxClientTargetPlatform (109)
[2018.04.19-19.59.48:594][363]LogModuleManager: Shutting down and abandoning module TVOSTargetPlatform (107)
[2018.04.19-19.59.48:594][363]LogModuleManager: Shutting down and abandoning module Messaging (105)
[2018.04.19-19.59.48:594][363]LogModuleManager: Shutting down and abandoning module IOSTargetPlatform (103)
[2018.04.19-19.59.48:594][363]LogModuleManager: Shutting down and abandoning module HTML5TargetPlatform (101)
[2018.04.19-19.59.48:594][363]LogModuleManager: Shutting down and abandoning module AndroidTargetPlatform (99)
[2018.04.19-19.59.48:594][363]LogModuleManager: Shutting down and abandoning module Android_PVRTCTargetPlatform (97)
[2018.04.19-19.59.48:594][363]LogModuleManager: Shutting down and abandoning module Android_MultiTargetPlatform (95)
[2018.04.19-19.59.48:594][363]LogModuleManager: Shutting down and abandoning module Android_ETC2TargetPlatform (93)
[2018.04.19-19.59.48:594][363]LogModuleManager: Shutting down and abandoning module Android_ETC1TargetPlatform (91)
[2018.04.19-19.59.48:595][363]LogModuleManager: Shutting down and abandoning module Android_DXTTargetPlatform (89)
[2018.04.19-19.59.48:595][363]LogModuleManager: Shutting down and abandoning module Android_ATCTargetPlatform (87)
[2018.04.19-19.59.48:595][363]LogModuleManager: Shutting down and abandoning module Android_ASTCTargetPlatform (85)
[2018.04.19-19.59.48:595][363]LogModuleManager: Shutting down and abandoning module WindowsTargetPlatform (83)
[2018.04.19-19.59.48:595][363]LogModuleManager: Shutting down and abandoning module WindowsServerTargetPlatform (81)
[2018.04.19-19.59.48:595][363]LogModuleManager: Shutting down and abandoning module WindowsNoEditorTargetPlatform (79)
[2018.04.19-19.59.48:595][363]LogModuleManager: Shutting down and abandoning module WindowsClientTargetPlatform (77)
[2018.04.19-19.59.48:595][363]LogModuleManager: Shutting down and abandoning module MacTargetPlatform (75)
[2018.04.19-19.59.48:595][363]LogModuleManager: Shutting down and abandoning module MacServerTargetPlatform (73)
[2018.04.19-19.59.48:595][363]LogModuleManager: Shutting down and abandoning module MacNoEditorTargetPlatform (71)
[2018.04.19-19.59.48:595][363]LogModuleManager: Shutting down and abandoning module MacClientTargetPlatform (69)
[2018.04.19-19.59.48:595][363]LogModuleManager: Shutting down and abandoning module AllDesktopTargetPlatform (67)
[2018.04.19-19.59.48:596][363]LogModuleManager: Shutting down and abandoning module InputCore (64)
[2018.04.19-19.59.48:596][363]LogModuleManager: Shutting down and abandoning module Settings (62)
[2018.04.19-19.59.48:596][363]LogModuleManager: Shutting down and abandoning module PhysXCooking (60)
[2018.04.19-19.59.48:596][363]LogModuleManager: Shutting down and abandoning module SteamVR (58)
[2018.04.19-19.59.48:596][363]LogModuleManager: Shutting down and abandoning module OculusHMD (56)
[2018.04.19-19.59.48:596][363]LogModuleManager: Shutting down and abandoning module ExampleDeviceProfileSelector (54)
[2018.04.19-19.59.48:596][363]LogModuleManager: Shutting down and abandoning module AppleARKit (52)
[2018.04.19-19.59.48:596][363]LogModuleManager: Shutting down and abandoning module AugmentedReality (51)
[2018.04.19-19.59.48:596][363]LogModuleManager: Shutting down and abandoning module OnlineBlueprintSupport (48)
[2018.04.19-19.59.48:596][363]LogModuleManager: Shutting down and abandoning module OnlineSubsystem (44)
[2018.04.19-19.59.48:596][363]LogModuleManager: Shutting down and abandoning module XMPP (43)
[2018.04.19-19.59.48:596][363]LogModuleManager: Shutting down and abandoning module HTTP (41)
[2018.04.19-19.59.48:596][363]LogHttp: Display: Http module shutting down, but needs to wait on 1 outstanding Http requests:
[2018.04.19-19.59.48:596][363]LogHttp: Display: 	verb=[POST] url=[https://datarouter.ol.epicgames.com/datarouter/api/v1/public/data?SessionID=%7BED1A8C38-45FC-2578-3D35-8CA58A440B7B%7D&AppID=UEEditor.Rocket.Release&AppVersion=4.18.3-3832480%2B%2B%2BUE4%2BRelease-4.18&UserID=0c57e2034817fd6eeda967b95967a0f1%7C5de6bfa9d92b4392987b376d4cf5ab54%7Ce5e45334-ee06-4574-897a-76401405cbd2&AppEnvironment=datacollector-binary&UploadType=eteventstream] status=Processing
[2018.04.19-19.59.48:620][363]LogModuleManager: Shutting down and abandoning module SSL (40)
[2018.04.19-19.59.48:625][363]LogModuleManager: Shutting down and abandoning module AnimationModifiers (36)
[2018.04.19-19.59.48:626][363]LogModuleManager: Shutting down and abandoning module PropertyEditor (35)
[2018.04.19-19.59.48:626][363]LogModuleManager: Shutting down and abandoning module AudioEditor (32)
[2018.04.19-19.59.48:626][363]LogModuleManager: Shutting down and abandoning module TextureCompressor (30)
[2018.04.19-19.59.48:627][363]LogModuleManager: Shutting down and abandoning module ShaderCore (28)
[2018.04.19-19.59.48:627][363]LogModuleManager: Shutting down and abandoning module Landscape (26)
[2018.04.19-19.59.48:627][363]LogModuleManager: Shutting down and abandoning module SlateRHIRenderer (24)
[2018.04.19-19.59.48:630][363]LogModuleManager: Shutting down and abandoning module OpenGLDrv (22)
[2018.04.19-19.59.48:630][363]LogModuleManager: Shutting down and abandoning module D3D11RHI (20)
[2018.04.19-19.59.48:630][363]LogModuleManager: Shutting down and abandoning module AnimGraphRuntime (18)
[2018.04.19-19.59.48:630][363]LogModuleManager: Shutting down and abandoning module Renderer (16)
[2018.04.19-19.59.48:630][363]LogModuleManager: Shutting down and abandoning module Engine (14)
[2018.04.19-19.59.48:630][363]LogModuleManager: Shutting down and abandoning module CoreUObject (12)
[2018.04.19-19.59.48:630][363]LogModuleManager: Shutting down and abandoning module NetworkFile (10)
[2018.04.19-19.59.48:630][363]LogModuleManager: Shutting down and abandoning module CookedIterativeFile (8)
[2018.04.19-19.59.48:630][363]LogModuleManager: Shutting down and abandoning module StreamingFile (6)
[2018.04.19-19.59.48:630][363]LogModuleManager: Shutting down and abandoning module SandboxFile (4)
[2018.04.19-19.59.48:630][363]LogModuleManager: Shutting down and abandoning module PakFile (2)
[2018.04.19-19.59.48:640][363]LogExit: Exiting.
[2018.04.19-19.59.48:699][363]Log file closed, 04/19/18 21:59:48
