Log file open, 05/02/18 21:55:28
LogWindows: Failed to load 'aqProf.dll' (GetLastError=126)
LogWindows: File 'aqProf.dll' does not exist
LogWindows: Failed to load 'VSPerf140.dll' (GetLastError=126)
LogWindows: File 'VSPerf140.dll' does not exist
LogWindows: Failed to load 'VtuneApi.dll' (GetLastError=126)
LogWindows: File 'VtuneApi.dll' does not exist
LogWindows: Failed to load 'VtuneApi32e.dll' (GetLastError=126)
LogWindows: File 'VtuneApi32e.dll' does not exist
LogInit: Display: Running engine for game: UnknownLegacy_Ok
LogPlatformFile: Not using cached read wrapper
LogInit: Display: RandInit(-1271356366) SRandInit(-1271356366).
LogInit: Read version file with build ID '3709383'
LogInit: Overriding engine version to CL 3832480, compatible CL 3709383
LogInit: Registered custom module enumerator with build ID '3709383'
LogTaskGraph: Started task graph with 5 named threads and 14 total threads with 3 sets of task threads.
LogStats: Stats thread started at 0.168354
LogD3D11RHI: Aftermath initialized
LogModuleManager: Display: Found up-to-date module file ../../../Engine/Plugins/Marketplace/LowEntryExtStdLib/Binaries/Win64/UE4Editor-LowEntryExtendedStandardLibrary.dll (API version 3709383).
LogModuleManager: Display: Found up-to-date module file ../../../Engine/Plugins/Marketplace/LowEntryExtStdLib/Binaries/Win64/UE4Editor-LowEntryExtendedStandardLibraryEditor.dll (API version 3709383).
LogModuleManager: Display: Found up-to-date module file ../../../Engine/Plugins/2D/Paper2D/Binaries/Win64/UE4Editor-Paper2D.dll (API version 3709383).
LogModuleManager: Display: Found up-to-date module file ../../../Engine/Plugins/2D/Paper2D/Binaries/Win64/UE4Editor-Paper2DEditor.dll (API version 3709383).
LogModuleManager: Display: Found up-to-date module file ../../../Engine/Plugins/2D/Paper2D/Binaries/Win64/UE4Editor-PaperSpriteSheetImporter.dll (API version 3709383).
LogModuleManager: Display: Found up-to-date module file ../../../Engine/Plugins/2D/Paper2D/Binaries/Win64/UE4Editor-PaperTiledImporter.dll (API version 3709383).
LogModuleManager: Display: Found up-to-date module file ../../../Engine/Plugins/2D/Paper2D/Binaries/Win64/UE4Editor-SmartSnapping.dll (API version 3709383).
LogModuleManager: Display: Found up-to-date module file ../../../Engine/Plugins/Blendables/LightPropagationVolume/Binaries/Win64/UE4Editor-LightPropagationVolumeRuntime.dll (API version 3709383).
LogModuleManager: Display: Found up-to-date module file ../../../Engine/Plugins/Blendables/LightPropagationVolume/Binaries/Win64/UE4Editor-LightPropagationVolumeEditor.dll (API version 3709383).
LogModuleManager: Display: Found up-to-date module file ../../../Engine/Plugins/Developer/GitSourceControl/Binaries/Win64/UE4Editor-GitSourceControl.dll (API version 3709383).
LogModuleManager: Display: Found up-to-date module file ../../../Engine/Plugins/Developer/PerforceSourceControl/Binaries/Win64/UE4Editor-PerforceSourceControl.dll (API version 3709383).
LogModuleManager: Display: Found up-to-date module file ../../../Engine/Plugins/Developer/SubversionSourceControl/Binaries/Win64/UE4Editor-SubversionSourceControl.dll (API version 3709383).
LogModuleManager: Display: Found up-to-date module file ../../../Engine/Plugins/Developer/UObjectPlugin/Binaries/Win64/UE4Editor-UObjectPlugin.dll (API version 3709383).
LogModuleManager: Display: Found up-to-date module file ../../../Engine/Plugins/Developer/VisualStudioCodeSourceCodeAccess/Binaries/Win64/UE4Editor-VisualStudioCodeSourceCodeAccess.dll (API version 3709383).
LogModuleManager: Display: Found up-to-date module file ../../../Engine/Plugins/Developer/VisualStudioSourceCodeAccess/Binaries/Win64/UE4Editor-VisualStudioSourceCodeAccess.dll (API version 3709383).
LogModuleManager: Display: Found up-to-date module file ../../../Engine/Plugins/Editor/AssetManagerEditor/Binaries/Win64/UE4Editor-AssetManagerEditor.dll (API version 3709383).
LogModuleManager: Display: Found up-to-date module file ../../../Engine/Plugins/Editor/AudioCapture/Binaries/Win64/UE4Editor-AudioCapture.dll (API version 3709383).
LogModuleManager: Display: Found up-to-date module file ../../../Engine/Plugins/Editor/FacialAnimation/Binaries/Win64/UE4Editor-FacialAnimation.dll (API version 3709383).
LogModuleManager: Display: Found up-to-date module file ../../../Engine/Plugins/Editor/FacialAnimation/Binaries/Win64/UE4Editor-FacialAnimationEditor.dll (API version 3709383).
LogModuleManager: Display: Found up-to-date module file ../../../Engine/Plugins/Editor/GameplayTagsEditor/Binaries/Win64/UE4Editor-GameplayTagsEditor.dll (API version 3709383).
LogModuleManager: Display: Found up-to-date module file ../../../Engine/Plugins/Editor/MobileLauncherProfileWizard/Binaries/Win64/UE4Editor-MobileLauncherProfileWizard.dll (API version 3709383).
LogModuleManager: Display: Found up-to-date module file ../../../Engine/Plugins/Editor/PluginBrowser/Binaries/Win64/UE4Editor-PluginBrowser.dll (API version 3709383).
LogModuleManager: Display: Found up-to-date module file ../../../Engine/Plugins/Editor/SpeedTreeImporter/Binaries/Win64/UE4Editor-SpeedTreeImporter.dll (API version 3709383).
LogModuleManager: Display: Found up-to-date module file ../../../Engine/Plugins/Experimental/AlembicImporter/Binaries/Win64/UE4Editor-AlembicImporter.dll (API version 3709383).
LogModuleManager: Display: Found up-to-date module file ../../../Engine/Plugins/Experimental/AlembicImporter/Binaries/Win64/UE4Editor-AlembicLibrary.dll (API version 3709383).
LogModuleManager: Display: Found up-to-date module file ../../../Engine/Plugins/Experimental/CharacterAI/Binaries/Win64/UE4Editor-CharacterAI.dll (API version 3709383).
LogModuleManager: Display: Found up-to-date module file ../../../Engine/Plugins/Experimental/HTML5Networking/Binaries/Win64/UE4Editor-HTML5Networking.dll (API version 3709383).
LogModuleManager: Display: Found up-to-date module file ../../../Engine/Plugins/Media/AndroidMedia/Binaries/Win64/UE4Editor-AndroidMediaEditor.dll (API version 3709383).
LogModuleManager: Display: Found up-to-date module file ../../../Engine/Plugins/Media/AndroidMedia/Binaries/Win64/UE4Editor-AndroidMediaFactory.dll (API version 3709383).
LogModuleManager: Display: Found up-to-date module file ../../../Engine/Plugins/Media/AvfMedia/Binaries/Win64/UE4Editor-AvfMediaEditor.dll (API version 3709383).
LogModuleManager: Display: Found up-to-date module file ../../../Engine/Plugins/Media/AvfMedia/Binaries/Win64/UE4Editor-AvfMediaFactory.dll (API version 3709383).
LogModuleManager: Display: Found up-to-date module file ../../../Engine/Plugins/Media/AvfMedia/Binaries/Win64/UE4Editor-AvfMediaFactory.dll (API version 3709383).
LogModuleManager: Display: Found up-to-date module file ../../../Engine/Plugins/Media/ImgMedia/Binaries/Win64/UE4Editor-ImgMedia.dll (API version 3709383).
LogModuleManager: Display: Found up-to-date module file ../../../Engine/Plugins/Media/ImgMedia/Binaries/Win64/UE4Editor-ImgMediaEditor.dll (API version 3709383).
LogModuleManager: Display: Found up-to-date module file ../../../Engine/Plugins/Media/ImgMedia/Binaries/Win64/UE4Editor-ImgMediaFactory.dll (API version 3709383).
LogModuleManager: Display: Found up-to-date module file ../../../Engine/Plugins/Media/ImgMedia/Binaries/Win64/UE4Editor-ImgMediaFactory.dll (API version 3709383).
LogModuleManager: Display: Found up-to-date module file ../../../Engine/Plugins/Media/ImgMedia/Binaries/Win64/UE4Editor-OpenExrWrapper.dll (API version 3709383).
LogModuleManager: Display: Found up-to-date module file ../../../Engine/Plugins/Media/MediaCompositing/Binaries/Win64/UE4Editor-MediaCompositing.dll (API version 3709383).
LogModuleManager: Display: Found up-to-date module file ../../../Engine/Plugins/Media/MediaCompositing/Binaries/Win64/UE4Editor-MediaCompositingEditor.dll (API version 3709383).
LogModuleManager: Display: Found up-to-date module file ../../../Engine/Plugins/Media/MediaPlayerEditor/Binaries/Win64/UE4Editor-MediaPlayerEditor.dll (API version 3709383).
LogModuleManager: Display: Found up-to-date module file ../../../Engine/Plugins/Media/WmfMedia/Binaries/Win64/UE4Editor-WmfMedia.dll (API version 3709383).
LogModuleManager: Display: Found up-to-date module file ../../../Engine/Plugins/Media/WmfMedia/Binaries/Win64/UE4Editor-WmfMediaEditor.dll (API version 3709383).
LogModuleManager: Display: Found up-to-date module file ../../../Engine/Plugins/Media/WmfMedia/Binaries/Win64/UE4Editor-WmfMediaFactory.dll (API version 3709383).
LogModuleManager: Display: Found up-to-date module file ../../../Engine/Plugins/Media/WmfMedia/Binaries/Win64/UE4Editor-WmfMediaFactory.dll (API version 3709383).
LogModuleManager: Display: Found up-to-date module file ../../../Engine/Plugins/Messaging/TcpMessaging/Binaries/Win64/UE4Editor-TcpMessaging.dll (API version 3709383).
LogModuleManager: Display: Found up-to-date module file ../../../Engine/Plugins/Messaging/UdpMessaging/Binaries/Win64/UE4Editor-UdpMessaging.dll (API version 3709383).
LogModuleManager: Display: Found up-to-date module file ../../../Engine/Plugins/MovieScene/ActorSequence/Binaries/Win64/UE4Editor-ActorSequence.dll (API version 3709383).
LogModuleManager: Display: Found up-to-date module file ../../../Engine/Plugins/MovieScene/LevelSequenceEditor/Binaries/Win64/UE4Editor-LevelSequenceEditor.dll (API version 3709383).
LogModuleManager: Display: Found up-to-date module file ../../../Engine/Plugins/MovieScene/MatineeToLevelSequence/Binaries/Win64/UE4Editor-MatineeToLevelSequence.dll (API version 3709383).
LogModuleManager: Display: Found up-to-date module file ../../../Engine/Plugins/Online/OnlineSubsystem/Binaries/Win64/UE4Editor-OnlineSubsystem.dll (API version 3709383).
LogModuleManager: Display: Found up-to-date module file ../../../Engine/Plugins/Runtime/AndroidPermission/Binaries/Win64/UE4Editor-AndroidPermission.dll (API version 3709383).
LogModuleManager: Display: Found up-to-date module file ../../../Engine/Plugins/Online/OnlineSubsystemNull/Binaries/Win64/UE4Editor-OnlineSubsystemNull.dll (API version 3709383).
LogModuleManager: Display: Found up-to-date module file ../../../Engine/Plugins/Online/OnlineSubsystemUtils/Binaries/Win64/UE4Editor-OnlineSubsystemUtils.dll (API version 3709383).
LogModuleManager: Display: Found up-to-date module file ../../../Engine/Plugins/Online/OnlineSubsystemUtils/Binaries/Win64/UE4Editor-OnlineBlueprintSupport.dll (API version 3709383).
LogModuleManager: Display: Found up-to-date module file ../../../Engine/Plugins/Runtime/AndroidDeviceProfileSelector/Binaries/Win64/UE4Editor-AndroidDeviceProfileSelector.dll (API version 3709383).
LogModuleManager: Display: Found up-to-date module file ../../../Engine/Plugins/Runtime/AppleARKit/Binaries/Win64/UE4Editor-AppleARKit.dll (API version 3709383).
LogModuleManager: Display: Found up-to-date module file ../../../Engine/Plugins/Runtime/ArchVisCharacter/Binaries/Win64/UE4Editor-ArchVisCharacter.dll (API version 3709383).
LogModuleManager: Display: Found up-to-date module file ../../../Engine/Plugins/Runtime/CableComponent/Binaries/Win64/UE4Editor-CableComponent.dll (API version 3709383).
LogModuleManager: Display: Found up-to-date module file ../../../Engine/Plugins/Runtime/CustomMeshComponent/Binaries/Win64/UE4Editor-CustomMeshComponent.dll (API version 3709383).
LogModuleManager: Display: Found up-to-date module file ../../../Engine/Plugins/Runtime/ExampleDeviceProfileSelector/Binaries/Win64/UE4Editor-ExampleDeviceProfileSelector.dll (API version 3709383).
LogModuleManager: Display: Found up-to-date module file ../../../Engine/Plugins/Runtime/ImmediatePhysics/Binaries/Win64/UE4Editor-ImmediatePhysics.dll (API version 3709383).
LogModuleManager: Display: Found up-to-date module file ../../../Engine/Plugins/Runtime/ImmediatePhysics/Binaries/Win64/UE4Editor-ImmediatePhysicsEditor.dll (API version 3709383).
LogModuleManager: Display: Found up-to-date module file ../../../Engine/Plugins/Runtime/LocationServicesBPLibrary/Binaries/Win64/UE4Editor-LocationServicesBPLibrary.dll (API version 3709383).
LogModuleManager: Display: Found up-to-date module file ../../../Engine/Plugins/Runtime/MobilePatchingUtils/Binaries/Win64/UE4Editor-MobilePatchingUtils.dll (API version 3709383).
LogModuleManager: Display: Found up-to-date module file ../../../Engine/Plugins/Runtime/Oculus/OculusVR/Binaries/Win64/UE4Editor-OculusHMD.dll (API version 3709383).
LogModuleManager: Display: Found up-to-date module file ../../../Engine/Plugins/Runtime/Oculus/OculusVR/Binaries/Win64/UE4Editor-OculusInput.dll (API version 3709383).
LogModuleManager: Display: Found up-to-date module file ../../../Engine/Plugins/Runtime/Oculus/OculusVR/Binaries/Win64/UE4Editor-OculusEditor.dll (API version 3709383).
LogModuleManager: Display: Found up-to-date module file ../../../Engine/Plugins/Runtime/PhysXVehicles/Binaries/Win64/UE4Editor-PhysXVehicles.dll (API version 3709383).
LogModuleManager: Display: Found up-to-date module file ../../../Engine/Plugins/Runtime/PhysXVehicles/Binaries/Win64/UE4Editor-PhysXVehiclesEditor.dll (API version 3709383).
LogModuleManager: Display: Found up-to-date module file ../../../Engine/Plugins/Runtime/ProceduralMeshComponent/Binaries/Win64/UE4Editor-ProceduralMeshComponent.dll (API version 3709383).
LogModuleManager: Display: Found up-to-date module file ../../../Engine/Plugins/Runtime/ProceduralMeshComponent/Binaries/Win64/UE4Editor-ProceduralMeshComponentEditor.dll (API version 3709383).
LogModuleManager: Display: Found up-to-date module file ../../../Engine/Plugins/Runtime/RuntimePhysXCooking/Binaries/Win64/UE4Editor-RuntimePhysXCooking.dll (API version 3709383).
LogModuleManager: Display: Found up-to-date module file ../../../Engine/Plugins/Runtime/Steam/SteamVR/Binaries/Win64/UE4Editor-SteamVR.dll (API version 3709383).
LogModuleManager: Display: Found up-to-date module file ../../../Engine/Plugins/Runtime/Steam/SteamVR/Binaries/Win64/UE4Editor-SteamVRController.dll (API version 3709383).
LogModuleManager: Display: Found up-to-date module file ../../../Engine/Plugins/Runtime/WindowsMoviePlayer/Binaries/Win64/UE4Editor-WindowsMoviePlayer.dll (API version 3709383).
LogPluginManager: Mounting plugin Paper2D
LogPluginManager: Mounting plugin LightPropagationVolume
LogPluginManager: Mounting plugin CodeLiteSourceCodeAccess
LogPluginManager: Mounting plugin GitSourceControl
LogPluginManager: Mounting plugin KDevelopSourceCodeAccess
LogPluginManager: Mounting plugin NullSourceCodeAccess
LogPluginManager: Mounting plugin PerforceSourceControl
LogPluginManager: Mounting plugin SubversionSourceControl
LogPluginManager: Mounting plugin UObjectPlugin
LogPluginManager: Mounting plugin VisualStudioCodeSourceCodeAccess
LogPluginManager: Mounting plugin VisualStudioSourceCodeAccess
LogPluginManager: Mounting plugin XCodeSourceCodeAccess
LogPluginManager: Mounting plugin AssetManagerEditor
LogPluginManager: Mounting plugin AudioCapture
LogPluginManager: Mounting plugin FacialAnimation
LogPluginManager: Mounting plugin GameplayTagsEditor
LogPluginManager: Mounting plugin MobileLauncherProfileWizard
LogPluginManager: Mounting plugin PluginBrowser
LogPluginManager: Mounting plugin SpeedTreeImporter
LogPluginManager: Mounting plugin AlembicImporter
LogPluginManager: Mounting plugin CharacterAI
LogPluginManager: Mounting plugin HTML5Networking
LogPluginManager: Mounting plugin LowEntryExtStdLib
LogPluginManager: Mounting plugin AndroidMedia
LogPluginManager: Mounting plugin AvfMedia
LogPluginManager: Mounting plugin ImgMedia
LogPluginManager: Mounting plugin MediaCompositing
LogPluginManager: Mounting plugin MediaPlayerEditor
LogPluginManager: Mounting plugin WmfMedia
LogPluginManager: Mounting plugin TcpMessaging
LogPluginManager: Mounting plugin UdpMessaging
LogPluginManager: Mounting plugin ActorSequence
LogPluginManager: Mounting plugin LevelSequenceEditor
LogPluginManager: Mounting plugin MatineeToLevelSequence
LogPluginManager: Mounting plugin OnlineSubsystemGooglePlay
LogPluginManager: Mounting plugin OnlineSubsystemIOS
LogPluginManager: Mounting plugin OnlineSubsystem
LogPluginManager: Mounting plugin OnlineSubsystemNull
LogPluginManager: Mounting plugin OnlineSubsystemUtils
LogPluginManager: Mounting plugin AndroidDeviceProfileSelector
LogPluginManager: Mounting plugin AndroidMoviePlayer
LogPluginManager: Mounting plugin AndroidPermission
LogPluginManager: Mounting plugin AppleARKit
LogPluginManager: Mounting plugin AppleMoviePlayer
LogPluginManager: Mounting plugin ArchVisCharacter
LogPluginManager: Mounting plugin CableComponent
LogPluginManager: Mounting plugin CustomMeshComponent
LogPluginManager: Mounting plugin ExampleDeviceProfileSelector
LogPluginManager: Mounting plugin GoogleCloudMessaging
LogPluginManager: Mounting plugin ImmediatePhysics
LogPluginManager: Mounting plugin IOSDeviceProfileSelector
LogPluginManager: Mounting plugin LinuxDeviceProfileSelector
LogPluginManager: Mounting plugin LocationServicesBPLibrary
LogPluginManager: Mounting plugin MobilePatchingUtils
LogPluginManager: Mounting plugin OculusVR
LogPluginManager: Plugin shader directory ../../../Engine/Plugins/Runtime/Oculus/OculusVR/Shaders found
LogPluginManager: Mapping shader source directory ../../../Engine/Plugins/Runtime/Oculus/OculusVR/Shaders to virtual directory /Plugin/OculusVR
LogPluginManager: Mounting plugin PhysXVehicles
LogPluginManager: Mounting plugin ProceduralMeshComponent
LogPluginManager: Mounting plugin RuntimePhysXCooking
LogPluginManager: Mounting plugin SteamVR
LogPluginManager: Mounting plugin WindowsMoviePlayer
LogInit: Using libcurl 7.47.1
LogInit:  - built for x86_64-pc-win32
LogInit:  - supports SSL with OpenSSL/1.0.2g
LogInit:  - supports HTTP deflate (compression) using libz 1.2.8
LogInit:  - other features:
LogInit:      CURL_VERSION_SSL
LogInit:      CURL_VERSION_LIBZ
LogInit:      CURL_VERSION_IPV6
LogInit:      CURL_VERSION_ASYNCHDNS
LogInit:      CURL_VERSION_LARGEFILE
LogInit:      CURL_VERSION_IDN
LogInit:  CurlRequestOptions (configurable via config and command line):
LogInit:  - bVerifyPeer = false  - Libcurl will NOT verify peer certificate
LogInit:  - bUseHttpProxy = true  - Libcurl will use HTTP proxy
LogInit:  - HttpProxyAddress = '127.0.0.1:8080'
LogInit:  - bDontReuseConnections = false  - Libcurl will reuse connections
LogInit:  - CertBundlePath = nullptr  - Libcurl will use whatever was configured at build time.
LogInit: Build: ++UE4+Release-4.18-CL-3832480
LogInit: Engine Version: 4.18.3-3832480+++UE4+Release-4.18
LogInit: Compatible Engine Version: 4.18.0-3709383+++UE4+Release-4.18
LogInit: Net CL: 3709383
LogDevObjectVersion: Number of dev versions registered: 16
LogDevObjectVersion:   Dev-Blueprints (B0D832E4-1F89-4F0D-ACCF-7EB736FD4AA2): 10
LogDevObjectVersion:   Dev-Build (E1C64328-A22C-4D53-A36C-8E866417BD8C): 0
LogDevObjectVersion:   Dev-Core (375EC13C-06E4-48FB-B500-84F0262A717E): 2
LogDevObjectVersion:   Dev-Editor (E4B068ED-F494-42E9-A231-DA0B2E46BB41): 20
LogDevObjectVersion:   Dev-Framework (CFFC743F-43B0-4480-9391-14DF171D2073): 30
LogDevObjectVersion:   Dev-Mobile (B02B49B5-BB20-44E9-A304-32B752E40360): 0
LogDevObjectVersion:   Dev-Networking (A4E4105C-59A1-49B5-A7C5-40C4547EDFEE): 0
LogDevObjectVersion:   Dev-Online (39C831C9-5AE6-47DC-9A44-9C173E1C8E7C): 0
LogDevObjectVersion:   Dev-Physics (78F01B33-EBEA-4F98-B9B4-84EACCB95AA2): 0
LogDevObjectVersion:   Dev-Platform (6631380F-2D4D-43E0-8009-CF276956A95A): 0
LogDevObjectVersion:   Dev-Rendering (12F88B9F-8875-4AFC-A67C-D90C383ABD29): 20
LogDevObjectVersion:   Dev-Sequencer (7B5AE74C-D270-4C10-A958-57980B212A5A): 4
LogDevObjectVersion:   Dev-VR (D7296918-1DD6-4BDD-9DE2-64A83CC13884): 0
LogDevObjectVersion:   Dev-LoadTimes (C2A15278-BFE7-4AFE-6C17-90FF531DF755): 1
LogDevObjectVersion:   Private-Geometry (6EACA3D4-40EC-4CC1-B786-8BED09428FC5): 1
LogDevObjectVersion:   Dev-AnimPhys (29E575DD-E0A3-4627-9D10-D276232CDCEA): 12
LogInit: Compiled (64-bit): Jan 12 2018 02:04:55
LogInit: Compiled with Visual C++: 19.00.24215.01
LogInit: Build Configuration: Development
LogInit: Branch Name: ++UE4+Release-4.18
LogInit: Command line: -EpicPortal 
LogInit: Base directory: E:/Program Files/Epic Games/UE_4.18/Engine/Binaries/Win64/
LogInit: Installed Engine Build: 1
LogInit: Presizing for max 8388607 objects, including 0 objects not considered by GC, pre-allocating 0 bytes for permanent pool.
LogInit: Object subsystem initialized
[2018.05.02-19.55.30:333][  0]LogInit: Selected Device Profile: [Windows]
[2018.05.02-19.55.30:333][  0]LogInit: Applying CVar settings loaded from the selected device profile: [Windows]
[2018.05.02-19.55.30:344][  0]LogInit: Computer: MAXENCE-PC
[2018.05.02-19.55.30:344][  0]LogInit: User: Maxence
[2018.05.02-19.55.30:344][  0]LogInit: CPU Page size=4096, Cores=4
[2018.05.02-19.55.30:344][  0]LogInit: High frequency timer resolution =3.906252 MHz
[2018.05.02-19.55.30:344][  0]LogMemory: Memory total: Physical=23.9GB (24GB approx)
[2018.05.02-19.55.30:344][  0]LogMemory: Platform Memory Stats for Windows
[2018.05.02-19.55.30:344][  0]LogMemory: Process Physical Memory: 274.22 MB used, 274.22 MB peak
[2018.05.02-19.55.30:344][  0]LogMemory: Process Virtual Memory: 269.83 MB used, 269.83 MB peak
[2018.05.02-19.55.30:344][  0]LogMemory: Physical Memory: 7179.28 MB used,  17345.40 MB free, 24524.68 MB total
[2018.05.02-19.55.30:344][  0]LogMemory: Virtual Memory: 682.93 MB used,  17345.40 MB free, 134217728.00 MB total
[2018.05.02-19.55.30:456][  0]LogInit: Using OS detected language (fr-FR).
[2018.05.02-19.55.30:456][  0]LogInit: Using OS detected locale (fr-FR).
[2018.05.02-19.55.30:459][  0]LogTextLocalizationManager: No localization for 'fr-FR' exists, so 'en' will be used for the language.
[2018.05.02-19.55.30:460][  0]LogTextLocalizationManager: No localization for 'fr-FR' exists, so 'en' will be used for the locale.
[2018.05.02-19.55.30:836][  0]LogInit: Setting process to per monitor DPI aware
[2018.05.02-19.55.31:131][  0]LogD3D11RHI: D3D11 adapters:
[2018.05.02-19.55.31:182][  0]LogD3D11RHI:    0. 'NVIDIA GeForce GTX 970' (Feature Level 11_0)
[2018.05.02-19.55.31:182][  0]LogD3D11RHI:       4043/0/12262 MB DedicatedVideo/DedicatedSystem/SharedSystem, Outputs:2, VendorId:0x10de
[2018.05.02-19.55.31:184][  0]LogD3D11RHI:    1. 'Microsoft Basic Render Driver' (Feature Level 11_0)
[2018.05.02-19.55.31:184][  0]LogD3D11RHI:       0/0/12262 MB DedicatedVideo/DedicatedSystem/SharedSystem, Outputs:0, VendorId:0x1414
[2018.05.02-19.55.31:184][  0]LogD3D11RHI: Chosen D3D11 Adapter: 0
[2018.05.02-19.55.31:189][  0]LogD3D11RHI: Creating new Direct3DDevice
[2018.05.02-19.55.31:189][  0]LogD3D11RHI:     GPU DeviceId: 0x13c2 (for the marketing name, search the web for "GPU Device Id")
[2018.05.02-19.55.31:189][  0]LogWindows: EnumDisplayDevices:
[2018.05.02-19.55.31:189][  0]LogWindows:    0. 'NVIDIA GeForce GTX 970' (P:1 D:1)
[2018.05.02-19.55.31:189][  0]LogWindows:    1. 'NVIDIA GeForce GTX 970' (P:0 D:1)
[2018.05.02-19.55.31:189][  0]LogWindows:    2. 'NVIDIA GeForce GTX 970' (P:0 D:0)
[2018.05.02-19.55.31:189][  0]LogWindows:    3. 'NVIDIA GeForce GTX 970' (P:0 D:0)
[2018.05.02-19.55.31:189][  0]LogWindows: DebugString: GetVideoDriverDetailsInvalid PrimaryIsNotTheChoosenAdapter GetVideoDriverDetailsInvalid PrimaryIsNotTheChoosenAdapter GetVideoDriverDetailsInvalid PrimaryIsNotTheChoosenAdapter GetVideoDriverDetailsInvalid PrimaryIsNotTheChoosenAdapter FoundDriverCount:0 
[2018.05.02-19.55.31:189][  0]LogD3D11RHI:     Adapter Name: NVIDIA GeForce GTX 970
[2018.05.02-19.55.31:189][  0]LogD3D11RHI:   Driver Version: Unknown (internal:Unknown, unified:Unknown)
[2018.05.02-19.55.31:189][  0]LogD3D11RHI:      Driver Date: Unknown
[2018.05.02-19.55.31:189][  0]LogRHI: Texture pool is 2830 MB (70% of 4043 MB)
[2018.05.02-19.55.31:219][  0]LogD3D11RHI: Async texture creation enabled
[2018.05.02-19.55.31:268][  0]LogD3D11RHI: GPU Timing Frequency: 1000.000000 (Debug: 2 2)
[2018.05.02-19.55.31:317][  0]LogShaderCompilers: Guid format shader working directory is -20 characters bigger than the processId version (../../../../../../Program Files (x86)/UnknownLegacy/UnknownLegacy_Ok/Intermediate/Shaders/WorkingDirectory/9740/).
[2018.05.02-19.55.31:317][  0]LogShaderCompilers: Cleaned the shader compiler working directory 'C:/Users/Maxence/AppData/Local/Temp/UnrealShaderWorkingDir/0DB900364261175BE639238E79BEA085/'.
[2018.05.02-19.55.31:318][  0]LogShaderCompilers: Display: Using Local Shader Compiler.
[2018.05.02-19.55.32:158][  0]LogTemp: Display: Loaded TP AllDesktopTargetPlatform
[2018.05.02-19.55.32:199][  0]LogTemp: Display: Loaded TP MacClientTargetPlatform
[2018.05.02-19.55.32:241][  0]LogTemp: Display: Loaded TP MacNoEditorTargetPlatform
[2018.05.02-19.55.32:286][  0]LogTemp: Display: Loaded TP MacServerTargetPlatform
[2018.05.02-19.55.32:332][  0]LogTemp: Display: Loaded TP MacTargetPlatform
[2018.05.02-19.55.32:374][  0]LogTemp: Display: Loaded TP WindowsClientTargetPlatform
[2018.05.02-19.55.32:416][  0]LogTemp: Display: Loaded TP WindowsNoEditorTargetPlatform
[2018.05.02-19.55.32:462][  0]LogTemp: Display: Loaded TP WindowsServerTargetPlatform
[2018.05.02-19.55.32:497][  0]LogTemp: Display: Loaded TP WindowsTargetPlatform
[2018.05.02-19.55.32:537][  0]LogTemp: Display: Loaded TP Android_ASTCTargetPlatform
[2018.05.02-19.55.32:578][  0]LogTemp: Display: Loaded TP Android_ATCTargetPlatform
[2018.05.02-19.55.32:618][  0]LogTemp: Display: Loaded TP Android_DXTTargetPlatform
[2018.05.02-19.55.32:659][  0]LogTemp: Display: Loaded TP Android_ETC1TargetPlatform
[2018.05.02-19.55.32:699][  0]LogTemp: Display: Loaded TP Android_ETC2TargetPlatform
[2018.05.02-19.55.32:781][  0]LogTemp: Display: Loaded TP Android_MultiTargetPlatform
[2018.05.02-19.55.32:781][  0]LogTemp: Display: Loaded TP Android_PVRTCTargetPlatform
[2018.05.02-19.55.32:828][  0]LogTemp: Display: Loaded TP AndroidTargetPlatform
[2018.05.02-19.55.32:862][  0]LogTemp: Display: Loaded TP HTML5TargetPlatform
[2018.05.02-19.55.32:937][  0]LogTemp: Display: Loaded TP IOSTargetPlatform
[2018.05.02-19.55.32:958][  0]LogTemp: Display: Loaded TP TVOSTargetPlatform
[2018.05.02-19.55.32:997][  0]LogTemp: Display: Loaded TP LinuxClientTargetPlatform
[2018.05.02-19.55.33:039][  0]LogTemp: Display: Loaded TP LinuxNoEditorTargetPlatform
[2018.05.02-19.55.33:080][  0]LogTemp: Display: Loaded TP LinuxServerTargetPlatform
[2018.05.02-19.55.33:122][  0]LogTemp: Display: Loaded TP LinuxTargetPlatform
[2018.05.02-19.55.33:122][  0]LogTargetPlatformManager: Display: Building Assets For Windows
[2018.05.02-19.55.33:468][  0]LogDerivedDataCache: Display: Max Cache Size: 512 MB
[2018.05.02-19.55.33:534][  0]LogDerivedDataCache: Loaded boot cache 0.07s 78MB C:/Users/Maxence/AppData/Local/UnrealEngine/4.18/DerivedDataCache/Boot.ddc.
[2018.05.02-19.55.33:535][  0]LogDerivedDataCache: Display: Loaded Boot cache: C:/Users/Maxence/AppData/Local/UnrealEngine/4.18/DerivedDataCache/Boot.ddc
[2018.05.02-19.55.33:535][  0]LogDerivedDataCache: FDerivedDataBackendGraph:  Pak pak cache file ../../../../../../Program Files (x86)/UnknownLegacy/UnknownLegacy_Ok/DerivedDataCache/DDC.ddp not found, will not use a pak cache.
[2018.05.02-19.55.33:535][  0]LogDerivedDataCache: Unable to find inner node Pak for hierarchical cache Hierarchy.
[2018.05.02-19.55.33:535][  0]LogDerivedDataCache: FDerivedDataBackendGraph:  CompressedPak pak cache file ../../../../../../Program Files (x86)/UnknownLegacy/UnknownLegacy_Ok/DerivedDataCache/Compressed.ddp not found, will not use a pak cache.
[2018.05.02-19.55.33:535][  0]LogDerivedDataCache: Unable to find inner node CompressedPak for hierarchical cache Hierarchy.
[2018.05.02-19.55.33:550][  0]LogDerivedDataCache: Display: Pak cache opened for reading ../../../Engine/DerivedDataCache/Compressed.ddp.
[2018.05.02-19.55.33:562][  0]LogDerivedDataCache: Using Local data cache path C:/Users/Maxence/AppData/Local/UnrealEngine/Common/DerivedDataCache: Writable
[2018.05.02-19.55.33:570][  0]LogMaterial: Verifying Global Shaders for PCD3D_SM5
[2018.05.02-19.55.33:571][  0]LogSlate: Using Freetype 2.6.0
[2018.05.02-19.55.33:571][  0]LogSlate: SlateFontCache - WITH_FREETYPE: 1, WITH_HARFBUZZ: 1
[2018.05.02-19.55.33:571][  0]LogSlate: SlateFontCache - WITH_FREETYPE: 1, WITH_HARFBUZZ: 1
[2018.05.02-19.55.33:918][  0]LogInit: Selected Device Profile: [Windows]
[2018.05.02-19.55.34:196][  0]LogSimplygon: Simplygon DLL not present - disabling.
[2018.05.02-19.55.34:226][  0]LogMeshReduction: Using SimplygonSwarm for distributed automatic mesh merging
[2018.05.02-19.55.34:226][  0]LogMeshReduction: Using QuadricMeshReduction for automatic static mesh reduction
[2018.05.02-19.55.34:226][  0]LogMeshReduction: No automatic skeletal mesh reduction module available
[2018.05.02-19.55.34:226][  0]LogMeshReduction: No automatic mesh merging module available
[2018.05.02-19.55.34:227][  0]LogMeshMerging: No automatic mesh merging module available
[2018.05.02-19.55.34:258][  0]LogNetVersion: UnknownLegacy_Ok , NetCL: 3709383, EngineNetVer: 2, GameNetVer: 0 (Checksum: 1015185601)
[2018.05.02-19.55.34:405][  0]LogAssetRegistry: FAssetRegistry took 0.0246 seconds to start up
[2018.05.02-19.55.34:844][  0]LogPackageLocalizationCache: Processed 8 localized package path(s) for 1 prioritized culture(s) in 0.038559 seconds
[2018.05.02-19.55.34:849][  0]LogUObjectArray: 35870 objects as part of root set at end of initial load.
[2018.05.02-19.55.34:849][  0]LogUObjectAllocator: 7363704 out of 0 bytes used by permanent object pool.
[2018.05.02-19.55.34:849][  0]LogUObjectArray: CloseDisregardForGC: 0/0 objects in disregard for GC pool
[2018.05.02-19.55.34:884][  0]LogInit: WinSock: version 1.1 (2.2), MaxSocks=32767, MaxUdp=65467
[2018.05.02-19.55.37:645][  0]LogTcpMessaging: Initializing TcpMessaging bridge
[2018.05.02-19.55.37:687][  0]LogUdpMessaging: Initializing bridge on interface 0.0.0.0:0 to multicast group 230.0.0.1:6666.
[2018.05.02-19.55.38:295][  0]LogMaterial: Uniform references updated for custom material expression Custom.
[2018.05.02-19.55.38:668][  0]SourceControl: Source control is disabled
[2018.05.02-19.55.38:668][  0]SourceControl: Source control is disabled
[2018.05.02-19.55.38:718][  0]SourceControl: Source control is disabled
[2018.05.02-19.55.38:765][  0]SourceControl: Source control is disabled
[2018.05.02-19.55.39:571][  0]LogAndroidPermission: UAndroidPermissionCallbackProxy::GetInstance
[2018.05.02-19.55.39:816][  0]LogOcInput: OculusInput pre-init called
[2018.05.02-19.55.40:065][  0]LogEngine: Initializing Engine...
[2018.05.02-19.55.40:066][  0]LogHMD: Failed to initialize OpenVR with code 110
[2018.05.02-19.55.40:260][  0]LogStats: UGameplayTagsManager::ConstructGameplayTagTree: Construct from data asset -  0.000 s
[2018.05.02-19.55.40:260][  0]LogStats: UGameplayTagsManager::ConstructGameplayTagTree: GameplayTagTreeChangedEvent.Broadcast -  0.000 s
[2018.05.02-19.55.40:370][  0]LogAIModule: Creating AISystem for world Untitled
[2018.05.02-19.55.40:379][  0]LogInit: XAudio2 using 'Casque (SteelSeries Arctis 5 Game)' : 2 channels at 48 kHz using 16 bits per sample (channel mask 0x3)
[2018.05.02-19.55.40:394][  0]LogInit: FAudioDevice initialized.
[2018.05.02-19.55.40:474][  0]LogDerivedDataCache: Saved boot cache 0.08s 78MB C:/Users/Maxence/AppData/Local/UnrealEngine/4.18/DerivedDataCache/Boot.ddc.
[2018.05.02-19.55.40:484][  0]LogInit: Texture streaming: Enabled
[2018.05.02-19.55.40:553][  0]LogEngineSessionManager: EngineSessionManager initialized
[2018.05.02-19.55.40:655][  0]LogInit: Transaction tracking system initialized
[2018.05.02-19.55.40:899][  0]BlueprintLog: New page: Editor Load
[2018.05.02-19.55.41:591][  0]LocalizationService: Localization service is disabled
[2018.05.02-19.55.42:180][  0]LogConsoleResponse: Display: 
[2018.05.02-19.55.42:346][  0]LogCook: Display: Max memory allowance for cook 16384mb min free memory 0mb
[2018.05.02-19.55.42:346][  0]LogCook: Display: Mobile HDR setting 1
[2018.05.02-19.55.42:346][  0]LogGameplayTags: Display: UGameplayTagsManager::DoneAddingNativeTags. DelegateIsBound: 0
[2018.05.02-19.55.43:336][  0]LogFileCache: Scanning file cache for directory 'E:/Program Files (x86)/UnknownLegacy/UnknownLegacy_Ok/Content/' took 0.02s
[2018.05.02-19.55.43:375][  0]SourceControl: Source control is disabled
[2018.05.02-19.55.43:375][  0]Cmd: MAP LOAD FILE="../../../../../../Program Files (x86)/UnknownLegacy/UnknownLegacy_Ok/Content/FirstPersonBP/Maps/FirstPersonExampleMap.umap" TEMPLATE=0 SHOWPROGRESS=1 FEATURELEVEL=3
[2018.05.02-19.55.43:375][  0]LogEditorServer: Warning: Can't find file '../../../../../../Program Files (x86)/UnknownLegacy/UnknownLegacy_Ok/Content/FirstPersonBP/Maps/FirstPersonExampleMap.umap'
[2018.05.02-19.55.43:375][  0]Cmd: MAP CHECKDEP NOCLEARLOG
[2018.05.02-19.55.43:425][  0]MapCheck: Map check complete: 0 Error(s), 0 Warning(s), took 49.319ms to complete.
[2018.05.02-19.55.43:425][  0]LogFileHelpers: Loading map 'FirstPersonExampleMap' took 0.050
[2018.05.02-19.55.43:484][  0]LogWindowsTextInputMethodSystem: Display: IME system now deactivated.
[2018.05.02-19.55.43:556][  0]LogCollectionManager: Loaded 0 collections in 0.001642 seconds
[2018.05.02-19.55.43:629][  0]LogFileCache: Scanning file cache for directory 'E:/Program Files (x86)/UnknownLegacy/UnknownLegacy_Ok/Saved/Collections/' took 0.01s
[2018.05.02-19.55.43:629][  0]LogFileCache: Scanning file cache for directory 'E:/Program Files (x86)/UnknownLegacy/UnknownLegacy_Ok/Content/Developers/Maxence/Collections/' took 0.01s
[2018.05.02-19.55.43:629][  0]LogFileCache: Scanning file cache for directory 'E:/Program Files (x86)/UnknownLegacy/UnknownLegacy_Ok/Content/Collections/' took 0.01s
[2018.05.02-19.55.43:629][  0]LogCollectionManager: Rebuilt the GUID cache for 0 collections in 0.000000 seconds
[2018.05.02-19.55.43:636][  0]LogContentBrowser: Native class hierarchy populated in 0.0069 seconds. Added 2388 classes and 528 folders.
[2018.05.02-19.55.43:683][  0]LogContentBrowser: Native class hierarchy updated for 'WidgetCarousel' in 0.0002 seconds. Added 0 classes and 0 folders.
[2018.05.02-19.55.43:732][  0]LogContentBrowser: Native class hierarchy updated for 'AddContentDialog' in 0.0002 seconds. Added 0 classes and 0 folders.
[2018.05.02-19.55.43:768][  0]LogContentBrowser: Native class hierarchy updated for 'SceneOutliner' in 0.0003 seconds. Added 1 classes and 2 folders.
[2018.05.02-19.55.43:782][  0]LogSlate: Took 0.000239 seconds to synchronously load lazily loaded font '../../../Engine/Content/Slate/Fonts/Roboto-Regular.ttf' (155K)
[2018.05.02-19.55.43:784][  0]LogSlate: Took 0.000305 seconds to synchronously load lazily loaded font '../../../Engine/Content/Slate/Fonts/Roboto-Bold.ttf' (160K)
[2018.05.02-19.55.43:791][  0]LogSlate: Took 0.000346 seconds to synchronously load lazily loaded font '../../../Engine/Content/Editor/Slate/Fonts/FontAwesome.ttf' (139K)
[2018.05.02-19.55.43:880][  0]LogRenderer: Reallocating scene render targets to support 1208x576 Format 10 NumSamples 1 (Frame:1).
[2018.05.02-19.55.44:010][  0]LogContentBrowser: Native class hierarchy updated for 'HierarchicalLODOutliner' in 0.0003 seconds. Added 1 classes and 2 folders.
[2018.05.02-19.55.44:010][  0]LogLoad: (Engine Initialization) Total time: 16.24 seconds
[2018.05.02-19.55.44:010][  0]LogLoad: (Engine Initialization) Total Blueprint compile time: 0.00 seconds
[2018.05.02-19.55.44:010][  0]LogExternalProfiler: No external profilers were discovered.  External profiling features will not be available.
[2018.05.02-19.55.44:038][  0]LogContentStreaming: Texture pool size now 1000 MB
[2018.05.02-19.55.44:071][  0]LogSlate: Took 0.000243 seconds to synchronously load lazily loaded font '../../../Engine/Content/Slate/Fonts/Roboto-Light.ttf' (159K)
[2018.05.02-19.55.44:085][  1]LogAssetRegistry: Asset discovery search completed in 9.7012 seconds
[2018.05.02-19.55.44:087][  1]LogCollectionManager: Rebuilt the object cache for 0 collections in 0.000001 seconds (found 0 objects)
[2018.05.02-19.55.44:087][  1]LogCollectionManager: Fixed up redirectors for 0 collections in 0.000083 seconds (updated 0 objects)
[2018.05.02-19.55.47:234][374]LogSlate: Took 0.000198 seconds to synchronously load lazily loaded font '../../../Engine/Content/Slate/Fonts/Roboto-Light.ttf' (159K)
[2018.05.02-19.55.47:323][374]LogLinker: Warning: Can't find file '/Game/FirstPerson/Textures/FirstPersonCrosshair'
[2018.05.02-19.55.47:323][374]LogLinker: Warning: Can't find file for asset '/Game/FirstPerson/Textures/FirstPersonCrosshair' while loading ../../../../../../Program Files (x86)/UnknownLegacy/UnknownLegacy_Ok/Content/OLD/FirstPersonBP/Blueprints/FirstPersonHUD.uasset.
[2018.05.02-19.55.47:323][374]LoadErrors: Error: /Game/OLD/FirstPersonBP/Blueprints/FirstPersonHUD : Can't find file for asset. /Game/FirstPerson/Textures/FirstPersonCrosshair
[2018.05.02-19.55.47:323][374]LogLinker: Warning: Can't find file '/Game/FirstPerson/Textures/FirstPersonCrosshair'
[2018.05.02-19.55.47:323][374]LogLinker: Warning: Can't find file for asset '/Game/FirstPerson/Textures/FirstPersonCrosshair' while loading ../../../../../../Program Files (x86)/UnknownLegacy/UnknownLegacy_Ok/Content/OLD/FirstPersonBP/Blueprints/FirstPersonHUD.uasset.
[2018.05.02-19.55.47:324][374]LogLinker: Warning: Can't find file '/Game/FirstPerson/Textures/FirstPersonCrosshair'
[2018.05.02-19.55.47:324][374]LogLinker: Warning: Can't find file for asset '/Game/FirstPerson/Textures/FirstPersonCrosshair' while loading ../../../../../../Program Files (x86)/UnknownLegacy/UnknownLegacy_Ok/Content/OLD/FirstPersonBP/Blueprints/FirstPersonGameMode.uasset.
[2018.05.02-19.55.47:324][374]LoadErrors: Error: /Game/OLD/FirstPersonBP/Blueprints/FirstPersonGameMode : Can't find file for asset. /Game/FirstPerson/Textures/FirstPersonCrosshair
[2018.05.02-19.55.47:324][374]LogLinker: Warning: Can't find file '/Game/FirstPerson/Textures/FirstPersonCrosshair'
[2018.05.02-19.55.47:324][374]LogLinker: Warning: Can't find file for asset '/Game/FirstPerson/Textures/FirstPersonCrosshair' while loading ../../../../../../Program Files (x86)/UnknownLegacy/UnknownLegacy_Ok/Content/OLD/FirstPersonBP/Blueprints/FirstPersonGameMode.uasset.
[2018.05.02-19.55.47:325][374]LogLinker: Warning: Can't find file '/Game/FirstPerson/Textures/FirstPersonCrosshair'
[2018.05.02-19.55.47:325][374]LoadErrors: Failed to load /Game/FirstPerson/Textures/FirstPersonCrosshair.FirstPersonCrosshair Referenced by K2Node_CallFunction_12988
[2018.05.02-19.55.47:325][374]LogLinker: Warning: Can't find file for asset '/Game/FirstPerson/Textures/FirstPersonCrosshair' while loading ../../../../../../Program Files (x86)/UnknownLegacy/UnknownLegacy_Ok/Content/OLD/FirstPersonBP/Blueprints/FirstPersonGameMode.uasset.
[2018.05.02-19.55.47:943][374]LogTexture: Display: Building textures: FM_Options (BGRA8, 326X88)
[2018.05.02-19.55.47:943][374]LogTexture: Display: Building textures: FM_Quitter (BGRA8, 326X88)
[2018.05.02-19.55.47:943][374]LogTexture: Display: Building textures: FM_Start (BGRA8, 326X88)
[2018.05.02-19.55.47:943][374]LogTexture: Display: Building textures: logo_avec_FM_texte (AutoDXT, 1920X1080)
[2018.05.02-19.55.47:943][374]LogTexture: Display: Building textures: FM_Background (AutoDXT, 1920X1080)
[2018.05.02-19.55.47:943][374]LogTexture: Display: Building textures: T_Testing (AutoDXT, 1024X1024)
[2018.05.02-19.55.48:546][374]LogMaterial: Missing cached shader map for material Parent, compiling. 
[2018.05.02-19.55.48:598][374]LogStaticMesh: Building static mesh onfaitdestests...
[2018.05.02-19.55.48:598][374]LogStaticMesh: Built static mesh [0.00s] /Game/UnknownLegacy/Levels/BaseLevel/Décors/onfaitdestests.onfaitdestests
[2018.05.02-19.55.48:681][374]LogAIModule: Creating AISystem for world BaseLevel
[2018.05.02-19.55.48:707][374]Cmd: MAP LOAD FILE="../../../../../../Program Files (x86)/UnknownLegacy/UnknownLegacy_Ok/Content/UnknownLegacy/Levels/BaseLevel/BaseLevel.umap" TEMPLATE=0 SHOWPROGRESS=1 FEATURELEVEL=3
[2018.05.02-19.55.48:707][374]LightingResults: New page: Lighting Build
[2018.05.02-19.55.48:737][374]LogContentBrowser: Native class hierarchy updated for 'StatsViewer' in 0.0003 seconds. Added 5 classes and 0 folders.
[2018.05.02-19.55.48:738][374]LoadErrors: New page: Loading map: BaseLevel.umap
[2018.05.02-19.55.48:738][374]MapCheck: New page: Map Check
[2018.05.02-19.55.48:738][374]LightingResults: New page: Lighting Build
[2018.05.02-19.55.48:749][374]LogEditorServer: Finished looking for orphan Actors (0.000 secs)
[2018.05.02-19.55.48:790][374]Cmd: MAP CHECKDEP NOCLEARLOG
[2018.05.02-19.55.48:851][374]MapCheck: Map check complete: 0 Error(s), 0 Warning(s), took 60.385ms to complete.
[2018.05.02-19.55.48:851][374]LogFileHelpers: Loading map 'BaseLevel' took 0.145
[2018.05.02-19.56.37:320][967]LogActorFactory: Actor Factory created test_sol+textures_map_v0_01
[2018.05.02-19.56.39:108][176]LogActorFactory: Actor Factory created test_sol+textures_map_v0_01
[2018.05.02-19.56.41:743][481]LogActorFactory: Actor Factory created test_sol+textures_map_v0_01
[2018.05.02-19.56.44:904][795]Cmd: DELETE
[2018.05.02-19.56.44:904][795]Cmd: ACTOR DELETE
[2018.05.02-19.56.44:996][795]LogEditorActor: Deleted Actor: StaticMeshActor
[2018.05.02-19.56.45:005][795]LogEditorActor: Deleted 1 Actors (0.048 secs)
[2018.05.02-19.56.47:082][ 31]LogActorFactory: Actor Factory created test_sol+textures_map_v0_01
[2018.05.02-19.56.48:050][146]LogActorFactory: Actor Factory created test_sol+textures_map_v0_01
[2018.05.02-19.56.49:878][360]LogActorFactory: Actor Factory created test_sol+textures_map_v0_01
[2018.05.02-19.57.21:884][776]LogTemp: Repeating last play command: Selected Viewport
[2018.05.02-19.57.30:272][776]LogBlueprintUserMessages: Early PlayInEditor Detection: Level '/Game/UnknownLegacy/Levels/BaseLevel/BaseLevel.BaseLevel:PersistentLevel' has LevelScriptBlueprint '/Game/UnknownLegacy/Levels/BaseLevel/BaseLevel.BaseLevel:PersistentLevel.BaseLevel' with GeneratedClass '/Game/UnknownLegacy/Levels/BaseLevel/BaseLevel.BaseLevel_C' with ClassGeneratedBy '/Game/UnknownLegacy/Levels/BaseLevel/BaseLevel.BaseLevel:PersistentLevel.BaseLevel'
[2018.05.02-19.57.30:285][776]LogPlayLevel: PlayLevel: No blueprints needed recompiling
[2018.05.02-19.57.30:296][776]PIE: New page: PIE session: BaseLevel (May 2, 2018, 11:57:30 PM)
[2018.05.02-19.57.30:296][776]LogPlayLevel: Creating play world package: /Game/UnknownLegacy/Levels/BaseLevel/UEDPIE_0_BaseLevel
[2018.05.02-19.57.30:323][776]LogPlayLevel: PIE: StaticDuplicateObject took: (0.027186s)
[2018.05.02-19.57.30:324][776]LogAIModule: Creating AISystem for world BaseLevel
[2018.05.02-19.57.30:324][776]LogPlayLevel: PIE: World Init took: (0.000547s)
[2018.05.02-19.57.30:324][776]LogPlayLevel: PIE: Created PIE world by copying editor world from /Game/UnknownLegacy/Levels/BaseLevel/BaseLevel.BaseLevel to /Game/UnknownLegacy/Levels/BaseLevel/UEDPIE_0_BaseLevel.BaseLevel (0.028019s)
[2018.05.02-19.57.30:343][776]LogInit: XAudio2 using 'Casque (SteelSeries Arctis 5 Game)' : 2 channels at 48 kHz using 16 bits per sample (channel mask 0x3)
[2018.05.02-19.57.30:356][776]LogInit: FAudioDevice initialized.
[2018.05.02-19.57.30:435][776]LogLoad: Game class is 'FirstPersonGameMode_C'
[2018.05.02-19.57.30:475][776]LogWorld: Bringing World /Game/UnknownLegacy/Levels/BaseLevel/UEDPIE_0_BaseLevel.BaseLevel up for play (max tick rate 0) at 2018.05.02-21.57.30
[2018.05.02-19.57.30:476][776]LogWorld: Bringing up level for play took: 0.001219
[2018.05.02-19.57.30:571][776]LogContentBrowser: Native class hierarchy updated for 'MovieSceneCapture' in 0.0003 seconds. Added 11 classes and 0 folders.
[2018.05.02-19.57.30:832][776]PIE: Play in editor start time for /Game/UnknownLegacy/Levels/BaseLevel/UEDPIE_0_BaseLevel 0.649
[2018.05.02-19.57.30:833][776]LogBlueprintUserMessages: Late PlayInEditor Detection: Level '/Game/UnknownLegacy/Levels/BaseLevel/BaseLevel.BaseLevel:PersistentLevel' has LevelScriptBlueprint '/Game/UnknownLegacy/Levels/BaseLevel/BaseLevel.BaseLevel:PersistentLevel.BaseLevel' with GeneratedClass '/Game/UnknownLegacy/Levels/BaseLevel/BaseLevel.BaseLevel_C' with ClassGeneratedBy '/Game/UnknownLegacy/Levels/BaseLevel/BaseLevel.BaseLevel:PersistentLevel.BaseLevel'
[2018.05.02-19.59.18:860][585]LogBlueprintUserMessages: Early EndPlayMap Detection: Level '/Game/UnknownLegacy/Levels/BaseLevel/BaseLevel.BaseLevel:PersistentLevel' has LevelScriptBlueprint '/Game/UnknownLegacy/Levels/BaseLevel/BaseLevel.BaseLevel:PersistentLevel.BaseLevel' with GeneratedClass '/Game/UnknownLegacy/Levels/BaseLevel/BaseLevel.BaseLevel_C' with ClassGeneratedBy '/Game/UnknownLegacy/Levels/BaseLevel/BaseLevel.BaseLevel:PersistentLevel.BaseLevel'
[2018.05.02-19.59.18:893][585]LogBlueprintUserMessages: Late EndPlayMap Detection: Level '/Game/UnknownLegacy/Levels/BaseLevel/BaseLevel.BaseLevel:PersistentLevel' has LevelScriptBlueprint '/Game/UnknownLegacy/Levels/BaseLevel/BaseLevel.BaseLevel:PersistentLevel.BaseLevel' with GeneratedClass '/Game/UnknownLegacy/Levels/BaseLevel/BaseLevel.BaseLevel_C' with ClassGeneratedBy '/Game/UnknownLegacy/Levels/BaseLevel/BaseLevel.BaseLevel:PersistentLevel.BaseLevel'
[2018.05.02-19.59.21:626][889]LogEditorViewport: Clicking on Actor (LMB): StaticMeshActor (test_sol+textures_map_v0_01)
[2018.05.02-19.59.40:288][833]LogTemp: Repeating last play command: Selected Viewport
[2018.05.02-19.59.40:309][833]LogBlueprintUserMessages: Early PlayInEditor Detection: Level '/Game/UnknownLegacy/Levels/BaseLevel/BaseLevel.BaseLevel:PersistentLevel' has LevelScriptBlueprint '/Game/UnknownLegacy/Levels/BaseLevel/BaseLevel.BaseLevel:PersistentLevel.BaseLevel' with GeneratedClass '/Game/UnknownLegacy/Levels/BaseLevel/BaseLevel.BaseLevel_C' with ClassGeneratedBy '/Game/UnknownLegacy/Levels/BaseLevel/BaseLevel.BaseLevel:PersistentLevel.BaseLevel'
[2018.05.02-19.59.40:309][833]LogPlayLevel: PlayLevel: No blueprints needed recompiling
[2018.05.02-19.59.40:309][833]PIE: New page: PIE session: BaseLevel (May 2, 2018, 11:59:40 PM)
[2018.05.02-19.59.40:309][833]LogPlayLevel: Creating play world package: /Game/UnknownLegacy/Levels/BaseLevel/UEDPIE_0_BaseLevel
[2018.05.02-19.59.40:311][833]LogPlayLevel: PIE: StaticDuplicateObject took: (0.002014s)
[2018.05.02-19.59.40:312][833]LogAIModule: Creating AISystem for world BaseLevel
[2018.05.02-19.59.40:312][833]LogPlayLevel: PIE: World Init took: (0.000471s)
[2018.05.02-19.59.40:312][833]LogPlayLevel: PIE: Created PIE world by copying editor world from /Game/UnknownLegacy/Levels/BaseLevel/BaseLevel.BaseLevel to /Game/UnknownLegacy/Levels/BaseLevel/UEDPIE_0_BaseLevel.BaseLevel (0.002709s)
[2018.05.02-19.59.40:324][833]LogInit: XAudio2 using 'Casque (SteelSeries Arctis 5 Game)' : 2 channels at 48 kHz using 16 bits per sample (channel mask 0x3)
[2018.05.02-19.59.40:334][833]LogInit: FAudioDevice initialized.
[2018.05.02-19.59.40:363][833]LogLoad: Game class is 'FirstPersonGameMode_C'
[2018.05.02-19.59.40:364][833]LogWorld: Bringing World /Game/UnknownLegacy/Levels/BaseLevel/UEDPIE_0_BaseLevel.BaseLevel up for play (max tick rate 0) at 2018.05.02-21.59.40
[2018.05.02-19.59.40:364][833]LogWorld: Bringing up level for play took: 0.000771
[2018.05.02-19.59.40:366][833]PIE: Play in editor start time for /Game/UnknownLegacy/Levels/BaseLevel/UEDPIE_0_BaseLevel 0.183
[2018.05.02-19.59.40:366][833]LogBlueprintUserMessages: Late PlayInEditor Detection: Level '/Game/UnknownLegacy/Levels/BaseLevel/BaseLevel.BaseLevel:PersistentLevel' has LevelScriptBlueprint '/Game/UnknownLegacy/Levels/BaseLevel/BaseLevel.BaseLevel:PersistentLevel.BaseLevel' with GeneratedClass '/Game/UnknownLegacy/Levels/BaseLevel/BaseLevel.BaseLevel_C' with ClassGeneratedBy '/Game/UnknownLegacy/Levels/BaseLevel/BaseLevel.BaseLevel:PersistentLevel.BaseLevel'
[2018.05.02-20.00.50:915][248]LogBlueprintUserMessages: Early EndPlayMap Detection: Level '/Game/UnknownLegacy/Levels/BaseLevel/BaseLevel.BaseLevel:PersistentLevel' has LevelScriptBlueprint '/Game/UnknownLegacy/Levels/BaseLevel/BaseLevel.BaseLevel:PersistentLevel.BaseLevel' with GeneratedClass '/Game/UnknownLegacy/Levels/BaseLevel/BaseLevel.BaseLevel_C' with ClassGeneratedBy '/Game/UnknownLegacy/Levels/BaseLevel/BaseLevel.BaseLevel:PersistentLevel.BaseLevel'
[2018.05.02-20.00.50:947][248]LogBlueprintUserMessages: Late EndPlayMap Detection: Level '/Game/UnknownLegacy/Levels/BaseLevel/BaseLevel.BaseLevel:PersistentLevel' has LevelScriptBlueprint '/Game/UnknownLegacy/Levels/BaseLevel/BaseLevel.BaseLevel:PersistentLevel.BaseLevel' with GeneratedClass '/Game/UnknownLegacy/Levels/BaseLevel/BaseLevel.BaseLevel_C' with ClassGeneratedBy '/Game/UnknownLegacy/Levels/BaseLevel/BaseLevel.BaseLevel:PersistentLevel.BaseLevel'
[2018.05.02-20.00.57:909][973]LogLinker: Warning: Asset '../../../Engine/Plugins/Marketplace/LowEntryExtStdLib/Content/Blueprints/LowEntryExtendedStandardLibraryMacros.uasset' has been saved with empty engine version. The asset will be loaded but may be incompatible.
[2018.05.02-20.00.57:977][973]LogSlate: Took 0.000272 seconds to synchronously load lazily loaded font '../../../Engine/Content/Slate/Fonts/Roboto-Regular.ttf' (155K)
[2018.05.02-20.00.58:182][973]LogContentBrowser: Native class hierarchy updated for 'BlueprintGraph' in 0.0006 seconds. Added 116 classes and 0 folders.
[2018.05.02-20.01.00:072][973]LogSlate: Took 0.017639 seconds to synchronously load lazily loaded font '../../../Engine/Content/Editor/Slate/Fonts/Roboto-BoldCondensed.ttf' (158K)
[2018.05.02-20.01.00:566][974]LogSlate: Took 0.019911 seconds to synchronously load lazily loaded font '../../../Engine/Content/Editor/Slate/Fonts/Roboto-Italic.ttf' (157K)
[2018.05.02-20.01.02:304][ 88]LogRenderer: Reallocating scene render targets to support 1208x712 Format 10 NumSamples 1 (Frame:1).
[2018.05.02-20.02.16:309][721]LogSavePackage: Save=190.95ms
[2018.05.02-20.02.16:309][721]LogSavePackage: Moving '../../../../../../Program Files (x86)/UnknownLegacy/UnknownLegacy_Ok/Saved/BaseLevel9262C9BC4800061D9CE2F8A94DD47782.tmp' to '../../../../../../Program Files (x86)/UnknownLegacy/UnknownLegacy_Ok/Content/UnknownLegacy/Levels/BaseLevel/BaseLevel.umap'
[2018.05.02-20.02.16:314][721]LogSavePackage: Display: Finished SavePackage ../../../../../../Program Files (x86)/UnknownLegacy/UnknownLegacy_Ok/Content/UnknownLegacy/Levels/BaseLevel/BaseLevel.umap
[2018.05.02-20.02.16:375][721]LogSavePackage: Save=18.73ms
[2018.05.02-20.02.16:375][721]LogSavePackage: Moving '../../../../../../Program Files (x86)/UnknownLegacy/UnknownLegacy_Ok/Saved/BaseLevel_BuiltData09CB666C49DF1057F549DF985AFD2983.tmp' to '../../../../../../Program Files (x86)/UnknownLegacy/UnknownLegacy_Ok/Content/UnknownLegacy/Levels/BaseLevel/BaseLevel_BuiltData.uasset'
[2018.05.02-20.02.16:376][721]LogSavePackage: Display: Finished SavePackage ../../../../../../Program Files (x86)/UnknownLegacy/UnknownLegacy_Ok/Content/UnknownLegacy/Levels/BaseLevel/BaseLevel_BuiltData.uasset
[2018.05.02-20.02.17:304][814]LogSavePackage: Save=112.56ms
[2018.05.02-20.02.17:304][814]LogSavePackage: Moving '../../../../../../Program Files (x86)/UnknownLegacy/UnknownLegacy_Ok/Saved/BaseLevel45A144C844A0F1EC9540FB960B1B781B.tmp' to '../../../../../../Program Files (x86)/UnknownLegacy/UnknownLegacy_Ok/Content/UnknownLegacy/Levels/BaseLevel/BaseLevel.umap'
[2018.05.02-20.02.17:307][814]LogSavePackage: Display: Finished SavePackage ../../../../../../Program Files (x86)/UnknownLegacy/UnknownLegacy_Ok/Content/UnknownLegacy/Levels/BaseLevel/BaseLevel.umap
[2018.05.02-20.02.17:358][814]LogSavePackage: Save=15.37ms
[2018.05.02-20.02.17:358][814]LogSavePackage: Moving '../../../../../../Program Files (x86)/UnknownLegacy/UnknownLegacy_Ok/Saved/BaseLevel_BuiltDataA46E1288476043E14C68B0BF0154033C.tmp' to '../../../../../../Program Files (x86)/UnknownLegacy/UnknownLegacy_Ok/Content/UnknownLegacy/Levels/BaseLevel/BaseLevel_BuiltData.uasset'
[2018.05.02-20.02.17:359][814]LogSavePackage: Display: Finished SavePackage ../../../../../../Program Files (x86)/UnknownLegacy/UnknownLegacy_Ok/Content/UnknownLegacy/Levels/BaseLevel/BaseLevel_BuiltData.uasset
[2018.05.02-20.02.17:854][855]LogSavePackage: Save=115.10ms
[2018.05.02-20.02.17:854][855]LogSavePackage: Moving '../../../../../../Program Files (x86)/UnknownLegacy/UnknownLegacy_Ok/Saved/BaseLevelA98D90B7402B87495D73CF831875AF5C.tmp' to '../../../../../../Program Files (x86)/UnknownLegacy/UnknownLegacy_Ok/Content/UnknownLegacy/Levels/BaseLevel/BaseLevel.umap'
[2018.05.02-20.02.17:859][855]LogSavePackage: Display: Finished SavePackage ../../../../../../Program Files (x86)/UnknownLegacy/UnknownLegacy_Ok/Content/UnknownLegacy/Levels/BaseLevel/BaseLevel.umap
[2018.05.02-20.02.17:911][855]LogSavePackage: Save=14.53ms
[2018.05.02-20.02.17:911][855]LogSavePackage: Moving '../../../../../../Program Files (x86)/UnknownLegacy/UnknownLegacy_Ok/Saved/BaseLevel_BuiltData98C37863426D295AAB00C9ACD0C35CF5.tmp' to '../../../../../../Program Files (x86)/UnknownLegacy/UnknownLegacy_Ok/Content/UnknownLegacy/Levels/BaseLevel/BaseLevel_BuiltData.uasset'
[2018.05.02-20.02.17:912][855]LogSavePackage: Display: Finished SavePackage ../../../../../../Program Files (x86)/UnknownLegacy/UnknownLegacy_Ok/Content/UnknownLegacy/Levels/BaseLevel/BaseLevel_BuiltData.uasset
[2018.05.02-20.02.18:170][865]LogSavePackage: Save=134.60ms
[2018.05.02-20.02.18:170][865]LogSavePackage: Moving '../../../../../../Program Files (x86)/UnknownLegacy/UnknownLegacy_Ok/Saved/BaseLevel10C585294D35A8FE74C629BD49B0E6AE.tmp' to '../../../../../../Program Files (x86)/UnknownLegacy/UnknownLegacy_Ok/Content/UnknownLegacy/Levels/BaseLevel/BaseLevel.umap'
[2018.05.02-20.02.18:174][865]LogSavePackage: Display: Finished SavePackage ../../../../../../Program Files (x86)/UnknownLegacy/UnknownLegacy_Ok/Content/UnknownLegacy/Levels/BaseLevel/BaseLevel.umap
[2018.05.02-20.02.18:229][865]LogSavePackage: Save=15.78ms
[2018.05.02-20.02.18:229][865]LogSavePackage: Moving '../../../../../../Program Files (x86)/UnknownLegacy/UnknownLegacy_Ok/Saved/BaseLevel_BuiltDataE3C7B0FE47662C515C3E8CB9AA24C747.tmp' to '../../../../../../Program Files (x86)/UnknownLegacy/UnknownLegacy_Ok/Content/UnknownLegacy/Levels/BaseLevel/BaseLevel_BuiltData.uasset'
[2018.05.02-20.02.18:231][865]LogSavePackage: Display: Finished SavePackage ../../../../../../Program Files (x86)/UnknownLegacy/UnknownLegacy_Ok/Content/UnknownLegacy/Levels/BaseLevel/BaseLevel_BuiltData.uasset
[2018.05.02-20.02.20:358][954]LogSavePackage: Save=112.00ms
[2018.05.02-20.02.20:358][954]LogSavePackage: Moving '../../../../../../Program Files (x86)/UnknownLegacy/UnknownLegacy_Ok/Saved/BaseLevel45F0472B47DE73D419F45C9B15411319.tmp' to '../../../../../../Program Files (x86)/UnknownLegacy/UnknownLegacy_Ok/Content/UnknownLegacy/Levels/BaseLevel/BaseLevel.umap'
[2018.05.02-20.02.20:361][954]LogSavePackage: Display: Finished SavePackage ../../../../../../Program Files (x86)/UnknownLegacy/UnknownLegacy_Ok/Content/UnknownLegacy/Levels/BaseLevel/BaseLevel.umap
[2018.05.02-20.02.20:412][954]LogSavePackage: Save=15.24ms
[2018.05.02-20.02.20:412][954]LogSavePackage: Moving '../../../../../../Program Files (x86)/UnknownLegacy/UnknownLegacy_Ok/Saved/BaseLevel_BuiltData7DDA88694B4A54939B0107BB5734D9FD.tmp' to '../../../../../../Program Files (x86)/UnknownLegacy/UnknownLegacy_Ok/Content/UnknownLegacy/Levels/BaseLevel/BaseLevel_BuiltData.uasset'
[2018.05.02-20.02.20:414][954]LogSavePackage: Display: Finished SavePackage ../../../../../../Program Files (x86)/UnknownLegacy/UnknownLegacy_Ok/Content/UnknownLegacy/Levels/BaseLevel/BaseLevel_BuiltData.uasset
[2018.05.02-20.02.21:853][ 94]Cmd: QUIT_EDITOR
[2018.05.02-20.02.21:960][ 94]LogWindowsTextInputMethodSystem: Display: IME system now deactivated.
[2018.05.02-20.02.21:969][ 94]LogExit: Preparing to exit.
[2018.05.02-20.02.22:908][ 94]LogActorComponent: UnregisterComponent: (None.None) Not registered. Aborting.
[2018.05.02-20.02.22:908][ 94]LogActorComponent: UnregisterComponent: (None.None) Not registered. Aborting.
[2018.05.02-20.02.22:908][ 94]LogActorComponent: UnregisterComponent: (None.None) Not registered. Aborting.
[2018.05.02-20.02.22:919][ 94]LogDirectoryWatcher: A directory notification for 'E:/Program Files (x86)/UnknownLegacy/UnknownLegacy_Ok/Content/' was aborted.
[2018.05.02-20.02.22:968][ 94]LogExit: Editor shut down
[2018.05.02-20.02.22:975][ 94]LogExit: Transaction tracking system shut down
[2018.05.02-20.02.23:134][ 94]LogDirectoryWatcher: A directory notification for '../../../Engine/Content/' was aborted.
[2018.05.02-20.02.23:134][ 94]LogDirectoryWatcher: A directory notification for '../../../../../../Program Files (x86)/UnknownLegacy/UnknownLegacy_Ok/Content/' was aborted.
[2018.05.02-20.02.23:135][ 94]LogDirectoryWatcher: A directory notification for '../../../Engine/Plugins/2D/Paper2D/Content/' was aborted.
[2018.05.02-20.02.23:135][ 94]LogDirectoryWatcher: A directory notification for '../../../Engine/Plugins/Marketplace/LowEntryExtStdLib/Content/' was aborted.
[2018.05.02-20.02.23:135][ 94]LogDirectoryWatcher: A directory notification for '../../../Engine/Plugins/Media/MediaCompositing/Content/' was aborted.
[2018.05.02-20.02.23:136][ 94]LogDirectoryWatcher: A directory notification for '../../../Engine/Plugins/Runtime/AppleARKit/Content/' was aborted.
[2018.05.02-20.02.23:136][ 94]LogDirectoryWatcher: A directory notification for '../../../Engine/Plugins/Runtime/Oculus/OculusVR/Content/' was aborted.
[2018.05.02-20.02.23:136][ 94]LogDirectoryWatcher: A directory notification for '../../../Engine/Plugins/Runtime/Steam/SteamVR/Content/' was aborted.
[2018.05.02-20.02.23:243][ 94]LogExit: Object subsystem successfully closed.
[2018.05.02-20.02.23:265][ 94]LogD3D11RHI: Shutdown
[2018.05.02-20.02.23:265][ 94]LogD3D11RHI: CleanupD3DDevice
[2018.05.02-20.02.23:266][ 94]LogD3D11RHI: ~FD3D11DynamicRHI
[2018.05.02-20.02.23:273][ 94]LogModuleManager: Shutting down and abandoning module BlueprintGraph (556)
[2018.05.02-20.02.23:273][ 94]LogModuleManager: Shutting down and abandoning module MovieSceneCapture (554)
[2018.05.02-20.02.23:273][ 94]LogModuleManager: Shutting down and abandoning module StatsViewer (552)
[2018.05.02-20.02.23:273][ 94]LogModuleManager: Shutting down and abandoning module HierarchicalLODOutliner (550)
[2018.05.02-20.02.23:273][ 94]LogModuleManager: Shutting down and abandoning module SceneOutliner (548)
[2018.05.02-20.02.23:273][ 94]LogModuleManager: Shutting down and abandoning module AddContentDialog (546)
[2018.05.02-20.02.23:273][ 94]LogDirectoryWatcher: A directory notification for 'E:/Program Files/Epic Games/UE_4.18/FeaturePacks/' was aborted.
[2018.05.02-20.02.23:273][ 94]LogModuleManager: Shutting down and abandoning module WidgetCarousel (545)
[2018.05.02-20.02.23:274][ 94]LogModuleManager: Shutting down and abandoning module EditorWidgets (542)
[2018.05.02-20.02.23:274][ 94]LogModuleManager: Shutting down and abandoning module CollectionManager (540)
[2018.05.02-20.02.23:274][ 94]LogDirectoryWatcher: A directory notification for 'E:/Program Files (x86)/UnknownLegacy/UnknownLegacy_Ok/Content/Collections/' was aborted.
[2018.05.02-20.02.23:274][ 94]LogDirectoryWatcher: A directory notification for 'E:/Program Files (x86)/UnknownLegacy/UnknownLegacy_Ok/Content/Developers/Maxence/Collections/' was aborted.
[2018.05.02-20.02.23:274][ 94]LogDirectoryWatcher: A directory notification for 'E:/Program Files (x86)/UnknownLegacy/UnknownLegacy_Ok/Saved/Collections/' was aborted.
[2018.05.02-20.02.23:274][ 94]LogModuleManager: Shutting down and abandoning module FoliageEdit (538)
[2018.05.02-20.02.23:274][ 94]LogModuleManager: Shutting down and abandoning module LandscapeEditor (536)
[2018.05.02-20.02.23:274][ 94]LogModuleManager: Shutting down and abandoning module MeshPaintMode (534)
[2018.05.02-20.02.23:274][ 94]LogModuleManager: Shutting down and abandoning module SceneDepthPickerMode (532)
[2018.05.02-20.02.23:274][ 94]LogModuleManager: Shutting down and abandoning module ActorPickerMode (530)
[2018.05.02-20.02.23:274][ 94]LogModuleManager: Shutting down and abandoning module GeometryMode (528)
[2018.05.02-20.02.23:274][ 94]LogModuleManager: Shutting down and abandoning module TextureAlignMode (526)
[2018.05.02-20.02.23:274][ 94]LogModuleManager: Shutting down and abandoning module BspMode (524)
[2018.05.02-20.02.23:274][ 94]LogModuleManager: Shutting down and abandoning module PIEPreviewDeviceProfileSelector (522)
[2018.05.02-20.02.23:274][ 94]LogModuleManager: Shutting down and abandoning module HardwareSurvey (520)
[2018.05.02-20.02.23:274][ 94]LogModuleManager: Shutting down and abandoning module SequenceRecorderSections (518)
[2018.05.02-20.02.23:274][ 94]LogModuleManager: Shutting down and abandoning module AutomationWorker (516)
[2018.05.02-20.02.23:274][ 94]LogModuleManager: Shutting down and abandoning module MatineeToLevelSequence (514)
[2018.05.02-20.02.23:274][ 94]LogModuleManager: Shutting down and abandoning module LevelSequenceEditor (512)
[2018.05.02-20.02.23:274][ 94]LogModuleManager: Shutting down and abandoning module PlacementMode (511)
[2018.05.02-20.02.23:274][ 94]LogModuleManager: Shutting down and abandoning module WmfMediaFactory (508)
[2018.05.02-20.02.23:274][ 94]LogModuleManager: Shutting down and abandoning module WmfMediaEditor (506)
[2018.05.02-20.02.23:274][ 94]LogModuleManager: Shutting down and abandoning module OpenExrWrapper (504)
[2018.05.02-20.02.23:274][ 94]LogModuleManager: Shutting down and abandoning module ImgMediaFactory (502)
[2018.05.02-20.02.23:274][ 94]LogModuleManager: Shutting down and abandoning module ImgMediaEditor (500)
[2018.05.02-20.02.23:274][ 94]LogModuleManager: Shutting down and abandoning module AvfMediaFactory (498)
[2018.05.02-20.02.23:274][ 94]LogModuleManager: Shutting down and abandoning module AvfMediaEditor (496)
[2018.05.02-20.02.23:274][ 94]LogModuleManager: Shutting down and abandoning module AndroidMediaFactory (494)
[2018.05.02-20.02.23:274][ 94]LogModuleManager: Shutting down and abandoning module AndroidMediaEditor (492)
[2018.05.02-20.02.23:274][ 94]LogModuleManager: Shutting down and abandoning module CharacterAI (490)
[2018.05.02-20.02.23:274][ 94]LogModuleManager: Shutting down and abandoning module AudioCapture (488)
[2018.05.02-20.02.23:274][ 94]LogModuleManager: Shutting down and abandoning module SequenceRecorder (487)
[2018.05.02-20.02.23:274][ 94]LogModuleManager: Shutting down and abandoning module SmartSnapping (484)
[2018.05.02-20.02.23:274][ 94]LogModuleManager: Shutting down and abandoning module SessionServices (482)
[2018.05.02-20.02.23:274][ 94]LogModuleManager: Shutting down and abandoning module ViewportSnapping (480)
[2018.05.02-20.02.23:274][ 94]LogModuleManager: Shutting down and abandoning module ViewportInteraction (478)
[2018.05.02-20.02.23:274][ 94]LogModuleManager: Shutting down and abandoning module ClothPainter (476)
[2018.05.02-20.02.23:274][ 94]LogModuleManager: Shutting down and abandoning module SkeletalMeshEditor (475)
[2018.05.02-20.02.23:274][ 94]LogModuleManager: Shutting down and abandoning module LogVisualizer (472)
[2018.05.02-20.02.23:274][ 94]LogModuleManager: Shutting down and abandoning module IntroTutorials (470)
[2018.05.02-20.02.23:274][ 94]LogModuleManager: Shutting down and abandoning module GameProjectGeneration (469)
[2018.05.02-20.02.23:274][ 94]LogModuleManager: Shutting down and abandoning module IOSPlatformEditor (466)
[2018.05.02-20.02.23:274][ 94]LogModuleManager: Shutting down and abandoning module HTML5PlatformEditor (464)
[2018.05.02-20.02.23:275][ 94]LogModuleManager: Shutting down and abandoning module AndroidPlatformEditor (462)
[2018.05.02-20.02.23:275][ 94]LogModuleManager: Shutting down and abandoning module AndroidDeviceDetection (461)
[2018.05.02-20.02.24:084][ 94]LogModuleManager: Shutting down and abandoning module WindowsPlatformEditor (458)
[2018.05.02-20.02.24:084][ 94]LogModuleManager: Shutting down and abandoning module IOSRuntimeSettings (456)
[2018.05.02-20.02.24:084][ 94]LogModuleManager: Shutting down and abandoning module AndroidRuntimeSettings (454)
[2018.05.02-20.02.24:084][ 94]LogModuleManager: Shutting down and abandoning module InputBindingEditor (452)
[2018.05.02-20.02.24:085][ 94]LogModuleManager: Shutting down and abandoning module MergeActors (450)
[2018.05.02-20.02.24:085][ 94]LogModuleManager: Shutting down and abandoning module SizeMap (448)
[2018.05.02-20.02.24:085][ 94]LogModuleManager: Shutting down and abandoning module TreeMap (446)
[2018.05.02-20.02.24:085][ 94]LogModuleManager: Shutting down and abandoning module ReferenceViewer (444)
[2018.05.02-20.02.24:085][ 94]LogModuleManager: Shutting down and abandoning module LocalizationDashboard (442)
[2018.05.02-20.02.24:085][ 94]LogModuleManager: Shutting down and abandoning module LocalizationService (441)
[2018.05.02-20.02.24:085][ 94]LogModuleManager: Shutting down and abandoning module HardwareTargeting (438)
[2018.05.02-20.02.24:085][ 94]LogModuleManager: Shutting down and abandoning module DeviceProfileEditor (436)
[2018.05.02-20.02.24:085][ 94]LogModuleManager: Shutting down and abandoning module UndoHistory (434)
[2018.05.02-20.02.24:085][ 94]LogModuleManager: Shutting down and abandoning module XmlParser (432)
[2018.05.02-20.02.24:085][ 94]LogModuleManager: Shutting down and abandoning module Blutility (430)
[2018.05.02-20.02.24:086][ 94]LogModuleManager: Shutting down and abandoning module ProjectSettingsViewer (428)
[2018.05.02-20.02.24:086][ 94]LogModuleManager: Shutting down and abandoning module ProjectTargetPlatformEditor (427)
[2018.05.02-20.02.24:086][ 94]LogModuleManager: Shutting down and abandoning module EditorSettingsViewer (424)
[2018.05.02-20.02.24:086][ 94]LogModuleManager: Shutting down and abandoning module SettingsEditor (422)
[2018.05.02-20.02.24:086][ 94]LogModuleManager: Shutting down and abandoning module ProjectLauncher (420)
[2018.05.02-20.02.24:086][ 94]LogModuleManager: Shutting down and abandoning module SessionFrontend (418)
[2018.05.02-20.02.24:087][ 94]LogModuleManager: Shutting down and abandoning module ProfilerClient (416)
[2018.05.02-20.02.24:087][ 94]LogModuleManager: Shutting down and abandoning module DeviceManager (414)
[2018.05.02-20.02.24:087][ 94]LogModuleManager: Shutting down and abandoning module TargetDeviceServices (413)
[2018.05.02-20.02.24:150][ 94]LogModuleManager: Shutting down and abandoning module AutomationController (410)
[2018.05.02-20.02.24:150][ 94]LogModuleManager: Shutting down and abandoning module AutomationWindow (408)
[2018.05.02-20.02.24:150][ 94]LogModuleManager: Shutting down and abandoning module Layers (406)
[2018.05.02-20.02.24:150][ 94]LogModuleManager: Shutting down and abandoning module ComponentVisualizers (404)
[2018.05.02-20.02.24:150][ 94]LogModuleManager: Shutting down and abandoning module DetailCustomizations (402)
[2018.05.02-20.02.24:150][ 94]LogModuleManager: Shutting down and abandoning module PackagesDialog (400)
[2018.05.02-20.02.24:150][ 94]LogModuleManager: Shutting down and abandoning module Persona (398)
[2018.05.02-20.02.24:151][ 94]LogModuleManager: Shutting down and abandoning module AdvancedPreviewScene (397)
[2018.05.02-20.02.24:151][ 94]LogModuleManager: Shutting down and abandoning module AnimGraph (395)
[2018.05.02-20.02.24:151][ 94]LogModuleManager: Shutting down and abandoning module Kismet (392)
[2018.05.02-20.02.24:164][ 94]LogModuleManager: Shutting down and abandoning module ClassViewer (390)
[2018.05.02-20.02.24:164][ 94]LogModuleManager: Shutting down and abandoning module Toolbox (388)
[2018.05.02-20.02.24:164][ 94]LogModuleManager: Shutting down and abandoning module ModuleUI (386)
[2018.05.02-20.02.24:164][ 94]LogModuleManager: Shutting down and abandoning module MovieSceneTools (384)
[2018.05.02-20.02.24:164][ 94]LogModuleManager: Shutting down and abandoning module OutputLog (382)
[2018.05.02-20.02.24:164][ 94]LogModuleManager: Shutting down and abandoning module GammaUI (380)
[2018.05.02-20.02.24:164][ 94]LogModuleManager: Shutting down and abandoning module Documentation (378)
[2018.05.02-20.02.24:165][ 94]LogModuleManager: Shutting down and abandoning module MovieSceneTracks (376)
[2018.05.02-20.02.24:165][ 94]LogModuleManager: Shutting down and abandoning module MovieScene (374)
[2018.05.02-20.02.24:165][ 94]LogModuleManager: Shutting down and abandoning module StreamingPauseRendering (372)
[2018.05.02-20.02.24:165][ 94]LogModuleManager: Shutting down and abandoning module LauncherPlatform (370)
[2018.05.02-20.02.24:165][ 94]LogModuleManager: Shutting down and abandoning module AnalyticsET (368)
[2018.05.02-20.02.24:165][ 94]LogModuleManager: Shutting down and abandoning module PortalServices (366)
[2018.05.02-20.02.24:165][ 94]LogModuleManager: Shutting down and abandoning module PortalRpc (364)
[2018.05.02-20.02.24:165][ 94]LogModuleManager: Shutting down and abandoning module MessagingRpc (362)
[2018.05.02-20.02.24:165][ 94]LogModuleManager: Shutting down and abandoning module AIModule (360)
[2018.05.02-20.02.24:165][ 94]LogModuleManager: Shutting down and abandoning module GameplayDebugger (359)
[2018.05.02-20.02.24:165][ 94]LogModuleManager: Shutting down and abandoning module AITestSuite (357)
[2018.05.02-20.02.24:165][ 94]LogModuleManager: Shutting down and abandoning module DesktopPlatform (354)
[2018.05.02-20.02.24:165][ 94]LogModuleManager: Shutting down and abandoning module ProfilerService (352)
[2018.05.02-20.02.24:333][ 94]LogModuleManager: Shutting down and abandoning module TaskGraph (350)
[2018.05.02-20.02.24:333][ 94]LogModuleManager: Shutting down and abandoning module SteamVRController (348)
[2018.05.02-20.02.24:333][ 94]LogModuleManager: Shutting down and abandoning module ProceduralMeshComponentEditor (346)
[2018.05.02-20.02.24:333][ 94]LogModuleManager: Shutting down and abandoning module ProceduralMeshComponent (344)
[2018.05.02-20.02.24:333][ 94]LogModuleManager: Shutting down and abandoning module OculusInput (342)
[2018.05.02-20.02.24:333][ 94]LogModuleManager: Shutting down and abandoning module MobilePatchingUtils (340)
[2018.05.02-20.02.24:333][ 94]LogModuleManager: Shutting down and abandoning module CustomMeshComponent (338)
[2018.05.02-20.02.24:333][ 94]LogModuleManager: Shutting down and abandoning module CableComponent (336)
[2018.05.02-20.02.24:334][ 94]LogModuleManager: Shutting down and abandoning module ArchVisCharacter (334)
[2018.05.02-20.02.24:334][ 94]LogModuleManager: Shutting down and abandoning module AndroidPermission (332)
[2018.05.02-20.02.24:334][ 94]LogModuleManager: Shutting down and abandoning module ActorSequence (328)
[2018.05.02-20.02.24:334][ 94]LogModuleManager: Shutting down and abandoning module MediaPlayerEditor (326)
[2018.05.02-20.02.24:334][ 94]LogModuleManager: Shutting down and abandoning module MediaCompositingEditor (324)
[2018.05.02-20.02.24:334][ 94]LogModuleManager: Shutting down and abandoning module MediaCompositing (322)
[2018.05.02-20.02.24:334][ 94]LogModuleManager: Shutting down and abandoning module LowEntryExtendedStandardLibraryEditor (320)
[2018.05.02-20.02.24:334][ 94]LogModuleManager: Shutting down and abandoning module HTML5Networking (318)
[2018.05.02-20.02.24:334][ 94]LogModuleManager: Shutting down and abandoning module AlembicImporter (316)
[2018.05.02-20.02.24:335][ 94]LogModuleManager: Shutting down and abandoning module AlembicLibrary (315)
[2018.05.02-20.02.24:335][ 94]LogModuleManager: Shutting down and abandoning module GeometryCache (314)
[2018.05.02-20.02.24:335][ 94]LogModuleManager: Shutting down and abandoning module GeometryCacheEd (313)
[2018.05.02-20.02.24:335][ 94]LogModuleManager: Shutting down and abandoning module SpeedTreeImporter (308)
[2018.05.02-20.02.24:335][ 94]LogModuleManager: Shutting down and abandoning module PluginBrowser (306)
[2018.05.02-20.02.24:335][ 94]LogModuleManager: Shutting down and abandoning module MobileLauncherProfileWizard (304)
[2018.05.02-20.02.24:335][ 94]LogModuleManager: Shutting down and abandoning module VisualStudioSourceCodeAccess (302)
[2018.05.02-20.02.24:335][ 94]LogModuleManager: Shutting down and abandoning module VisualStudioCodeSourceCodeAccess (300)
[2018.05.02-20.02.24:335][ 94]LogModuleManager: Shutting down and abandoning module UObjectPlugin (298)
[2018.05.02-20.02.24:335][ 94]LogModuleManager: Shutting down and abandoning module SubversionSourceControl (296)
[2018.05.02-20.02.24:335][ 94]LogModuleManager: Shutting down and abandoning module PerforceSourceControl (294)
[2018.05.02-20.02.24:335][ 94]LogModuleManager: Shutting down and abandoning module GitSourceControl (292)
[2018.05.02-20.02.24:335][ 94]LogModuleManager: Shutting down and abandoning module SourceControl (291)
[2018.05.02-20.02.24:335][ 94]LogModuleManager: Shutting down and abandoning module LightPropagationVolumeEditor (288)
[2018.05.02-20.02.24:335][ 94]LogModuleManager: Shutting down and abandoning module PaperTiledImporter (286)
[2018.05.02-20.02.24:335][ 94]LogModuleManager: Shutting down and abandoning module PaperSpriteSheetImporter (284)
[2018.05.02-20.02.24:335][ 94]LogModuleManager: Shutting down and abandoning module Paper2DEditor (282)
[2018.05.02-20.02.24:336][ 94]LogModuleManager: Shutting down and abandoning module MeshPaint (281)
[2018.05.02-20.02.24:336][ 94]LogModuleManager: Shutting down and abandoning module LevelEditor (279)
[2018.05.02-20.02.24:337][ 94]LogModuleManager: Shutting down and abandoning module PixelInspectorModule (278)
[2018.05.02-20.02.24:337][ 94]LogModuleManager: Shutting down and abandoning module MainFrame (276)
[2018.05.02-20.02.24:338][ 94]LogModuleManager: Shutting down and abandoning module HotReload (275)
[2018.05.02-20.02.24:338][ 94]LogModuleManager: Shutting down and abandoning module RuntimePhysXCooking (270)
[2018.05.02-20.02.24:338][ 94]LogModuleManager: Shutting down and abandoning module PhysXVehiclesEditor (268)
[2018.05.02-20.02.24:338][ 94]LogModuleManager: Shutting down and abandoning module PhysXVehicles (266)
[2018.05.02-20.02.24:338][ 94]LogModuleManager: Shutting down and abandoning module OculusEditor (264)
[2018.05.02-20.02.24:338][ 94]LogModuleManager: Shutting down and abandoning module LocationServicesBPLibrary (262)
[2018.05.02-20.02.24:338][ 94]LogModuleManager: Shutting down and abandoning module ImmediatePhysicsEditor (260)
[2018.05.02-20.02.24:339][ 94]LogModuleManager: Shutting down and abandoning module ImmediatePhysics (258)
[2018.05.02-20.02.24:339][ 94]LogModuleManager: Shutting down and abandoning module UdpMessaging (256)
[2018.05.02-20.02.24:439][ 94]LogModuleManager: Shutting down and abandoning module TcpMessaging (254)
[2018.05.02-20.02.24:539][ 94]LogModuleManager: Shutting down and abandoning module LowEntryExtendedStandardLibrary (252)
[2018.05.02-20.02.24:539][ 94]LogModuleManager: Shutting down and abandoning module GameplayTagsEditor (250)
[2018.05.02-20.02.24:539][ 94]LogModuleManager: Shutting down and abandoning module FacialAnimationEditor (248)
[2018.05.02-20.02.24:539][ 94]LogModuleManager: Shutting down and abandoning module FacialAnimation (246)
[2018.05.02-20.02.24:539][ 94]LogModuleManager: Shutting down and abandoning module AssetManagerEditor (244)
[2018.05.02-20.02.24:540][ 94]LogModuleManager: Shutting down and abandoning module GraphEditor (243)
[2018.05.02-20.02.24:540][ 94]LogModuleManager: Shutting down and abandoning module ContentBrowser (241)
[2018.05.02-20.02.24:542][ 94]LogModuleManager: Shutting down and abandoning module LightPropagationVolumeRuntime (238)
[2018.05.02-20.02.24:542][ 94]LogModuleManager: Shutting down and abandoning module Paper2D (236)
[2018.05.02-20.02.24:542][ 94]LogModuleManager: Shutting down and abandoning module WindowsMoviePlayer (234)
[2018.05.02-20.02.24:542][ 94]LogModuleManager: Shutting down and abandoning module WmfMedia (232)
[2018.05.02-20.02.24:545][ 94]LogModuleManager: Shutting down and abandoning module ImgMedia (230)
[2018.05.02-20.02.24:546][ 94]LogModuleManager: Shutting down and abandoning module PacketHandler (228)
[2018.05.02-20.02.24:546][ 94]LogModuleManager: Shutting down and abandoning module ClothingSystemEditor (226)
[2018.05.02-20.02.24:546][ 94]LogModuleManager: Shutting down and abandoning module ClothingSystemRuntime (224)
[2018.05.02-20.02.24:546][ 94]LogModuleManager: Shutting down and abandoning module MediaAssets (222)
[2018.05.02-20.02.24:546][ 94]LogModuleManager: Shutting down and abandoning module Media (221)
[2018.05.02-20.02.24:552][ 94]LogModuleManager: Shutting down and abandoning module Overlay (218)
[2018.05.02-20.02.24:553][ 94]LogModuleManager: Shutting down and abandoning module OverlayEditor (217)
[2018.05.02-20.02.24:553][ 94]LogModuleManager: Shutting down and abandoning module VREditor (214)
[2018.05.02-20.02.24:553][ 94]LogModuleManager: Shutting down and abandoning module StringTableEditor (212)
[2018.05.02-20.02.24:553][ 94]LogModuleManager: Shutting down and abandoning module GameplayTasksEditor (210)
[2018.05.02-20.02.24:553][ 94]LogModuleManager: Shutting down and abandoning module BehaviorTreeEditor (208)
[2018.05.02-20.02.24:553][ 94]LogModuleManager: Shutting down and abandoning module FunctionalTesting (206)
[2018.05.02-20.02.24:553][ 94]LogModuleManager: Shutting down and abandoning module CollisionAnalyzer (204)
[2018.05.02-20.02.24:553][ 94]LogModuleManager: Shutting down and abandoning module WorkspaceMenuStructure (203)
[2018.05.02-20.02.24:553][ 94]LogModuleManager: Shutting down and abandoning module UMG (200)
[2018.05.02-20.02.24:553][ 94]LogModuleManager: Shutting down and abandoning module UMGEditor (199)
[2018.05.02-20.02.24:553][ 94]LogModuleManager: Shutting down and abandoning module Sequencer (198)
[2018.05.02-20.02.24:553][ 94]LogModuleManager: Shutting down and abandoning module MessageLog (195)
[2018.05.02-20.02.24:553][ 94]LogModuleManager: Shutting down and abandoning module SlateReflector (190)
[2018.05.02-20.02.24:554][ 94]LogModuleManager: Shutting down and abandoning module Slate (188)
[2018.05.02-20.02.24:554][ 94]LogModuleManager: Shutting down and abandoning module EditorStyle (186)
[2018.05.02-20.02.24:558][ 94]LogModuleManager: Shutting down and abandoning module MRMesh (184)
[2018.05.02-20.02.24:558][ 94]LogModuleManager: Shutting down and abandoning module SourceCodeAccess (182)
[2018.05.02-20.02.24:558][ 94]LogModuleManager: Shutting down and abandoning module HeadMountedDisplay (180)
[2018.05.02-20.02.24:558][ 94]LogModuleManager: Shutting down and abandoning module XAudio2 (178)
[2018.05.02-20.02.24:558][ 94]LogModuleManager: Shutting down and abandoning module Networking (176)
[2018.05.02-20.02.24:558][ 94]LogModuleManager: Shutting down and abandoning module Core (172)
[2018.05.02-20.02.24:558][ 94]LogModuleManager: Shutting down and abandoning module LevelSequence (168)
[2018.05.02-20.02.24:559][ 94]LogModuleManager: Shutting down and abandoning module DirectoryWatcher (166)
[2018.05.02-20.02.24:561][ 94]LogModuleManager: Shutting down and abandoning module KismetCompiler (164)
[2018.05.02-20.02.24:561][ 94]LogModuleManager: Shutting down and abandoning module MeshUtilities (162)
[2018.05.02-20.02.24:561][ 94]LogModuleManager: Shutting down and abandoning module MeshMergeUtilities (161)
[2018.05.02-20.02.24:561][ 94]LogModuleManager: Shutting down and abandoning module MeshReductionInterface (160)
[2018.05.02-20.02.24:561][ 94]LogModuleManager: Shutting down and abandoning module SimplygonSwarm (159)
[2018.05.02-20.02.24:561][ 94]LogModuleManager: Shutting down and abandoning module SimplygonMeshReduction (157)
[2018.05.02-20.02.24:561][ 94]LogModuleManager: Shutting down and abandoning module QuadricMeshReduction (155)
[2018.05.02-20.02.24:561][ 94]LogModuleManager: Shutting down and abandoning module MaterialBaking (151)
[2018.05.02-20.02.24:561][ 94]LogModuleManager: Shutting down and abandoning module DerivedDataCache (148)
[2018.05.02-20.02.24:577][ 94]LogDerivedDataCache: Shutdown
[2018.05.02-20.02.24:577][ 94]LogModuleManager: Shutting down and abandoning module TargetPlatform (146)
[2018.05.02-20.02.24:577][ 94]LogModuleManager: Shutting down and abandoning module VulkanShaderFormat (145)
[2018.05.02-20.02.24:577][ 94]LogModuleManager: Shutting down and abandoning module ShaderFormatVectorVM (143)
[2018.05.02-20.02.24:577][ 94]LogModuleManager: Shutting down and abandoning module ShaderFormatOpenGL (141)
[2018.05.02-20.02.24:577][ 94]LogModuleManager: Shutting down and abandoning module ShaderFormatD3D (139)
[2018.05.02-20.02.24:577][ 94]LogModuleManager: Shutting down and abandoning module MetalShaderFormat (137)
[2018.05.02-20.02.24:577][ 94]LogModuleManager: Shutting down and abandoning module TextureFormatUncompressed (135)
[2018.05.02-20.02.24:577][ 94]LogModuleManager: Shutting down and abandoning module TextureFormatPVR (133)
[2018.05.02-20.02.24:577][ 94]LogModuleManager: Shutting down and abandoning module TextureFormatDXT (131)
[2018.05.02-20.02.24:577][ 94]LogModuleManager: Shutting down and abandoning module TextureFormatIntelISPCTexComp (129)
[2018.05.02-20.02.24:577][ 94]LogModuleManager: Shutting down and abandoning module TextureFormatASTC (127)
[2018.05.02-20.02.24:578][ 94]LogModuleManager: Shutting down and abandoning module ImageWrapper (126)
[2018.05.02-20.02.24:578][ 94]LogModuleManager: Shutting down and abandoning module TextureFormatAndroid (123)
[2018.05.02-20.02.24:578][ 94]LogModuleManager: Shutting down and abandoning module AudioFormatOpus (121)
[2018.05.02-20.02.24:578][ 94]LogModuleManager: Shutting down and abandoning module AudioFormatOgg (119)
[2018.05.02-20.02.24:578][ 94]LogModuleManager: Shutting down and abandoning module AudioFormatADPCM (117)
[2018.05.02-20.02.24:578][ 94]LogModuleManager: Shutting down and abandoning module LinuxTargetPlatform (115)
[2018.05.02-20.02.24:578][ 94]LogModuleManager: Shutting down and abandoning module LinuxServerTargetPlatform (113)
[2018.05.02-20.02.24:578][ 94]LogModuleManager: Shutting down and abandoning module LinuxNoEditorTargetPlatform (111)
[2018.05.02-20.02.24:578][ 94]LogModuleManager: Shutting down and abandoning module LinuxClientTargetPlatform (109)
[2018.05.02-20.02.24:578][ 94]LogModuleManager: Shutting down and abandoning module TVOSTargetPlatform (107)
[2018.05.02-20.02.24:578][ 94]LogModuleManager: Shutting down and abandoning module Messaging (105)
[2018.05.02-20.02.24:578][ 94]LogModuleManager: Shutting down and abandoning module IOSTargetPlatform (103)
[2018.05.02-20.02.24:578][ 94]LogModuleManager: Shutting down and abandoning module HTML5TargetPlatform (101)
[2018.05.02-20.02.24:578][ 94]LogModuleManager: Shutting down and abandoning module AndroidTargetPlatform (99)
[2018.05.02-20.02.24:578][ 94]LogModuleManager: Shutting down and abandoning module Android_PVRTCTargetPlatform (97)
[2018.05.02-20.02.24:578][ 94]LogModuleManager: Shutting down and abandoning module Android_MultiTargetPlatform (95)
[2018.05.02-20.02.24:578][ 94]LogModuleManager: Shutting down and abandoning module Android_ETC2TargetPlatform (93)
[2018.05.02-20.02.24:578][ 94]LogModuleManager: Shutting down and abandoning module Android_ETC1TargetPlatform (91)
[2018.05.02-20.02.24:578][ 94]LogModuleManager: Shutting down and abandoning module Android_DXTTargetPlatform (89)
[2018.05.02-20.02.24:578][ 94]LogModuleManager: Shutting down and abandoning module Android_ATCTargetPlatform (87)
[2018.05.02-20.02.24:578][ 94]LogModuleManager: Shutting down and abandoning module Android_ASTCTargetPlatform (85)
[2018.05.02-20.02.24:578][ 94]LogModuleManager: Shutting down and abandoning module WindowsTargetPlatform (83)
[2018.05.02-20.02.24:578][ 94]LogModuleManager: Shutting down and abandoning module WindowsServerTargetPlatform (81)
[2018.05.02-20.02.24:579][ 94]LogModuleManager: Shutting down and abandoning module WindowsNoEditorTargetPlatform (79)
[2018.05.02-20.02.24:579][ 94]LogModuleManager: Shutting down and abandoning module WindowsClientTargetPlatform (77)
[2018.05.02-20.02.24:579][ 94]LogModuleManager: Shutting down and abandoning module MacTargetPlatform (75)
[2018.05.02-20.02.24:579][ 94]LogModuleManager: Shutting down and abandoning module MacServerTargetPlatform (73)
[2018.05.02-20.02.24:579][ 94]LogModuleManager: Shutting down and abandoning module MacNoEditorTargetPlatform (71)
[2018.05.02-20.02.24:579][ 94]LogModuleManager: Shutting down and abandoning module MacClientTargetPlatform (69)
[2018.05.02-20.02.24:579][ 94]LogModuleManager: Shutting down and abandoning module AllDesktopTargetPlatform (67)
[2018.05.02-20.02.24:579][ 94]LogModuleManager: Shutting down and abandoning module InputCore (64)
[2018.05.02-20.02.24:579][ 94]LogModuleManager: Shutting down and abandoning module Settings (62)
[2018.05.02-20.02.24:579][ 94]LogModuleManager: Shutting down and abandoning module PhysXCooking (60)
[2018.05.02-20.02.24:579][ 94]LogModuleManager: Shutting down and abandoning module SteamVR (58)
[2018.05.02-20.02.24:579][ 94]LogModuleManager: Shutting down and abandoning module OculusHMD (56)
[2018.05.02-20.02.24:579][ 94]LogModuleManager: Shutting down and abandoning module ExampleDeviceProfileSelector (54)
[2018.05.02-20.02.24:579][ 94]LogModuleManager: Shutting down and abandoning module AppleARKit (52)
[2018.05.02-20.02.24:579][ 94]LogModuleManager: Shutting down and abandoning module AugmentedReality (51)
[2018.05.02-20.02.24:579][ 94]LogModuleManager: Shutting down and abandoning module OnlineBlueprintSupport (48)
[2018.05.02-20.02.24:579][ 94]LogModuleManager: Shutting down and abandoning module OnlineSubsystem (44)
[2018.05.02-20.02.24:579][ 94]LogModuleManager: Shutting down and abandoning module XMPP (43)
[2018.05.02-20.02.24:579][ 94]LogModuleManager: Shutting down and abandoning module HTTP (41)
[2018.05.02-20.02.24:580][ 94]LogHttp: Display: Http module shutting down, but needs to wait on 1 outstanding Http requests:
[2018.05.02-20.02.24:580][ 94]LogHttp: Display: 	verb=[POST] url=[https://datarouter.ol.epicgames.com/datarouter/api/v1/public/data?SessionID=%7BD6C8BCD6-40B5-3334-E369-82ABBA637A3F%7D&AppID=UEEditor.Rocket.Release&AppVersion=4.18.3-3832480%2B%2B%2BUE4%2BRelease-4.18&UserID=0c57e2034817fd6eeda967b95967a0f1%7C5de6bfa9d92b4392987b376d4cf5ab54%7Ce5e45334-ee06-4574-897a-76401405cbd2&AppEnvironment=datacollector-binary&UploadType=eteventstream] status=Processing
[2018.05.02-20.02.24:604][ 94]LogModuleManager: Shutting down and abandoning module SSL (40)
[2018.05.02-20.02.24:606][ 94]LogModuleManager: Shutting down and abandoning module AnimationModifiers (36)
[2018.05.02-20.02.24:607][ 94]LogModuleManager: Shutting down and abandoning module PropertyEditor (35)
[2018.05.02-20.02.24:607][ 94]LogModuleManager: Shutting down and abandoning module AudioEditor (32)
[2018.05.02-20.02.24:607][ 94]LogModuleManager: Shutting down and abandoning module TextureCompressor (30)
[2018.05.02-20.02.24:607][ 94]LogModuleManager: Shutting down and abandoning module ShaderCore (28)
[2018.05.02-20.02.24:607][ 94]LogModuleManager: Shutting down and abandoning module Landscape (26)
[2018.05.02-20.02.24:607][ 94]LogModuleManager: Shutting down and abandoning module SlateRHIRenderer (24)
[2018.05.02-20.02.24:608][ 94]LogModuleManager: Shutting down and abandoning module OpenGLDrv (22)
[2018.05.02-20.02.24:609][ 94]LogModuleManager: Shutting down and abandoning module D3D11RHI (20)
[2018.05.02-20.02.24:609][ 94]LogModuleManager: Shutting down and abandoning module AnimGraphRuntime (18)
[2018.05.02-20.02.24:609][ 94]LogModuleManager: Shutting down and abandoning module Renderer (16)
[2018.05.02-20.02.24:609][ 94]LogModuleManager: Shutting down and abandoning module Engine (14)
[2018.05.02-20.02.24:609][ 94]LogModuleManager: Shutting down and abandoning module CoreUObject (12)
[2018.05.02-20.02.24:609][ 94]LogModuleManager: Shutting down and abandoning module NetworkFile (10)
[2018.05.02-20.02.24:609][ 94]LogModuleManager: Shutting down and abandoning module CookedIterativeFile (8)
[2018.05.02-20.02.24:609][ 94]LogModuleManager: Shutting down and abandoning module StreamingFile (6)
[2018.05.02-20.02.24:609][ 94]LogModuleManager: Shutting down and abandoning module SandboxFile (4)
[2018.05.02-20.02.24:609][ 94]LogModuleManager: Shutting down and abandoning module PakFile (2)
[2018.05.02-20.02.24:616][ 94]LogExit: Exiting.
[2018.05.02-20.02.24:659][ 94]Log file closed, 05/02/18 22:02:24
