Log file open, 04/19/18 18:50:54
LogWindows: Failed to load 'aqProf.dll' (GetLastError=126)
LogWindows: File 'aqProf.dll' does not exist
LogWindows: Failed to load 'VSPerf140.dll' (GetLastError=126)
LogWindows: File 'VSPerf140.dll' does not exist
LogWindows: Failed to load 'VtuneApi.dll' (GetLastError=126)
LogWindows: File 'VtuneApi.dll' does not exist
LogWindows: Failed to load 'VtuneApi32e.dll' (GetLastError=126)
LogWindows: File 'VtuneApi32e.dll' does not exist
LogInit: Display: Running engine for game: UnknownLegacy_Ok
LogPlatformFile: Not using cached read wrapper
LogInit: Display: RandInit(1049064401) SRandInit(1049064401).
LogInit: Read version file with build ID '3709383'
LogInit: Overriding engine version to CL 3832480, compatible CL 3709383
LogInit: Registered custom module enumerator with build ID '3709383'
LogTaskGraph: Started task graph with 5 named threads and 14 total threads with 3 sets of task threads.
LogStats: Stats thread started at 0.162044
LogD3D11RHI: Aftermath initialized
LogModuleManager: Display: Found up-to-date module file ../../../Engine/Plugins/Marketplace/LowEntryExtStdLib/Binaries/Win64/UE4Editor-LowEntryExtendedStandardLibrary.dll (API version 3709383).
LogModuleManager: Display: Found up-to-date module file ../../../Engine/Plugins/Marketplace/LowEntryExtStdLib/Binaries/Win64/UE4Editor-LowEntryExtendedStandardLibraryEditor.dll (API version 3709383).
LogModuleManager: Display: Found up-to-date module file ../../../Engine/Plugins/2D/Paper2D/Binaries/Win64/UE4Editor-Paper2D.dll (API version 3709383).
LogModuleManager: Display: Found up-to-date module file ../../../Engine/Plugins/2D/Paper2D/Binaries/Win64/UE4Editor-Paper2DEditor.dll (API version 3709383).
LogModuleManager: Display: Found up-to-date module file ../../../Engine/Plugins/2D/Paper2D/Binaries/Win64/UE4Editor-PaperSpriteSheetImporter.dll (API version 3709383).
LogModuleManager: Display: Found up-to-date module file ../../../Engine/Plugins/2D/Paper2D/Binaries/Win64/UE4Editor-PaperTiledImporter.dll (API version 3709383).
LogModuleManager: Display: Found up-to-date module file ../../../Engine/Plugins/2D/Paper2D/Binaries/Win64/UE4Editor-SmartSnapping.dll (API version 3709383).
LogModuleManager: Display: Found up-to-date module file ../../../Engine/Plugins/Blendables/LightPropagationVolume/Binaries/Win64/UE4Editor-LightPropagationVolumeRuntime.dll (API version 3709383).
LogModuleManager: Display: Found up-to-date module file ../../../Engine/Plugins/Blendables/LightPropagationVolume/Binaries/Win64/UE4Editor-LightPropagationVolumeEditor.dll (API version 3709383).
LogModuleManager: Display: Found up-to-date module file ../../../Engine/Plugins/Developer/GitSourceControl/Binaries/Win64/UE4Editor-GitSourceControl.dll (API version 3709383).
LogModuleManager: Display: Found up-to-date module file ../../../Engine/Plugins/Developer/PerforceSourceControl/Binaries/Win64/UE4Editor-PerforceSourceControl.dll (API version 3709383).
LogModuleManager: Display: Found up-to-date module file ../../../Engine/Plugins/Developer/SubversionSourceControl/Binaries/Win64/UE4Editor-SubversionSourceControl.dll (API version 3709383).
LogModuleManager: Display: Found up-to-date module file ../../../Engine/Plugins/Developer/UObjectPlugin/Binaries/Win64/UE4Editor-UObjectPlugin.dll (API version 3709383).
LogModuleManager: Display: Found up-to-date module file ../../../Engine/Plugins/Developer/VisualStudioCodeSourceCodeAccess/Binaries/Win64/UE4Editor-VisualStudioCodeSourceCodeAccess.dll (API version 3709383).
LogModuleManager: Display: Found up-to-date module file ../../../Engine/Plugins/Developer/VisualStudioSourceCodeAccess/Binaries/Win64/UE4Editor-VisualStudioSourceCodeAccess.dll (API version 3709383).
LogModuleManager: Display: Found up-to-date module file ../../../Engine/Plugins/Editor/AssetManagerEditor/Binaries/Win64/UE4Editor-AssetManagerEditor.dll (API version 3709383).
LogModuleManager: Display: Found up-to-date module file ../../../Engine/Plugins/Editor/AudioCapture/Binaries/Win64/UE4Editor-AudioCapture.dll (API version 3709383).
LogModuleManager: Display: Found up-to-date module file ../../../Engine/Plugins/Editor/FacialAnimation/Binaries/Win64/UE4Editor-FacialAnimation.dll (API version 3709383).
LogModuleManager: Display: Found up-to-date module file ../../../Engine/Plugins/Editor/FacialAnimation/Binaries/Win64/UE4Editor-FacialAnimationEditor.dll (API version 3709383).
LogModuleManager: Display: Found up-to-date module file ../../../Engine/Plugins/Editor/GameplayTagsEditor/Binaries/Win64/UE4Editor-GameplayTagsEditor.dll (API version 3709383).
LogModuleManager: Display: Found up-to-date module file ../../../Engine/Plugins/Editor/MobileLauncherProfileWizard/Binaries/Win64/UE4Editor-MobileLauncherProfileWizard.dll (API version 3709383).
LogModuleManager: Display: Found up-to-date module file ../../../Engine/Plugins/Editor/PluginBrowser/Binaries/Win64/UE4Editor-PluginBrowser.dll (API version 3709383).
LogModuleManager: Display: Found up-to-date module file ../../../Engine/Plugins/Editor/SpeedTreeImporter/Binaries/Win64/UE4Editor-SpeedTreeImporter.dll (API version 3709383).
LogModuleManager: Display: Found up-to-date module file ../../../Engine/Plugins/Experimental/AlembicImporter/Binaries/Win64/UE4Editor-AlembicImporter.dll (API version 3709383).
LogModuleManager: Display: Found up-to-date module file ../../../Engine/Plugins/Experimental/AlembicImporter/Binaries/Win64/UE4Editor-AlembicLibrary.dll (API version 3709383).
LogModuleManager: Display: Found up-to-date module file ../../../Engine/Plugins/Experimental/CharacterAI/Binaries/Win64/UE4Editor-CharacterAI.dll (API version 3709383).
LogModuleManager: Display: Found up-to-date module file ../../../Engine/Plugins/Experimental/HTML5Networking/Binaries/Win64/UE4Editor-HTML5Networking.dll (API version 3709383).
LogModuleManager: Display: Found up-to-date module file ../../../Engine/Plugins/Media/AndroidMedia/Binaries/Win64/UE4Editor-AndroidMediaEditor.dll (API version 3709383).
LogModuleManager: Display: Found up-to-date module file ../../../Engine/Plugins/Media/AndroidMedia/Binaries/Win64/UE4Editor-AndroidMediaFactory.dll (API version 3709383).
LogModuleManager: Display: Found up-to-date module file ../../../Engine/Plugins/Media/AvfMedia/Binaries/Win64/UE4Editor-AvfMediaEditor.dll (API version 3709383).
LogModuleManager: Display: Found up-to-date module file ../../../Engine/Plugins/Media/AvfMedia/Binaries/Win64/UE4Editor-AvfMediaFactory.dll (API version 3709383).
LogModuleManager: Display: Found up-to-date module file ../../../Engine/Plugins/Media/AvfMedia/Binaries/Win64/UE4Editor-AvfMediaFactory.dll (API version 3709383).
LogModuleManager: Display: Found up-to-date module file ../../../Engine/Plugins/Media/ImgMedia/Binaries/Win64/UE4Editor-ImgMedia.dll (API version 3709383).
LogModuleManager: Display: Found up-to-date module file ../../../Engine/Plugins/Media/ImgMedia/Binaries/Win64/UE4Editor-ImgMediaEditor.dll (API version 3709383).
LogModuleManager: Display: Found up-to-date module file ../../../Engine/Plugins/Media/ImgMedia/Binaries/Win64/UE4Editor-ImgMediaFactory.dll (API version 3709383).
LogModuleManager: Display: Found up-to-date module file ../../../Engine/Plugins/Media/ImgMedia/Binaries/Win64/UE4Editor-ImgMediaFactory.dll (API version 3709383).
LogModuleManager: Display: Found up-to-date module file ../../../Engine/Plugins/Media/ImgMedia/Binaries/Win64/UE4Editor-OpenExrWrapper.dll (API version 3709383).
LogModuleManager: Display: Found up-to-date module file ../../../Engine/Plugins/Media/MediaCompositing/Binaries/Win64/UE4Editor-MediaCompositing.dll (API version 3709383).
LogModuleManager: Display: Found up-to-date module file ../../../Engine/Plugins/Media/MediaCompositing/Binaries/Win64/UE4Editor-MediaCompositingEditor.dll (API version 3709383).
LogModuleManager: Display: Found up-to-date module file ../../../Engine/Plugins/Media/MediaPlayerEditor/Binaries/Win64/UE4Editor-MediaPlayerEditor.dll (API version 3709383).
LogModuleManager: Display: Found up-to-date module file ../../../Engine/Plugins/Media/WmfMedia/Binaries/Win64/UE4Editor-WmfMedia.dll (API version 3709383).
LogModuleManager: Display: Found up-to-date module file ../../../Engine/Plugins/Media/WmfMedia/Binaries/Win64/UE4Editor-WmfMediaEditor.dll (API version 3709383).
LogModuleManager: Display: Found up-to-date module file ../../../Engine/Plugins/Media/WmfMedia/Binaries/Win64/UE4Editor-WmfMediaFactory.dll (API version 3709383).
LogModuleManager: Display: Found up-to-date module file ../../../Engine/Plugins/Media/WmfMedia/Binaries/Win64/UE4Editor-WmfMediaFactory.dll (API version 3709383).
LogModuleManager: Display: Found up-to-date module file ../../../Engine/Plugins/Messaging/TcpMessaging/Binaries/Win64/UE4Editor-TcpMessaging.dll (API version 3709383).
LogModuleManager: Display: Found up-to-date module file ../../../Engine/Plugins/Messaging/UdpMessaging/Binaries/Win64/UE4Editor-UdpMessaging.dll (API version 3709383).
LogModuleManager: Display: Found up-to-date module file ../../../Engine/Plugins/MovieScene/ActorSequence/Binaries/Win64/UE4Editor-ActorSequence.dll (API version 3709383).
LogModuleManager: Display: Found up-to-date module file ../../../Engine/Plugins/MovieScene/LevelSequenceEditor/Binaries/Win64/UE4Editor-LevelSequenceEditor.dll (API version 3709383).
LogModuleManager: Display: Found up-to-date module file ../../../Engine/Plugins/MovieScene/MatineeToLevelSequence/Binaries/Win64/UE4Editor-MatineeToLevelSequence.dll (API version 3709383).
LogModuleManager: Display: Found up-to-date module file ../../../Engine/Plugins/Online/OnlineSubsystem/Binaries/Win64/UE4Editor-OnlineSubsystem.dll (API version 3709383).
LogModuleManager: Display: Found up-to-date module file ../../../Engine/Plugins/Runtime/AndroidPermission/Binaries/Win64/UE4Editor-AndroidPermission.dll (API version 3709383).
LogModuleManager: Display: Found up-to-date module file ../../../Engine/Plugins/Online/OnlineSubsystemNull/Binaries/Win64/UE4Editor-OnlineSubsystemNull.dll (API version 3709383).
LogModuleManager: Display: Found up-to-date module file ../../../Engine/Plugins/Online/OnlineSubsystemUtils/Binaries/Win64/UE4Editor-OnlineSubsystemUtils.dll (API version 3709383).
LogModuleManager: Display: Found up-to-date module file ../../../Engine/Plugins/Online/OnlineSubsystemUtils/Binaries/Win64/UE4Editor-OnlineBlueprintSupport.dll (API version 3709383).
LogModuleManager: Display: Found up-to-date module file ../../../Engine/Plugins/Runtime/AndroidDeviceProfileSelector/Binaries/Win64/UE4Editor-AndroidDeviceProfileSelector.dll (API version 3709383).
LogModuleManager: Display: Found up-to-date module file ../../../Engine/Plugins/Runtime/AppleARKit/Binaries/Win64/UE4Editor-AppleARKit.dll (API version 3709383).
LogModuleManager: Display: Found up-to-date module file ../../../Engine/Plugins/Runtime/ArchVisCharacter/Binaries/Win64/UE4Editor-ArchVisCharacter.dll (API version 3709383).
LogModuleManager: Display: Found up-to-date module file ../../../Engine/Plugins/Runtime/CableComponent/Binaries/Win64/UE4Editor-CableComponent.dll (API version 3709383).
LogModuleManager: Display: Found up-to-date module file ../../../Engine/Plugins/Runtime/CustomMeshComponent/Binaries/Win64/UE4Editor-CustomMeshComponent.dll (API version 3709383).
LogModuleManager: Display: Found up-to-date module file ../../../Engine/Plugins/Runtime/ExampleDeviceProfileSelector/Binaries/Win64/UE4Editor-ExampleDeviceProfileSelector.dll (API version 3709383).
LogModuleManager: Display: Found up-to-date module file ../../../Engine/Plugins/Runtime/ImmediatePhysics/Binaries/Win64/UE4Editor-ImmediatePhysics.dll (API version 3709383).
LogModuleManager: Display: Found up-to-date module file ../../../Engine/Plugins/Runtime/ImmediatePhysics/Binaries/Win64/UE4Editor-ImmediatePhysicsEditor.dll (API version 3709383).
LogModuleManager: Display: Found up-to-date module file ../../../Engine/Plugins/Runtime/LocationServicesBPLibrary/Binaries/Win64/UE4Editor-LocationServicesBPLibrary.dll (API version 3709383).
LogModuleManager: Display: Found up-to-date module file ../../../Engine/Plugins/Runtime/MobilePatchingUtils/Binaries/Win64/UE4Editor-MobilePatchingUtils.dll (API version 3709383).
LogModuleManager: Display: Found up-to-date module file ../../../Engine/Plugins/Runtime/Oculus/OculusVR/Binaries/Win64/UE4Editor-OculusHMD.dll (API version 3709383).
LogModuleManager: Display: Found up-to-date module file ../../../Engine/Plugins/Runtime/Oculus/OculusVR/Binaries/Win64/UE4Editor-OculusInput.dll (API version 3709383).
LogModuleManager: Display: Found up-to-date module file ../../../Engine/Plugins/Runtime/Oculus/OculusVR/Binaries/Win64/UE4Editor-OculusEditor.dll (API version 3709383).
LogModuleManager: Display: Found up-to-date module file ../../../Engine/Plugins/Runtime/PhysXVehicles/Binaries/Win64/UE4Editor-PhysXVehicles.dll (API version 3709383).
LogModuleManager: Display: Found up-to-date module file ../../../Engine/Plugins/Runtime/PhysXVehicles/Binaries/Win64/UE4Editor-PhysXVehiclesEditor.dll (API version 3709383).
LogModuleManager: Display: Found up-to-date module file ../../../Engine/Plugins/Runtime/ProceduralMeshComponent/Binaries/Win64/UE4Editor-ProceduralMeshComponent.dll (API version 3709383).
LogModuleManager: Display: Found up-to-date module file ../../../Engine/Plugins/Runtime/ProceduralMeshComponent/Binaries/Win64/UE4Editor-ProceduralMeshComponentEditor.dll (API version 3709383).
LogModuleManager: Display: Found up-to-date module file ../../../Engine/Plugins/Runtime/RuntimePhysXCooking/Binaries/Win64/UE4Editor-RuntimePhysXCooking.dll (API version 3709383).
LogModuleManager: Display: Found up-to-date module file ../../../Engine/Plugins/Runtime/Steam/SteamVR/Binaries/Win64/UE4Editor-SteamVR.dll (API version 3709383).
LogModuleManager: Display: Found up-to-date module file ../../../Engine/Plugins/Runtime/Steam/SteamVR/Binaries/Win64/UE4Editor-SteamVRController.dll (API version 3709383).
LogModuleManager: Display: Found up-to-date module file ../../../Engine/Plugins/Runtime/WindowsMoviePlayer/Binaries/Win64/UE4Editor-WindowsMoviePlayer.dll (API version 3709383).
LogPluginManager: Mounting plugin Paper2D
LogPluginManager: Mounting plugin LightPropagationVolume
LogPluginManager: Mounting plugin CodeLiteSourceCodeAccess
LogPluginManager: Mounting plugin GitSourceControl
LogPluginManager: Mounting plugin KDevelopSourceCodeAccess
LogPluginManager: Mounting plugin NullSourceCodeAccess
LogPluginManager: Mounting plugin PerforceSourceControl
LogPluginManager: Mounting plugin SubversionSourceControl
LogPluginManager: Mounting plugin UObjectPlugin
LogPluginManager: Mounting plugin VisualStudioCodeSourceCodeAccess
LogPluginManager: Mounting plugin VisualStudioSourceCodeAccess
LogPluginManager: Mounting plugin XCodeSourceCodeAccess
LogPluginManager: Mounting plugin AssetManagerEditor
LogPluginManager: Mounting plugin AudioCapture
LogPluginManager: Mounting plugin FacialAnimation
LogPluginManager: Mounting plugin GameplayTagsEditor
LogPluginManager: Mounting plugin MobileLauncherProfileWizard
LogPluginManager: Mounting plugin PluginBrowser
LogPluginManager: Mounting plugin SpeedTreeImporter
LogPluginManager: Mounting plugin AlembicImporter
LogPluginManager: Mounting plugin CharacterAI
LogPluginManager: Mounting plugin HTML5Networking
LogPluginManager: Mounting plugin LowEntryExtStdLib
LogPluginManager: Mounting plugin AndroidMedia
LogPluginManager: Mounting plugin AvfMedia
LogPluginManager: Mounting plugin ImgMedia
LogPluginManager: Mounting plugin MediaCompositing
LogPluginManager: Mounting plugin MediaPlayerEditor
LogPluginManager: Mounting plugin WmfMedia
LogPluginManager: Mounting plugin TcpMessaging
LogPluginManager: Mounting plugin UdpMessaging
LogPluginManager: Mounting plugin ActorSequence
LogPluginManager: Mounting plugin LevelSequenceEditor
LogPluginManager: Mounting plugin MatineeToLevelSequence
LogPluginManager: Mounting plugin OnlineSubsystemGooglePlay
LogPluginManager: Mounting plugin OnlineSubsystemIOS
LogPluginManager: Mounting plugin OnlineSubsystem
LogPluginManager: Mounting plugin OnlineSubsystemNull
LogPluginManager: Mounting plugin OnlineSubsystemUtils
LogPluginManager: Mounting plugin AndroidDeviceProfileSelector
LogPluginManager: Mounting plugin AndroidMoviePlayer
LogPluginManager: Mounting plugin AndroidPermission
LogPluginManager: Mounting plugin AppleARKit
LogPluginManager: Mounting plugin AppleMoviePlayer
LogPluginManager: Mounting plugin ArchVisCharacter
LogPluginManager: Mounting plugin CableComponent
LogPluginManager: Mounting plugin CustomMeshComponent
LogPluginManager: Mounting plugin ExampleDeviceProfileSelector
LogPluginManager: Mounting plugin GoogleCloudMessaging
LogPluginManager: Mounting plugin ImmediatePhysics
LogPluginManager: Mounting plugin IOSDeviceProfileSelector
LogPluginManager: Mounting plugin LinuxDeviceProfileSelector
LogPluginManager: Mounting plugin LocationServicesBPLibrary
LogPluginManager: Mounting plugin MobilePatchingUtils
LogPluginManager: Mounting plugin OculusVR
LogPluginManager: Plugin shader directory ../../../Engine/Plugins/Runtime/Oculus/OculusVR/Shaders found
LogPluginManager: Mapping shader source directory ../../../Engine/Plugins/Runtime/Oculus/OculusVR/Shaders to virtual directory /Plugin/OculusVR
LogPluginManager: Mounting plugin PhysXVehicles
LogPluginManager: Mounting plugin ProceduralMeshComponent
LogPluginManager: Mounting plugin RuntimePhysXCooking
LogPluginManager: Mounting plugin SteamVR
LogPluginManager: Mounting plugin WindowsMoviePlayer
LogInit: Using libcurl 7.47.1
LogInit:  - built for x86_64-pc-win32
LogInit:  - supports SSL with OpenSSL/1.0.2g
LogInit:  - supports HTTP deflate (compression) using libz 1.2.8
LogInit:  - other features:
LogInit:      CURL_VERSION_SSL
LogInit:      CURL_VERSION_LIBZ
LogInit:      CURL_VERSION_IPV6
LogInit:      CURL_VERSION_ASYNCHDNS
LogInit:      CURL_VERSION_LARGEFILE
LogInit:      CURL_VERSION_IDN
LogInit:  CurlRequestOptions (configurable via config and command line):
LogInit:  - bVerifyPeer = false  - Libcurl will NOT verify peer certificate
LogInit:  - bUseHttpProxy = true  - Libcurl will use HTTP proxy
LogInit:  - HttpProxyAddress = '127.0.0.1:8080'
LogInit:  - bDontReuseConnections = false  - Libcurl will reuse connections
LogInit:  - CertBundlePath = nullptr  - Libcurl will use whatever was configured at build time.
LogInit: Build: ++UE4+Release-4.18-CL-3832480
LogInit: Engine Version: 4.18.3-3832480+++UE4+Release-4.18
LogInit: Compatible Engine Version: 4.18.0-3709383+++UE4+Release-4.18
LogInit: Net CL: 3709383
LogDevObjectVersion: Number of dev versions registered: 16
LogDevObjectVersion:   Dev-Blueprints (B0D832E4-1F89-4F0D-ACCF-7EB736FD4AA2): 10
LogDevObjectVersion:   Dev-Build (E1C64328-A22C-4D53-A36C-8E866417BD8C): 0
LogDevObjectVersion:   Dev-Core (375EC13C-06E4-48FB-B500-84F0262A717E): 2
LogDevObjectVersion:   Dev-Editor (E4B068ED-F494-42E9-A231-DA0B2E46BB41): 20
LogDevObjectVersion:   Dev-Framework (CFFC743F-43B0-4480-9391-14DF171D2073): 30
LogDevObjectVersion:   Dev-Mobile (B02B49B5-BB20-44E9-A304-32B752E40360): 0
LogDevObjectVersion:   Dev-Networking (A4E4105C-59A1-49B5-A7C5-40C4547EDFEE): 0
LogDevObjectVersion:   Dev-Online (39C831C9-5AE6-47DC-9A44-9C173E1C8E7C): 0
LogDevObjectVersion:   Dev-Physics (78F01B33-EBEA-4F98-B9B4-84EACCB95AA2): 0
LogDevObjectVersion:   Dev-Platform (6631380F-2D4D-43E0-8009-CF276956A95A): 0
LogDevObjectVersion:   Dev-Rendering (12F88B9F-8875-4AFC-A67C-D90C383ABD29): 20
LogDevObjectVersion:   Dev-Sequencer (7B5AE74C-D270-4C10-A958-57980B212A5A): 4
LogDevObjectVersion:   Dev-VR (D7296918-1DD6-4BDD-9DE2-64A83CC13884): 0
LogDevObjectVersion:   Dev-LoadTimes (C2A15278-BFE7-4AFE-6C17-90FF531DF755): 1
LogDevObjectVersion:   Private-Geometry (6EACA3D4-40EC-4CC1-B786-8BED09428FC5): 1
LogDevObjectVersion:   Dev-AnimPhys (29E575DD-E0A3-4627-9D10-D276232CDCEA): 12
LogInit: Compiled (64-bit): Jan 12 2018 02:04:55
LogInit: Compiled with Visual C++: 19.00.24215.01
LogInit: Build Configuration: Development
LogInit: Branch Name: ++UE4+Release-4.18
LogInit: Command line: -EpicPortal 
LogInit: Base directory: E:/Program Files/Epic Games/UE_4.18/Engine/Binaries/Win64/
LogInit: Installed Engine Build: 1
LogInit: Presizing for max 8388607 objects, including 0 objects not considered by GC, pre-allocating 0 bytes for permanent pool.
LogInit: Object subsystem initialized
[2018.04.19-16.50.55:902][  0]LogInit: Selected Device Profile: [Windows]
[2018.04.19-16.50.55:902][  0]LogInit: Applying CVar settings loaded from the selected device profile: [Windows]
[2018.04.19-16.50.55:977][  0]LogInit: Computer: MAXENCE-PC
[2018.04.19-16.50.55:977][  0]LogInit: User: Maxence
[2018.04.19-16.50.55:977][  0]LogInit: CPU Page size=4096, Cores=4
[2018.04.19-16.50.55:977][  0]LogInit: High frequency timer resolution =3.906245 MHz
[2018.04.19-16.50.55:978][  0]LogMemory: Memory total: Physical=23.9GB (24GB approx)
[2018.04.19-16.50.55:978][  0]LogMemory: Platform Memory Stats for Windows
[2018.04.19-16.50.55:978][  0]LogMemory: Process Physical Memory: 275.57 MB used, 275.57 MB peak
[2018.04.19-16.50.55:978][  0]LogMemory: Process Virtual Memory: 269.82 MB used, 269.82 MB peak
[2018.04.19-16.50.55:978][  0]LogMemory: Physical Memory: 6780.63 MB used,  17744.05 MB free, 24524.68 MB total
[2018.04.19-16.50.55:978][  0]LogMemory: Virtual Memory: 682.93 MB used,  17744.05 MB free, 134217728.00 MB total
[2018.04.19-16.50.56:152][  0]LogInit: Using OS detected language (fr-FR).
[2018.04.19-16.50.56:152][  0]LogInit: Using OS detected locale (fr-FR).
[2018.04.19-16.50.56:156][  0]LogTextLocalizationManager: No localization for 'fr-FR' exists, so 'en' will be used for the language.
[2018.04.19-16.50.56:156][  0]LogTextLocalizationManager: No localization for 'fr-FR' exists, so 'en' will be used for the locale.
[2018.04.19-16.50.56:535][  0]LogInit: Setting process to per monitor DPI aware
[2018.04.19-16.50.56:839][  0]LogD3D11RHI: D3D11 adapters:
[2018.04.19-16.50.56:882][  0]LogD3D11RHI:    0. 'NVIDIA GeForce GTX 970' (Feature Level 11_0)
[2018.04.19-16.50.56:882][  0]LogD3D11RHI:       4043/0/12262 MB DedicatedVideo/DedicatedSystem/SharedSystem, Outputs:2, VendorId:0x10de
[2018.04.19-16.50.56:884][  0]LogD3D11RHI:    1. 'Microsoft Basic Render Driver' (Feature Level 11_0)
[2018.04.19-16.50.56:884][  0]LogD3D11RHI:       0/0/12262 MB DedicatedVideo/DedicatedSystem/SharedSystem, Outputs:0, VendorId:0x1414
[2018.04.19-16.50.56:884][  0]LogD3D11RHI: Chosen D3D11 Adapter: 0
[2018.04.19-16.50.56:889][  0]LogD3D11RHI: Creating new Direct3DDevice
[2018.04.19-16.50.56:889][  0]LogD3D11RHI:     GPU DeviceId: 0x13c2 (for the marketing name, search the web for "GPU Device Id")
[2018.04.19-16.50.56:889][  0]LogWindows: EnumDisplayDevices:
[2018.04.19-16.50.56:889][  0]LogWindows:    0. 'NVIDIA GeForce GTX 970' (P:1 D:1)
[2018.04.19-16.50.56:889][  0]LogWindows:    1. 'NVIDIA GeForce GTX 970' (P:0 D:1)
[2018.04.19-16.50.56:889][  0]LogWindows:    2. 'NVIDIA GeForce GTX 970' (P:0 D:0)
[2018.04.19-16.50.56:889][  0]LogWindows:    3. 'NVIDIA GeForce GTX 970' (P:0 D:0)
[2018.04.19-16.50.56:889][  0]LogWindows: DebugString: GetVideoDriverDetailsInvalid PrimaryIsNotTheChoosenAdapter GetVideoDriverDetailsInvalid PrimaryIsNotTheChoosenAdapter GetVideoDriverDetailsInvalid PrimaryIsNotTheChoosenAdapter GetVideoDriverDetailsInvalid PrimaryIsNotTheChoosenAdapter FoundDriverCount:0 
[2018.04.19-16.50.56:889][  0]LogD3D11RHI:     Adapter Name: NVIDIA GeForce GTX 970
[2018.04.19-16.50.56:889][  0]LogD3D11RHI:   Driver Version: Unknown (internal:Unknown, unified:Unknown)
[2018.04.19-16.50.56:889][  0]LogD3D11RHI:      Driver Date: Unknown
[2018.04.19-16.50.56:889][  0]LogRHI: Texture pool is 2830 MB (70% of 4043 MB)
[2018.04.19-16.50.56:918][  0]LogD3D11RHI: Async texture creation enabled
[2018.04.19-16.50.56:974][  0]LogD3D11RHI: GPU Timing Frequency: 1000.000000 (Debug: 2 2)
[2018.04.19-16.50.57:024][  0]LogShaderCompilers: Guid format shader working directory is -21 characters bigger than the processId version (../../../../../../Program Files (x86)/UnknownLegacy/UnknownLegacy_Ok/Intermediate/Shaders/WorkingDirectory/24252/).
[2018.04.19-16.50.57:024][  0]LogShaderCompilers: Cleaned the shader compiler working directory 'C:/Users/Maxence/AppData/Local/Temp/UnrealShaderWorkingDir/AA0837334D8C81DA40AD0AAD63976492/'.
[2018.04.19-16.50.57:024][  0]LogShaderCompilers: Display: Using Local Shader Compiler.
[2018.04.19-16.50.57:845][  0]LogTemp: Display: Loaded TP AllDesktopTargetPlatform
[2018.04.19-16.50.57:887][  0]LogTemp: Display: Loaded TP MacClientTargetPlatform
[2018.04.19-16.50.57:925][  0]LogTemp: Display: Loaded TP MacNoEditorTargetPlatform
[2018.04.19-16.50.57:969][  0]LogTemp: Display: Loaded TP MacServerTargetPlatform
[2018.04.19-16.50.58:011][  0]LogTemp: Display: Loaded TP MacTargetPlatform
[2018.04.19-16.50.58:052][  0]LogTemp: Display: Loaded TP WindowsClientTargetPlatform
[2018.04.19-16.50.58:094][  0]LogTemp: Display: Loaded TP WindowsNoEditorTargetPlatform
[2018.04.19-16.50.58:135][  0]LogTemp: Display: Loaded TP WindowsServerTargetPlatform
[2018.04.19-16.50.58:169][  0]LogTemp: Display: Loaded TP WindowsTargetPlatform
[2018.04.19-16.50.58:209][  0]LogTemp: Display: Loaded TP Android_ASTCTargetPlatform
[2018.04.19-16.50.58:249][  0]LogTemp: Display: Loaded TP Android_ATCTargetPlatform
[2018.04.19-16.50.58:294][  0]LogTemp: Display: Loaded TP Android_DXTTargetPlatform
[2018.04.19-16.50.58:339][  0]LogTemp: Display: Loaded TP Android_ETC1TargetPlatform
[2018.04.19-16.50.58:380][  0]LogTemp: Display: Loaded TP Android_ETC2TargetPlatform
[2018.04.19-16.50.58:461][  0]LogTemp: Display: Loaded TP Android_MultiTargetPlatform
[2018.04.19-16.50.58:461][  0]LogTemp: Display: Loaded TP Android_PVRTCTargetPlatform
[2018.04.19-16.50.58:501][  0]LogTemp: Display: Loaded TP AndroidTargetPlatform
[2018.04.19-16.50.58:534][  0]LogTemp: Display: Loaded TP HTML5TargetPlatform
[2018.04.19-16.50.58:611][  0]LogTemp: Display: Loaded TP IOSTargetPlatform
[2018.04.19-16.50.58:632][  0]LogTemp: Display: Loaded TP TVOSTargetPlatform
[2018.04.19-16.50.58:674][  0]LogTemp: Display: Loaded TP LinuxClientTargetPlatform
[2018.04.19-16.50.58:715][  0]LogTemp: Display: Loaded TP LinuxNoEditorTargetPlatform
[2018.04.19-16.50.58:759][  0]LogTemp: Display: Loaded TP LinuxServerTargetPlatform
[2018.04.19-16.50.58:802][  0]LogTemp: Display: Loaded TP LinuxTargetPlatform
[2018.04.19-16.50.58:802][  0]LogTargetPlatformManager: Display: Building Assets For Windows
[2018.04.19-16.50.59:172][  0]LogDerivedDataCache: Display: Max Cache Size: 512 MB
[2018.04.19-16.50.59:238][  0]LogDerivedDataCache: Loaded boot cache 0.07s 78MB C:/Users/Maxence/AppData/Local/UnrealEngine/4.18/DerivedDataCache/Boot.ddc.
[2018.04.19-16.50.59:238][  0]LogDerivedDataCache: Display: Loaded Boot cache: C:/Users/Maxence/AppData/Local/UnrealEngine/4.18/DerivedDataCache/Boot.ddc
[2018.04.19-16.50.59:238][  0]LogDerivedDataCache: FDerivedDataBackendGraph:  Pak pak cache file ../../../../../../Program Files (x86)/UnknownLegacy/UnknownLegacy_Ok/DerivedDataCache/DDC.ddp not found, will not use a pak cache.
[2018.04.19-16.50.59:238][  0]LogDerivedDataCache: Unable to find inner node Pak for hierarchical cache Hierarchy.
[2018.04.19-16.50.59:238][  0]LogDerivedDataCache: FDerivedDataBackendGraph:  CompressedPak pak cache file ../../../../../../Program Files (x86)/UnknownLegacy/UnknownLegacy_Ok/DerivedDataCache/Compressed.ddp not found, will not use a pak cache.
[2018.04.19-16.50.59:238][  0]LogDerivedDataCache: Unable to find inner node CompressedPak for hierarchical cache Hierarchy.
[2018.04.19-16.50.59:254][  0]LogDerivedDataCache: Display: Pak cache opened for reading ../../../Engine/DerivedDataCache/Compressed.ddp.
[2018.04.19-16.50.59:267][  0]LogDerivedDataCache: Using Local data cache path C:/Users/Maxence/AppData/Local/UnrealEngine/Common/DerivedDataCache: Writable
[2018.04.19-16.50.59:277][  0]LogMaterial: Verifying Global Shaders for PCD3D_SM5
[2018.04.19-16.50.59:277][  0]LogSlate: Using Freetype 2.6.0
[2018.04.19-16.50.59:278][  0]LogSlate: SlateFontCache - WITH_FREETYPE: 1, WITH_HARFBUZZ: 1
[2018.04.19-16.50.59:278][  0]LogSlate: SlateFontCache - WITH_FREETYPE: 1, WITH_HARFBUZZ: 1
[2018.04.19-16.50.59:670][  0]LogInit: Selected Device Profile: [Windows]
[2018.04.19-16.50.59:969][  0]LogSimplygon: Simplygon DLL not present - disabling.
[2018.04.19-16.51.00:001][  0]LogMeshReduction: Using SimplygonSwarm for distributed automatic mesh merging
[2018.04.19-16.51.00:001][  0]LogMeshReduction: Using QuadricMeshReduction for automatic static mesh reduction
[2018.04.19-16.51.00:001][  0]LogMeshReduction: No automatic skeletal mesh reduction module available
[2018.04.19-16.51.00:001][  0]LogMeshReduction: No automatic mesh merging module available
[2018.04.19-16.51.00:001][  0]LogMeshMerging: No automatic mesh merging module available
[2018.04.19-16.51.00:034][  0]LogNetVersion: UnknownLegacy_Ok , NetCL: 3709383, EngineNetVer: 2, GameNetVer: 0 (Checksum: 1015185601)
[2018.04.19-16.51.00:194][  0]LogAssetRegistry: FAssetRegistry took 0.0278 seconds to start up
[2018.04.19-16.51.01:170][  0]LogPackageLocalizationCache: Processed 8 localized package path(s) for 1 prioritized culture(s) in 0.061703 seconds
[2018.04.19-16.51.01:175][  0]LogUObjectArray: 35870 objects as part of root set at end of initial load.
[2018.04.19-16.51.01:175][  0]LogUObjectAllocator: 7363696 out of 0 bytes used by permanent object pool.
[2018.04.19-16.51.01:175][  0]LogUObjectArray: CloseDisregardForGC: 0/0 objects in disregard for GC pool
[2018.04.19-16.51.01:212][  0]LogInit: WinSock: version 1.1 (2.2), MaxSocks=32767, MaxUdp=65467
[2018.04.19-16.51.04:111][  0]LogTcpMessaging: Initializing TcpMessaging bridge
[2018.04.19-16.51.04:152][  0]LogUdpMessaging: Initializing bridge on interface 0.0.0.0:0 to multicast group 230.0.0.1:6666.
[2018.04.19-16.51.04:787][  0]LogMaterial: Uniform references updated for custom material expression Custom.
[2018.04.19-16.51.05:209][  0]SourceControl: Source control is disabled
[2018.04.19-16.51.05:210][  0]SourceControl: Source control is disabled
[2018.04.19-16.51.05:258][  0]SourceControl: Source control is disabled
[2018.04.19-16.51.05:313][  0]SourceControl: Source control is disabled
[2018.04.19-16.51.06:179][  0]LogAndroidPermission: UAndroidPermissionCallbackProxy::GetInstance
[2018.04.19-16.51.06:469][  0]LogOcInput: OculusInput pre-init called
[2018.04.19-16.51.06:758][  0]LogEngine: Initializing Engine...
[2018.04.19-16.51.06:761][  0]LogHMD: Failed to initialize OpenVR with code 110
[2018.04.19-16.51.06:970][  0]LogStats: UGameplayTagsManager::ConstructGameplayTagTree: Construct from data asset -  0.000 s
[2018.04.19-16.51.06:970][  0]LogStats: UGameplayTagsManager::ConstructGameplayTagTree: GameplayTagTreeChangedEvent.Broadcast -  0.000 s
[2018.04.19-16.51.07:084][  0]LogAIModule: Creating AISystem for world Untitled
[2018.04.19-16.51.07:093][  0]LogInit: XAudio2 using 'Casque (SteelSeries Arctis 5 Game)' : 2 channels at 48 kHz using 16 bits per sample (channel mask 0x3)
[2018.04.19-16.51.07:108][  0]LogInit: FAudioDevice initialized.
[2018.04.19-16.51.07:182][  0]LogDerivedDataCache: Saved boot cache 0.07s 78MB C:/Users/Maxence/AppData/Local/UnrealEngine/4.18/DerivedDataCache/Boot.ddc.
[2018.04.19-16.51.07:196][  0]LogInit: Texture streaming: Enabled
[2018.04.19-16.51.07:265][  0]LogEngineSessionManager: EngineSessionManager initialized
[2018.04.19-16.51.07:374][  0]LogInit: Transaction tracking system initialized
[2018.04.19-16.51.07:627][  0]BlueprintLog: New page: Editor Load
[2018.04.19-16.51.08:438][  0]LocalizationService: Localization service is disabled
[2018.04.19-16.51.09:099][  0]LogConsoleResponse: Display: 
[2018.04.19-16.51.09:389][  0]LogCook: Display: Max memory allowance for cook 16384mb min free memory 0mb
[2018.04.19-16.51.09:390][  0]LogCook: Display: Mobile HDR setting 1
[2018.04.19-16.51.09:390][  0]LogGameplayTags: Display: UGameplayTagsManager::DoneAddingNativeTags. DelegateIsBound: 0
[2018.04.19-16.51.10:051][  0]LogFileCache: Scanning file cache for directory 'E:/Program Files (x86)/UnknownLegacy/UnknownLegacy_Ok/Content/' took 0.03s
[2018.04.19-16.51.10:534][  0]SourceControl: Source control is disabled
[2018.04.19-16.51.10:534][  0]Cmd: MAP LOAD FILE="../../../../../../Program Files (x86)/UnknownLegacy/UnknownLegacy_Ok/Content/FirstPersonBP/Maps/FirstPersonExampleMap.umap" TEMPLATE=0 SHOWPROGRESS=1 FEATURELEVEL=3
[2018.04.19-16.51.10:534][  0]LogEditorServer: Warning: Can't find file '../../../../../../Program Files (x86)/UnknownLegacy/UnknownLegacy_Ok/Content/FirstPersonBP/Maps/FirstPersonExampleMap.umap'
[2018.04.19-16.51.10:534][  0]Cmd: MAP CHECKDEP NOCLEARLOG
[2018.04.19-16.51.10:582][  0]MapCheck: Map check complete: 0 Error(s), 0 Warning(s), took 47.479ms to complete.
[2018.04.19-16.51.10:582][  0]LogFileHelpers: Loading map 'FirstPersonExampleMap' took 0.048
[2018.04.19-16.51.12:649][  0]LogCollectionManager: Loaded 0 collections in 0.004118 seconds
[2018.04.19-16.51.13:839][  0]LogFileCache: Scanning file cache for directory 'E:/Program Files (x86)/UnknownLegacy/UnknownLegacy_Ok/Saved/Collections/' took 0.01s
[2018.04.19-16.51.13:839][  0]LogFileCache: Scanning file cache for directory 'E:/Program Files (x86)/UnknownLegacy/UnknownLegacy_Ok/Content/Developers/Maxence/Collections/' took 0.01s
[2018.04.19-16.51.13:839][  0]LogFileCache: Scanning file cache for directory 'E:/Program Files (x86)/UnknownLegacy/UnknownLegacy_Ok/Content/Collections/' took 0.01s
[2018.04.19-16.51.13:839][  0]LogCollectionManager: Rebuilt the GUID cache for 0 collections in 0.000001 seconds
[2018.04.19-16.51.13:909][  0]LogContentBrowser: Native class hierarchy populated in 0.0657 seconds. Added 2388 classes and 528 folders.
[2018.04.19-16.51.14:103][  0]LogContentBrowser: Native class hierarchy updated for 'WidgetCarousel' in 0.0003 seconds. Added 0 classes and 0 folders.
[2018.04.19-16.51.18:027][  0]LogContentBrowser: Native class hierarchy updated for 'AddContentDialog' in 0.0012 seconds. Added 0 classes and 0 folders.
[2018.04.19-16.51.18:139][  0]LogContentBrowser: Native class hierarchy updated for 'SceneOutliner' in 0.0003 seconds. Added 1 classes and 2 folders.
[2018.04.19-16.51.20:077][  0]LogSlate: Took 0.000569 seconds to synchronously load lazily loaded font '../../../Engine/Content/Slate/Fonts/Roboto-Regular.ttf' (155K)
[2018.04.19-16.51.20:106][  0]LogSlate: Took 0.000417 seconds to synchronously load lazily loaded font '../../../Engine/Content/Slate/Fonts/Roboto-Bold.ttf' (160K)
[2018.04.19-16.51.20:235][  0]LogSlate: Took 0.042790 seconds to synchronously load lazily loaded font '../../../Engine/Content/Editor/Slate/Fonts/FontAwesome.ttf' (139K)
[2018.04.19-16.51.21:514][  0]LogRenderer: Reallocating scene render targets to support 1212x604 Format 10 NumSamples 1 (Frame:1).
[2018.04.19-16.51.22:088][  0]LogContentBrowser: Native class hierarchy updated for 'HierarchicalLODOutliner' in 0.0005 seconds. Added 1 classes and 2 folders.
[2018.04.19-16.51.22:088][  0]LogLoad: (Engine Initialization) Total time: 30.85 seconds
[2018.04.19-16.51.22:088][  0]LogLoad: (Engine Initialization) Total Blueprint compile time: 0.00 seconds
[2018.04.19-16.51.22:089][  0]LogExternalProfiler: No external profilers were discovered.  External profiling features will not be available.
[2018.04.19-16.51.22:754][  0]LogContentStreaming: Texture pool size now 1000 MB
[2018.04.19-16.51.22:901][  0]LogSlate: Took 0.019642 seconds to synchronously load lazily loaded font '../../../Engine/Content/Slate/Fonts/Roboto-Light.ttf' (159K)
[2018.04.19-16.51.23:605][  3]LogAssetRegistry: Asset discovery search completed in 23.4337 seconds
[2018.04.19-16.51.23:609][  3]LogCollectionManager: Rebuilt the object cache for 0 collections in 0.000000 seconds (found 0 objects)
[2018.04.19-16.51.23:609][  3]LogCollectionManager: Fixed up redirectors for 0 collections in 0.000095 seconds (updated 0 objects)
[2018.04.19-16.51.35:679][655]LogSlate: Took 0.000204 seconds to synchronously load lazily loaded font '../../../Engine/Content/Slate/Fonts/Roboto-Light.ttf' (159K)
[2018.04.19-16.51.35:835][655]LogLinker: Warning: Can't find file '/Game/FirstPerson/Textures/FirstPersonCrosshair'
[2018.04.19-16.51.35:835][655]LogLinker: Warning: Can't find file for asset '/Game/FirstPerson/Textures/FirstPersonCrosshair' while loading ../../../../../../Program Files (x86)/UnknownLegacy/UnknownLegacy_Ok/Content/OLD/FirstPersonBP/Blueprints/FirstPersonHUD.uasset.
[2018.04.19-16.51.35:835][655]LoadErrors: Error: /Game/OLD/FirstPersonBP/Blueprints/FirstPersonHUD : Can't find file for asset. /Game/FirstPerson/Textures/FirstPersonCrosshair
[2018.04.19-16.51.35:835][655]LogLinker: Warning: Can't find file '/Game/FirstPerson/Textures/FirstPersonCrosshair'
[2018.04.19-16.51.35:835][655]LogLinker: Warning: Can't find file for asset '/Game/FirstPerson/Textures/FirstPersonCrosshair' while loading ../../../../../../Program Files (x86)/UnknownLegacy/UnknownLegacy_Ok/Content/OLD/FirstPersonBP/Blueprints/FirstPersonHUD.uasset.
[2018.04.19-16.51.35:836][655]LogLinker: Warning: Can't find file '/Game/FirstPerson/Textures/FirstPersonCrosshair'
[2018.04.19-16.51.35:836][655]LogLinker: Warning: Can't find file for asset '/Game/FirstPerson/Textures/FirstPersonCrosshair' while loading ../../../../../../Program Files (x86)/UnknownLegacy/UnknownLegacy_Ok/Content/OLD/FirstPersonBP/Blueprints/FirstPersonGameMode.uasset.
[2018.04.19-16.51.35:836][655]LoadErrors: Error: /Game/OLD/FirstPersonBP/Blueprints/FirstPersonGameMode : Can't find file for asset. /Game/FirstPerson/Textures/FirstPersonCrosshair
[2018.04.19-16.51.35:836][655]LogLinker: Warning: Can't find file '/Game/FirstPerson/Textures/FirstPersonCrosshair'
[2018.04.19-16.51.35:836][655]LogLinker: Warning: Can't find file for asset '/Game/FirstPerson/Textures/FirstPersonCrosshair' while loading ../../../../../../Program Files (x86)/UnknownLegacy/UnknownLegacy_Ok/Content/OLD/FirstPersonBP/Blueprints/FirstPersonGameMode.uasset.
[2018.04.19-16.51.35:837][655]LogLinker: Warning: Can't find file '/Game/FirstPerson/Textures/FirstPersonCrosshair'
[2018.04.19-16.51.35:837][655]LoadErrors: Failed to load /Game/FirstPerson/Textures/FirstPersonCrosshair.FirstPersonCrosshair Referenced by K2Node_CallFunction_12988
[2018.04.19-16.51.35:837][655]LogLinker: Warning: Can't find file for asset '/Game/FirstPerson/Textures/FirstPersonCrosshair' while loading ../../../../../../Program Files (x86)/UnknownLegacy/UnknownLegacy_Ok/Content/OLD/FirstPersonBP/Blueprints/FirstPersonGameMode.uasset.
[2018.04.19-16.51.36:526][655]LogSlate: Took 0.000529 seconds to synchronously load lazily loaded font '../../../Engine/Content/Slate/Fonts/Roboto-Regular.ttf' (155K)
[2018.04.19-16.51.37:827][655]LogBlueprint: Warning: [Compiler Parent] Get : 'GunOffset' variable not found. Base class was probably changed. /Game/UnknownLegacy/Characters/Parent.Parent
[2018.04.19-16.51.37:834][655]LogBlueprint: Warning: [Compiler Parent] Could not find a variable named "GunOffset" in 'Parent_C'.
Make sure 'Parent_C' has been compiled for  Get GunOffset
[2018.04.19-16.51.37:838][655]LogBlueprint: Error: [Compiler Parent] This blueprint (self) is not a ProjectileMovementComponent, therefore ' Target ' must have a connection.
[2018.04.19-16.51.37:865][655]LogBlueprint: Error: [Compiler Parent] The property associated with  Gun Offset  could not be found
[2018.04.19-16.51.37:925][655]LogBlueprint: Warning: [Compiler Parent] [0046.69] Compile of Parent failed. 2 Fatal Issue(s) 2 Warning(s) [in 118 ms] (/Game/UnknownLegacy/Characters/Parent.Parent)
[2018.04.19-16.51.39:478][655]LogAIModule: Creating AISystem for world BaseLevel
[2018.04.19-16.51.39:524][655]Cmd: MAP LOAD FILE="../../../../../../Program Files (x86)/UnknownLegacy/UnknownLegacy_Ok/Content/UnknownLegacy/Levels/BaseLevel/BaseLevel.umap" TEMPLATE=0 SHOWPROGRESS=1 FEATURELEVEL=3
[2018.04.19-16.51.39:524][655]LightingResults: New page: Lighting Build
[2018.04.19-16.51.39:560][655]LogContentBrowser: Native class hierarchy updated for 'StatsViewer' in 0.0003 seconds. Added 5 classes and 0 folders.
[2018.04.19-16.51.39:560][655]LoadErrors: New page: Loading map: BaseLevel.umap
[2018.04.19-16.51.39:560][655]MapCheck: New page: Map Check
[2018.04.19-16.51.39:561][655]LightingResults: New page: Lighting Build
[2018.04.19-16.51.39:633][655]LogEditorServer: Finished looking for orphan Actors (0.000 secs)
[2018.04.19-16.51.39:715][655]Cmd: MAP CHECKDEP NOCLEARLOG
[2018.04.19-16.51.39:776][655]MapCheck: Map check complete: 0 Error(s), 0 Warning(s), took 60.8ms to complete.
[2018.04.19-16.51.39:776][655]LogFileHelpers: Loading map 'BaseLevel' took 0.254
[2018.04.19-16.51.52:762][139]LogTemp: Repeating last play command: Selected Viewport
[2018.04.19-16.51.53:186][139]LogPlayLevel: PlayLevel: No blueprints needed recompiling
[2018.04.19-16.52.01:709][488]LogLinker: Warning: Can't find file '/Game/FirstPersonBP/Blueprints/FirstPersonGameMode'
[2018.04.19-16.52.01:709][488]LogLinker: Warning: Can't find file '/Game/FirstPersonBP/Blueprints/FirstPersonGameMode'
[2018.04.19-16.52.01:709][488]LogUObjectGlobals: Warning: Failed to find object 'Object /Game/FirstPersonBP/Blueprints/FirstPersonGameMode.FirstPersonGameMode_C'
[2018.04.19-16.52.02:161][506]LogSlate: Took 0.000426 seconds to synchronously load lazily loaded font '../../../Engine/Content/Slate/Fonts/Roboto-Light.ttf' (159K)
[2018.04.19-16.52.05:280][526]LogLinker: Warning: Asset '../../../Engine/Plugins/Marketplace/LowEntryExtStdLib/Content/Blueprints/LowEntryExtendedStandardLibraryMacros.uasset' has been saved with empty engine version. The asset will be loaded but may be incompatible.
[2018.04.19-16.52.06:577][526]LogContentBrowser: Native class hierarchy updated for 'BlueprintGraph' in 0.0005 seconds. Added 116 classes and 0 folders.
[2018.04.19-16.52.09:224][526]LogSlate: Took 0.050177 seconds to synchronously load lazily loaded font '../../../Engine/Content/Editor/Slate/Fonts/Roboto-BoldCondensed.ttf' (158K)
[2018.04.19-16.52.26:858][887]LogSlate: Took 0.038308 seconds to synchronously load lazily loaded font '../../../Engine/Content/Editor/Slate/Fonts/Roboto-Italic.ttf' (157K)
[2018.04.19-16.52.36:214][816]BlueprintLog: New page: Compile Parent
[2018.04.19-16.52.38:215][948]LogTemp: Repeating last play command: Selected Viewport
[2018.04.19-16.52.38:249][948]LogBlueprintUserMessages: Early PlayInEditor Detection: Level '/Game/UnknownLegacy/Levels/BaseLevel/BaseLevel.BaseLevel:PersistentLevel' has LevelScriptBlueprint '/Game/UnknownLegacy/Levels/BaseLevel/BaseLevel.BaseLevel:PersistentLevel.BaseLevel' with GeneratedClass '/Game/UnknownLegacy/Levels/BaseLevel/BaseLevel.BaseLevel_C' with ClassGeneratedBy '/Game/UnknownLegacy/Levels/BaseLevel/BaseLevel.BaseLevel:PersistentLevel.BaseLevel'
[2018.04.19-16.52.38:249][948]LogPlayLevel: PlayLevel: No blueprints needed recompiling
[2018.04.19-16.52.38:268][948]PIE: New page: PIE session: BaseLevel (Apr 19, 2018, 8:52:38 PM)
[2018.04.19-16.52.38:268][948]LogPlayLevel: Creating play world package: /Game/UnknownLegacy/Levels/BaseLevel/UEDPIE_0_BaseLevel
[2018.04.19-16.52.38:300][948]LogPlayLevel: PIE: StaticDuplicateObject took: (0.032252s)
[2018.04.19-16.52.38:301][948]LogAIModule: Creating AISystem for world BaseLevel
[2018.04.19-16.52.38:301][948]LogPlayLevel: PIE: World Init took: (0.000496s)
[2018.04.19-16.52.38:301][948]LogPlayLevel: PIE: Created PIE world by copying editor world from /Game/UnknownLegacy/Levels/BaseLevel/BaseLevel.BaseLevel to /Game/UnknownLegacy/Levels/BaseLevel/UEDPIE_0_BaseLevel.BaseLevel (0.033049s)
[2018.04.19-16.52.38:349][948]LogInit: XAudio2 using 'Casque (SteelSeries Arctis 5 Game)' : 2 channels at 48 kHz using 16 bits per sample (channel mask 0x3)
[2018.04.19-16.52.38:362][948]LogInit: FAudioDevice initialized.
[2018.04.19-16.52.38:405][948]LogLoad: Game class is 'FirstPersonGameMode_C'
[2018.04.19-16.52.38:434][948]LogWorld: Bringing World /Game/UnknownLegacy/Levels/BaseLevel/UEDPIE_0_BaseLevel.BaseLevel up for play (max tick rate 0) at 2018.04.19-18.52.38
[2018.04.19-16.52.38:435][948]LogWorld: Bringing up level for play took: 0.000820
[2018.04.19-16.52.38:601][948]LogContentBrowser: Native class hierarchy updated for 'MovieSceneCapture' in 0.0003 seconds. Added 11 classes and 0 folders.
[2018.04.19-16.52.38:883][948]PIE: Play in editor start time for /Game/UnknownLegacy/Levels/BaseLevel/UEDPIE_0_BaseLevel 0.03
[2018.04.19-16.52.38:883][948]LogBlueprintUserMessages: Late PlayInEditor Detection: Level '/Game/UnknownLegacy/Levels/BaseLevel/BaseLevel.BaseLevel:PersistentLevel' has LevelScriptBlueprint '/Game/UnknownLegacy/Levels/BaseLevel/BaseLevel.BaseLevel:PersistentLevel.BaseLevel' with GeneratedClass '/Game/UnknownLegacy/Levels/BaseLevel/BaseLevel.BaseLevel_C' with ClassGeneratedBy '/Game/UnknownLegacy/Levels/BaseLevel/BaseLevel.BaseLevel:PersistentLevel.BaseLevel'
[2018.04.19-16.53.11:323][559]LogBlueprintUserMessages: Early EndPlayMap Detection: Level '/Game/UnknownLegacy/Levels/BaseLevel/BaseLevel.BaseLevel:PersistentLevel' has LevelScriptBlueprint '/Game/UnknownLegacy/Levels/BaseLevel/BaseLevel.BaseLevel:PersistentLevel.BaseLevel' with GeneratedClass '/Game/UnknownLegacy/Levels/BaseLevel/BaseLevel.BaseLevel_C' with ClassGeneratedBy '/Game/UnknownLegacy/Levels/BaseLevel/BaseLevel.BaseLevel:PersistentLevel.BaseLevel'
[2018.04.19-16.53.11:391][559]LogBlueprintUserMessages: Late EndPlayMap Detection: Level '/Game/UnknownLegacy/Levels/BaseLevel/BaseLevel.BaseLevel:PersistentLevel' has LevelScriptBlueprint '/Game/UnknownLegacy/Levels/BaseLevel/BaseLevel.BaseLevel:PersistentLevel.BaseLevel' with GeneratedClass '/Game/UnknownLegacy/Levels/BaseLevel/BaseLevel.BaseLevel_C' with ClassGeneratedBy '/Game/UnknownLegacy/Levels/BaseLevel/BaseLevel.BaseLevel:PersistentLevel.BaseLevel'
[2018.04.19-16.59.05:148][ 23]LogFactory: FactoryCreateFile: StaticMesh with FbxFactory (0 0 ../../../../../../utilisateur/Maxence/blender files/Projets Unknown Legacy/TEST BASIC.fbx)
[2018.04.19-16.59.05:787][ 23]LogFbx: ItemName: GlobalSettings, ItemCount : 1
[2018.04.19-16.59.05:787][ 23]LogFbx: ItemName: Geometry, ItemCount : 2
[2018.04.19-16.59.05:787][ 23]LogFbx: ItemName: Model, ItemCount : 2
[2018.04.19-16.59.05:787][ 23]LogFbx: ItemName: Material, ItemCount : 1
[2018.04.19-16.59.05:798][ 23]LogFbx: Loading FBX Scene from ../../../../../../utilisateur/Maxence/blender files/Projets Unknown Legacy/TEST BASIC.fbx
[2018.04.19-16.59.07:035][ 23]LogFbx: FBX Scene Loaded Succesfully
[2018.04.19-16.59.12:854][ 23]LogFbx: Loading FBX Scene from ../../../../../../utilisateur/Maxence/blender files/Projets Unknown Legacy/TEST BASIC.fbx
[2018.04.19-16.59.13:777][ 23]LogFbx: FBX Scene Loaded Succesfully
[2018.04.19-16.59.13:917][ 23]LogFbx: Warning: Triangulating static mesh Plane
[2018.04.19-16.59.42:771][ 23]LogFbx: Warning: Triangulating mesh UCX_Plane for collision model
